
==== DECODER PARAMETERS ====
Moving model to cuda... Done.
{'model': {'class': <class 'src.gnn_models.GNN_7'>, 'num_node_features': 5, 'num_classes': 1, 'loss': BCEWithLogitsLoss(), 'initial_learning_rate': 0.0001, 'manual_seed': 12345}, 'graph': {'m_nearest_nodes': 6, 'num_node_features': 5, 'power': 2.0}, 'cuda': True, 'silent': False, 'save_path': '/hpc/scratch/giuseppe.trimigno/GNN_decoder/results/circuit_level_noise/d5', 'save_prefix': 'd5_d_t_9_rep', 'resumed_training_file_name': None}
Code size: 5

Repetitions: 9

Training error rate: [0.001, 0.002, 0.003, 0.004, 0.005]


Loading training history, weights and optimizer to resume training from /hpc/scratch/giuseppe.trimigno/GNN_decoder/results/circuit_level_noise/d5/d5_d_t_9_rep_epoch380.pt... Correctly loaded model trained for 380 epochs.

==== TRAINING ====
Will save final results to file after training.
Generating data with 4 CPU cores, then moving it to device cuda.
Starting training with 100 iteration(s).
Buffer has 5000000 samples, replacing 1250000 samples with each iteration.
Total number of unique samples in this run: 1.30e+08
Cumulative # of training samples from previous runs: 1.90e+09
Data correctly red. Elapsed time: 2330.1205892562866s
******************************
len(training_data)=5000000 ; len(validation_data)=50000
******************************
Changing learning rate from 0.0001 to 1e-05
Creating data...
Sampling ended in 67.14584016799927s. Conversion to Data object ended in 247.55054235458374s.
Iteration: 381	Loss: 0.0249	Acc: 0.9908	Validation Acc: 0.9903	Validation Loss: 0.0260	Cumulative # of training samples: 3.80e+09	. Saving model... Model successfully saved in d5_d_t_9_rep_epoch381. Total time for epoch: 720.4696147441864s.
Changing learning rate from 1e-05 to 1e-05
Creating data...
Sampling ended in 63.829750061035156s. Conversion to Data object ended in 243.52351093292236s.
Iteration: 382	Loss: 0.0248	Acc: 0.9908	Validation Acc: 0.9905	Validation Loss: 0.0259	Cumulative # of training samples: 3.81e+09	. Saving model... Model successfully saved in d5_d_t_9_rep_epoch382. Total time for epoch: 713.4360678195953s.
Changing learning rate from 1e-05 to 1e-05
Creating data...
Sampling ended in 60.14238905906677s. Conversion to Data object ended in 243.3777995109558s.
Iteration: 383	Loss: 0.0248	Acc: 0.9908	Validation Acc: 0.9906	Validation Loss: 0.0261	Cumulative # of training samples: 3.82e+09	. Saving model... Model successfully saved in d5_d_t_9_rep_epoch383. Total time for epoch: 718.34543800354s.
Changing learning rate from 1e-05 to 1e-05
Creating data...
Sampling ended in 56.74998211860657s. Conversion to Data object ended in 243.07248950004578s.
Iteration: 384	Loss: 0.0247	Acc: 0.9909	Validation Acc: 0.9903	Validation Loss: 0.0260	Cumulative # of training samples: 3.82e+09	. Saving model... Model successfully saved in d5_d_t_9_rep_epoch384. Total time for epoch: 734.5404706001282s.
Changing learning rate from 1e-05 to 1e-05
Creating data...
Sampling ended in 57.476850748062134s. Conversion to Data object ended in 244.9249165058136s.
Iteration: 385	Loss: 0.0248	Acc: 0.9908	Validation Acc: 0.9904	Validation Loss: 0.0260	Cumulative # of training samples: 3.82e+09	. Saving model... Model successfully saved in d5_d_t_9_rep_epoch385. Total time for epoch: 718.5114827156067s.
Changing learning rate from 1e-05 to 1e-05
Creating data...
Sampling ended in 56.95152688026428s. Conversion to Data object ended in 244.90332508087158s.
Iteration: 386	Loss: 0.0249	Acc: 0.9908	Validation Acc: 0.9903	Validation Loss: 0.0261	Cumulative # of training samples: 3.83e+09	. Saving model... Model successfully saved in d5_d_t_9_rep_epoch386. Total time for epoch: 739.1442608833313s.
Changing learning rate from 1e-05 to 1e-05
Creating data...
Sampling ended in 57.34502601623535s. Conversion to Data object ended in 244.62876319885254s.
Iteration: 387	Loss: 0.0250	Acc: 0.9908	Validation Acc: 0.9904	Validation Loss: 0.0260	Cumulative # of training samples: 3.84e+09	. Saving model... Model successfully saved in d5_d_t_9_rep_epoch387. Total time for epoch: 739.073162317276s.
Changing learning rate from 1e-05 to 1e-05
Creating data...
Sampling ended in 57.31356716156006s. Conversion to Data object ended in 242.9595251083374s.
Iteration: 388	Loss: 0.0250	Acc: 0.9907	Validation Acc: 0.9905	Validation Loss: 0.0259	Cumulative # of training samples: 3.84e+09	. Saving model... Model successfully saved in d5_d_t_9_rep_epoch388. Total time for epoch: 737.7389636039734s.
Changing learning rate from 1e-05 to 1e-05
Creating data...
Sampling ended in 57.80241942405701s. Conversion to Data object ended in 245.57242250442505s.
Iteration: 389	Loss: 0.0250	Acc: 0.9908	Validation Acc: 0.9904	Validation Loss: 0.0260	Cumulative # of training samples: 3.84e+09	. Saving model... Model successfully saved in d5_d_t_9_rep_epoch389. Total time for epoch: 719.0659596920013s.
Changing learning rate from 1e-05 to 1e-05
Creating data...
Sampling ended in 57.44202280044556s. Conversion to Data object ended in 243.64264917373657s.
Iteration: 390	Loss: 0.0250	Acc: 0.9908	Validation Acc: 0.9903	Validation Loss: 0.0259	Cumulative # of training samples: 3.85e+09	. Saving model... Model successfully saved in d5_d_t_9_rep_epoch390. Total time for epoch: 737.0285985469818s.
Changing learning rate from 1e-05 to 1e-05
Creating data...
Sampling ended in 57.19286823272705s. Conversion to Data object ended in 244.14318799972534s.
Iteration: 391	Loss: 0.0249	Acc: 0.9908	Validation Acc: 0.9905	Validation Loss: 0.0259	Cumulative # of training samples: 3.86e+09	. Saving model... Model successfully saved in d5_d_t_9_rep_epoch391. Total time for epoch: 737.1105830669403s.
Changing learning rate from 1e-05 to 1e-05
Creating data...
Sampling ended in 56.79497027397156s. Conversion to Data object ended in 243.86768054962158s.
Iteration: 392	Loss: 0.0249	Acc: 0.9908	Validation Acc: 0.9901	Validation Loss: 0.0259	Cumulative # of training samples: 3.86e+09	. Saving model... Model successfully saved in d5_d_t_9_rep_epoch392. Total time for epoch: 714.8740026950836s.
Changing learning rate from 1e-05 to 1e-05
Creating data...
Sampling ended in 57.21650958061218s. Conversion to Data object ended in 242.87006211280823s.
Iteration: 393	Loss: 0.0248	Acc: 0.9909	Validation Acc: 0.9901	Validation Loss: 0.0259	Cumulative # of training samples: 3.86e+09	. Saving model... Model successfully saved in d5_d_t_9_rep_epoch393. Total time for epoch: 717.0098478794098s.
Changing learning rate from 1e-05 to 1e-05
Creating data...
Sampling ended in 57.04684329032898s. Conversion to Data object ended in 244.55633735656738s.
Iteration: 394	Loss: 0.0247	Acc: 0.9909	Validation Acc: 0.9905	Validation Loss: 0.0258	Cumulative # of training samples: 3.87e+09	. Saving model... Model successfully saved in d5_d_t_9_rep_epoch394. Total time for epoch: 715.2493131160736s.
Changing learning rate from 1e-05 to 1e-05
Creating data...
Sampling ended in 57.024412870407104s. Conversion to Data object ended in 244.59012508392334s.
Iteration: 395	Loss: 0.0247	Acc: 0.9909	Validation Acc: 0.9905	Validation Loss: 0.0258	Cumulative # of training samples: 3.88e+09	. Saving model... Model successfully saved in d5_d_t_9_rep_epoch395. Total time for epoch: 716.7551231384277s.
Changing learning rate from 1e-05 to 1e-05
Creating data...
Sampling ended in 57.00337481498718s. Conversion to Data object ended in 246.8062083721161s.
Iteration: 396	Loss: 0.0247	Acc: 0.9909	Validation Acc: 0.9904	Validation Loss: 0.0259	Cumulative # of training samples: 3.88e+09	. Saving model... Model successfully saved in d5_d_t_9_rep_epoch396. Total time for epoch: 719.1438302993774s.
Changing learning rate from 1e-05 to 1e-05
Creating data...
Sampling ended in 57.43717384338379s. Conversion to Data object ended in 247.16911005973816s.
Iteration: 397	Loss: 0.0247	Acc: 0.9908	Validation Acc: 0.9906	Validation Loss: 0.0258	Cumulative # of training samples: 3.88e+09	. Saving model... Model successfully saved in d5_d_t_9_rep_epoch397. Total time for epoch: 717.9959120750427s.
Changing learning rate from 1e-05 to 1e-05
Creating data...
Sampling ended in 57.060638189315796s. Conversion to Data object ended in 243.75745487213135s.
Iteration: 398	Loss: 0.0247	Acc: 0.9908	Validation Acc: 0.9904	Validation Loss: 0.0258	Cumulative # of training samples: 3.89e+09	. Saving model... Model successfully saved in d5_d_t_9_rep_epoch398. Total time for epoch: 714.4730842113495s.
Changing learning rate from 1e-05 to 1e-05
Creating data...
Sampling ended in 56.99942684173584s. Conversion to Data object ended in 244.12064146995544s.
Iteration: 399	Loss: 0.0247	Acc: 0.9909	Validation Acc: 0.9905	Validation Loss: 0.0260	Cumulative # of training samples: 3.90e+09	. Saving model... Model successfully saved in d5_d_t_9_rep_epoch399. Total time for epoch: 717.3226521015167s.
Changing learning rate from 1e-05 to 1e-05
Creating data...
Sampling ended in 57.0925989151001s. Conversion to Data object ended in 243.36656522750854s.
Iteration: 400	Loss: 0.0248	Acc: 0.9908	Validation Acc: 0.9906	Validation Loss: 0.0258	Cumulative # of training samples: 3.90e+09	. Saving model... Model successfully saved in d5_d_t_9_rep_epoch400. Total time for epoch: 715.4985983371735s.
Changing learning rate from 1e-05 to 1e-05
Creating data...
Sampling ended in 57.11209583282471s. Conversion to Data object ended in 246.69651770591736s.
Iteration: 401	Loss: 0.0247	Acc: 0.9908	Validation Acc: 0.9905	Validation Loss: 0.0259	Cumulative # of training samples: 3.90e+09	. Saving model... Model successfully saved in d5_d_t_9_rep_epoch401. Total time for epoch: 717.7966537475586s.
Changing learning rate from 1e-05 to 1e-05
Creating data...
Sampling ended in 57.17627263069153s. Conversion to Data object ended in 248.78179121017456s.
Iteration: 402	Loss: 0.0248	Acc: 0.9908	Validation Acc: 0.9904	Validation Loss: 0.0256	Cumulative # of training samples: 3.91e+09	. Saving model... Model successfully saved in d5_d_t_9_rep_epoch402. Total time for epoch: 721.3758964538574s.
Changing learning rate from 1e-05 to 1e-05
Creating data...
Sampling ended in 57.17876434326172s. Conversion to Data object ended in 248.11153101921082s.
Iteration: 403	Loss: 0.0249	Acc: 0.9908	Validation Acc: 0.9906	Validation Loss: 0.0258	Cumulative # of training samples: 3.92e+09	. Saving model... Model successfully saved in d5_d_t_9_rep_epoch403. Total time for epoch: 719.7805705070496s.
Changing learning rate from 1e-05 to 1e-05
Creating data...
Sampling ended in 56.82263231277466s. Conversion to Data object ended in 242.75158286094666s.
Iteration: 404	Loss: 0.0248	Acc: 0.9908	Validation Acc: 0.9904	Validation Loss: 0.0257	Cumulative # of training samples: 3.92e+09	. Saving model... Model successfully saved in d5_d_t_9_rep_epoch404. Total time for epoch: 713.5391376018524s.
Changing learning rate from 1e-05 to 1e-05
Creating data...
Sampling ended in 57.29321002960205s. Conversion to Data object ended in 244.79227566719055s.
Iteration: 405	Loss: 0.0249	Acc: 0.9908	Validation Acc: 0.9904	Validation Loss: 0.0259	Cumulative # of training samples: 3.92e+09	. Saving model... Model successfully saved in d5_d_t_9_rep_epoch405. Total time for epoch: 716.7279307842255s.
Changing learning rate from 1e-05 to 1e-05
Creating data...
Sampling ended in 57.012582778930664s. Conversion to Data object ended in 242.59103059768677s.
Iteration: 406	Loss: 0.0249	Acc: 0.9908	Validation Acc: 0.9905	Validation Loss: 0.0259	Cumulative # of training samples: 3.93e+09	. Saving model... Model successfully saved in d5_d_t_9_rep_epoch406. Total time for epoch: 715.296205997467s.
Changing learning rate from 1e-05 to 1e-05
Creating data...
Sampling ended in 57.006969690322876s. Conversion to Data object ended in 242.28269839286804s.
Iteration: 407	Loss: 0.0249	Acc: 0.9908	Validation Acc: 0.9906	Validation Loss: 0.0260	Cumulative # of training samples: 3.94e+09	. Saving model... Model successfully saved in d5_d_t_9_rep_epoch407. Total time for epoch: 713.947212934494s.
Changing learning rate from 1e-05 to 1e-05
Creating data...
Sampling ended in 56.90927720069885s. Conversion to Data object ended in 246.91285967826843s.
Iteration: 408	Loss: 0.0249	Acc: 0.9908	Validation Acc: 0.9903	Validation Loss: 0.0263	Cumulative # of training samples: 3.94e+09	. Saving model... Model successfully saved in d5_d_t_9_rep_epoch408. Total time for epoch: 718.2471354007721s.
Changing learning rate from 1e-05 to 1e-05
Creating data...
Sampling ended in 57.25350642204285s. Conversion to Data object ended in 243.631933927536s.
Iteration: 409	Loss: 0.0249	Acc: 0.9908	Validation Acc: 0.9905	Validation Loss: 0.0260	Cumulative # of training samples: 3.94e+09	. Saving model... Model successfully saved in d5_d_t_9_rep_epoch409. Total time for epoch: 714.4473404884338s.
Changing learning rate from 1e-05 to 1e-05
Creating data...
Sampling ended in 57.16756558418274s. Conversion to Data object ended in 245.20261549949646s.
Iteration: 410	Loss: 0.0248	Acc: 0.9908	Validation Acc: 0.9905	Validation Loss: 0.0259	Cumulative # of training samples: 3.95e+09	. Saving model... Model successfully saved in d5_d_t_9_rep_epoch410. Total time for epoch: 717.1840486526489s.
Changing learning rate from 1e-05 to 1e-05
Creating data...
Sampling ended in 57.008551836013794s. Conversion to Data object ended in 251.61459517478943s.
Iteration: 411	Loss: 0.0248	Acc: 0.9909	Validation Acc: 0.9904	Validation Loss: 0.0259	Cumulative # of training samples: 3.96e+09	. Saving model... Model successfully saved in d5_d_t_9_rep_epoch411. Total time for epoch: 722.918833732605s.
Changing learning rate from 1e-05 to 1e-05
Creating data...
Sampling ended in 57.20419120788574s. Conversion to Data object ended in 243.89635801315308s.
Iteration: 412	Loss: 0.0247	Acc: 0.9909	Validation Acc: 0.9903	Validation Loss: 0.0259	Cumulative # of training samples: 3.96e+09	. Saving model... Model successfully saved in d5_d_t_9_rep_epoch412. Total time for epoch: 716.5321249961853s.
Changing learning rate from 1e-05 to 1e-05
Creating data...
Sampling ended in 57.639687061309814s. Conversion to Data object ended in 248.50038886070251s.
Iteration: 413	Loss: 0.0247	Acc: 0.9909	Validation Acc: 0.9904	Validation Loss: 0.0259	Cumulative # of training samples: 3.96e+09	. Saving model... Model successfully saved in d5_d_t_9_rep_epoch413. Total time for epoch: 719.9770247936249s.
Changing learning rate from 1e-05 to 1e-05
Creating data...
Sampling ended in 56.991485357284546s. Conversion to Data object ended in 244.17150592803955s.
Iteration: 414	Loss: 0.0247	Acc: 0.9909	Validation Acc: 0.9905	Validation Loss: 0.0257	Cumulative # of training samples: 3.97e+09	. Saving model... Model successfully saved in d5_d_t_9_rep_epoch414. Total time for epoch: 716.1869268417358s.
Changing learning rate from 1e-05 to 1e-05
Creating data...
Sampling ended in 57.166627407073975s. Conversion to Data object ended in 248.77347779273987s.
Iteration: 415	Loss: 0.0247	Acc: 0.9909	Validation Acc: 0.9904	Validation Loss: 0.0260	Cumulative # of training samples: 3.98e+09	. Saving model... Model successfully saved in d5_d_t_9_rep_epoch415. Total time for epoch: 720.5562419891357s.
Changing learning rate from 1e-05 to 1e-05
Creating data...
Sampling ended in 57.4564745426178s. Conversion to Data object ended in 245.91149425506592s.
Iteration: 416	Loss: 0.0247	Acc: 0.9909	Validation Acc: 0.9904	Validation Loss: 0.0259	Cumulative # of training samples: 3.98e+09	. Saving model... Model successfully saved in d5_d_t_9_rep_epoch416. Total time for epoch: 720.6368391513824s.
Changing learning rate from 1e-05 to 1e-05
Creating data...
Sampling ended in 57.33472204208374s. Conversion to Data object ended in 253.34155130386353s.
Iteration: 417	Loss: 0.0247	Acc: 0.9909	Validation Acc: 0.9906	Validation Loss: 0.0257	Cumulative # of training samples: 3.98e+09	. Saving model... Model successfully saved in d5_d_t_9_rep_epoch417. Total time for epoch: 729.0055196285248s.
Changing learning rate from 1e-05 to 1e-05
Creating data...
Sampling ended in 57.135642290115356s. Conversion to Data object ended in 243.63791847229004s.
Iteration: 418	Loss: 0.0248	Acc: 0.9909	Validation Acc: 0.9905	Validation Loss: 0.0257	Cumulative # of training samples: 3.99e+09	. Saving model... Model successfully saved in d5_d_t_9_rep_epoch418. Total time for epoch: 716.2517967224121s.
Changing learning rate from 1e-05 to 1e-05
Creating data...
Sampling ended in 57.085800886154175s. Conversion to Data object ended in 249.737158536911s.
Iteration: 419	Loss: 0.0248	Acc: 0.9909	Validation Acc: 0.9905	Validation Loss: 0.0257	Cumulative # of training samples: 4.00e+09	. Saving model... Model successfully saved in d5_d_t_9_rep_epoch419. Total time for epoch: 722.2874023914337s.
Changing learning rate from 1e-05 to 1e-05
Creating data...
Sampling ended in 57.04344892501831s. Conversion to Data object ended in 246.2298653125763s.
Iteration: 420	Loss: 0.0248	Acc: 0.9909	Validation Acc: 0.9905	Validation Loss: 0.0258	Cumulative # of training samples: 4.00e+09	. Saving model... Model successfully saved in d5_d_t_9_rep_epoch420. Total time for epoch: 716.2270338535309s.
Changing learning rate from 1e-05 to 1e-05
Creating data...
Sampling ended in 57.52687430381775s. Conversion to Data object ended in 244.50316715240479s.
Iteration: 421	Loss: 0.0248	Acc: 0.9908	Validation Acc: 0.9905	Validation Loss: 0.0256	Cumulative # of training samples: 4.00e+09	. Saving model... Model successfully saved in d5_d_t_9_rep_epoch421. Total time for epoch: 716.2285454273224s.
Changing learning rate from 1e-05 to 1e-05
Creating data...
Sampling ended in 57.02590489387512s. Conversion to Data object ended in 242.8305003643036s.
Iteration: 422	Loss: 0.0247	Acc: 0.9909	Validation Acc: 0.9906	Validation Loss: 0.0257	Cumulative # of training samples: 4.01e+09	. Saving model... Model successfully saved in d5_d_t_9_rep_epoch422. Total time for epoch: 715.0392379760742s.
Changing learning rate from 1e-05 to 1e-05
Creating data...
Sampling ended in 57.133883476257324s. Conversion to Data object ended in 243.6624617576599s.
Iteration: 423	Loss: 0.0247	Acc: 0.9909	Validation Acc: 0.9903	Validation Loss: 0.0259	Cumulative # of training samples: 4.02e+09	. Saving model... Model successfully saved in d5_d_t_9_rep_epoch423. Total time for epoch: 715.1371884346008s.
Changing learning rate from 1e-05 to 1e-05
Creating data...
Sampling ended in 56.83240342140198s. Conversion to Data object ended in 242.57638311386108s.
Iteration: 424	Loss: 0.0247	Acc: 0.9909	Validation Acc: 0.9904	Validation Loss: 0.0258	Cumulative # of training samples: 4.02e+09	. Saving model... Model successfully saved in d5_d_t_9_rep_epoch424. Total time for epoch: 713.6493167877197s.
Changing learning rate from 1e-05 to 1e-05
Creating data...
Sampling ended in 57.39702558517456s. Conversion to Data object ended in 242.37490963935852s.
Iteration: 425	Loss: 0.0247	Acc: 0.9909	Validation Acc: 0.9903	Validation Loss: 0.0259	Cumulative # of training samples: 4.02e+09	. Saving model... Model successfully saved in d5_d_t_9_rep_epoch425. Total time for epoch: 712.9860768318176s.
Changing learning rate from 1e-05 to 1e-05
Creating data...
Sampling ended in 56.96672987937927s. Conversion to Data object ended in 242.64225721359253s.
Iteration: 426	Loss: 0.0246	Acc: 0.9909	Validation Acc: 0.9905	Validation Loss: 0.0257	Cumulative # of training samples: 4.03e+09	. Saving model... Model successfully saved in d5_d_t_9_rep_epoch426. Total time for epoch: 713.923312664032s.
Changing learning rate from 1e-05 to 1e-05
Creating data...
Sampling ended in 57.06432318687439s. Conversion to Data object ended in 243.6723175048828s.
Iteration: 427	Loss: 0.0248	Acc: 0.9909	Validation Acc: 0.9907	Validation Loss: 0.0257	Cumulative # of training samples: 4.04e+09	. Saving model... Model successfully saved in d5_d_t_9_rep_epoch427. Total time for epoch: 714.4218065738678s.
Changing learning rate from 1e-05 to 1e-05
Creating data...
Sampling ended in 56.91744518280029s. Conversion to Data object ended in 244.23692321777344s.
Iteration: 428	Loss: 0.0248	Acc: 0.9909	Validation Acc: 0.9907	Validation Loss: 0.0257	Cumulative # of training samples: 4.04e+09	. Saving model... Model successfully saved in d5_d_t_9_rep_epoch428. Total time for epoch: 715.3069236278534s.
Changing learning rate from 1e-05 to 1e-05
Creating data...
Sampling ended in 57.424763917922974s. Conversion to Data object ended in 243.22037529945374s.
Iteration: 429	Loss: 0.0249	Acc: 0.9908	Validation Acc: 0.9906	Validation Loss: 0.0256	Cumulative # of training samples: 4.04e+09	. Saving model... Model successfully saved in d5_d_t_9_rep_epoch429. Total time for epoch: 713.3262712955475s.
Changing learning rate from 1e-05 to 1e-05
Creating data...
Sampling ended in 57.094459772109985s. Conversion to Data object ended in 243.2558250427246s.
Iteration: 430	Loss: 0.0249	Acc: 0.9908	Validation Acc: 0.9905	Validation Loss: 0.0258	Cumulative # of training samples: 4.05e+09	. Saving model... Model successfully saved in d5_d_t_9_rep_epoch430. Total time for epoch: 715.1932110786438s.
Changing learning rate from 1e-05 to 1e-05
Creating data...
Sampling ended in 57.07144856452942s. Conversion to Data object ended in 243.92207169532776s.
Iteration: 431	Loss: 0.0249	Acc: 0.9908	Validation Acc: 0.9903	Validation Loss: 0.0258	Cumulative # of training samples: 4.06e+09	. Saving model... Model successfully saved in d5_d_t_9_rep_epoch431. Total time for epoch: 714.0804853439331s.
Changing learning rate from 1e-05 to 1e-05
Creating data...
Sampling ended in 56.961718797683716s. Conversion to Data object ended in 241.38801074028015s.
Iteration: 432	Loss: 0.0248	Acc: 0.9908	Validation Acc: 0.9904	Validation Loss: 0.0259	Cumulative # of training samples: 4.06e+09	. Saving model... Model successfully saved in d5_d_t_9_rep_epoch432. Total time for epoch: 713.0198788642883s.
Changing learning rate from 1e-05 to 1e-05
Creating data...
Sampling ended in 57.31686305999756s. Conversion to Data object ended in 245.11872124671936s.
Iteration: 433	Loss: 0.0248	Acc: 0.9908	Validation Acc: 0.9904	Validation Loss: 0.0258	Cumulative # of training samples: 4.06e+09	. Saving model... Model successfully saved in d5_d_t_9_rep_epoch433. Total time for epoch: 714.9440968036652s.
Changing learning rate from 1e-05 to 1e-05
Creating data...
Sampling ended in 57.0121865272522s. Conversion to Data object ended in 243.11100506782532s.
Iteration: 434	Loss: 0.0250	Acc: 0.9908	Validation Acc: 0.9906	Validation Loss: 0.0258	Cumulative # of training samples: 4.07e+09	. Saving model... Model successfully saved in d5_d_t_9_rep_epoch434. Total time for epoch: 715.0189139842987s.
Changing learning rate from 1e-05 to 1e-05
Creating data...
Sampling ended in 57.04996991157532s. Conversion to Data object ended in 246.86894249916077s.
Iteration: 435	Loss: 0.0248	Acc: 0.9908	Validation Acc: 0.9903	Validation Loss: 0.0258	Cumulative # of training samples: 4.08e+09	. Saving model... Model successfully saved in d5_d_t_9_rep_epoch435. Total time for epoch: 716.8321025371552s.
Changing learning rate from 1e-05 to 1e-05
Creating data...
Sampling ended in 56.925517559051514s. Conversion to Data object ended in 245.86217617988586s.
Iteration: 436	Loss: 0.0248	Acc: 0.9908	Validation Acc: 0.9906	Validation Loss: 0.0256	Cumulative # of training samples: 4.08e+09	. Saving model... Model successfully saved in d5_d_t_9_rep_epoch436. Total time for epoch: 717.6468873023987s.
Changing learning rate from 1e-05 to 1e-05
Creating data...
Sampling ended in 57.319077491760254s. Conversion to Data object ended in 243.57779598236084s.
Iteration: 437	Loss: 0.0248	Acc: 0.9908	Validation Acc: 0.9904	Validation Loss: 0.0257	Cumulative # of training samples: 4.08e+09	. Saving model... Model successfully saved in d5_d_t_9_rep_epoch437. Total time for epoch: 713.8188178539276s.
Changing learning rate from 1e-05 to 1e-05
Creating data...
Sampling ended in 56.995582818984985s. Conversion to Data object ended in 249.7749307155609s.
Iteration: 438	Loss: 0.0247	Acc: 0.9909	Validation Acc: 0.9906	Validation Loss: 0.0258	Cumulative # of training samples: 4.09e+09	. Saving model... Model successfully saved in d5_d_t_9_rep_epoch438. Total time for epoch: 721.8254735469818s.
Changing learning rate from 1e-05 to 1e-05
Creating data...
Sampling ended in 57.00726556777954s. Conversion to Data object ended in 244.24869227409363s.
Iteration: 439	Loss: 0.0247	Acc: 0.9909	Validation Acc: 0.9905	Validation Loss: 0.0257	Cumulative # of training samples: 4.10e+09	. Saving model... Model successfully saved in d5_d_t_9_rep_epoch439. Total time for epoch: 713.258437871933s.
Changing learning rate from 1e-05 to 1e-05
Creating data...
Sampling ended in 57.01633906364441s. Conversion to Data object ended in 243.87135577201843s.
Iteration: 440	Loss: 0.0247	Acc: 0.9909	Validation Acc: 0.9905	Validation Loss: 0.0256	Cumulative # of training samples: 4.10e+09	. Saving model... Model successfully saved in d5_d_t_9_rep_epoch440. Total time for epoch: 714.3496878147125s.
Changing learning rate from 1e-05 to 1e-05
Creating data...
Sampling ended in 57.234485387802124s. Conversion to Data object ended in 243.0519461631775s.
Iteration: 441	Loss: 0.0246	Acc: 0.9909	Validation Acc: 0.9905	Validation Loss: 0.0254	Cumulative # of training samples: 4.10e+09	. Saving model... Model successfully saved in d5_d_t_9_rep_epoch441. Total time for epoch: 714.1615180969238s.
Changing learning rate from 1e-05 to 1e-05
Creating data...
Sampling ended in 56.86323022842407s. Conversion to Data object ended in 244.19238686561584s.
Iteration: 442	Loss: 0.0249	Acc: 0.9909	Validation Acc: 0.9906	Validation Loss: 0.0256	Cumulative # of training samples: 4.11e+09	. Saving model... Model successfully saved in d5_d_t_9_rep_epoch442. Total time for epoch: 714.0919573307037s.
Changing learning rate from 1e-05 to 1e-05
Creating data...
Sampling ended in 57.20055055618286s. Conversion to Data object ended in 243.57758784294128s.
Iteration: 443	Loss: 0.0247	Acc: 0.9909	Validation Acc: 0.9904	Validation Loss: 0.0256	Cumulative # of training samples: 4.12e+09	. Saving model... Model successfully saved in d5_d_t_9_rep_epoch443. Total time for epoch: 713.9746558666229s.
Changing learning rate from 1e-05 to 1e-05
Creating data...
Sampling ended in 57.08971905708313s. Conversion to Data object ended in 247.1760025024414s.
Iteration: 444	Loss: 0.0247	Acc: 0.9909	Validation Acc: 0.9904	Validation Loss: 0.0257	Cumulative # of training samples: 4.12e+09	. Saving model... Model successfully saved in d5_d_t_9_rep_epoch444. Total time for epoch: 718.5610044002533s.
Changing learning rate from 1e-05 to 1e-05
Creating data...
Sampling ended in 57.23602628707886s. Conversion to Data object ended in 245.06063747406006s.
Iteration: 445	Loss: 0.0247	Acc: 0.9909	Validation Acc: 0.9904	Validation Loss: 0.0256	Cumulative # of training samples: 4.12e+09	. Saving model... Model successfully saved in d5_d_t_9_rep_epoch445. Total time for epoch: 715.3166744709015s.
Changing learning rate from 1e-05 to 1e-05
Creating data...
Sampling ended in 57.031047344207764s. Conversion to Data object ended in 243.39636421203613s.
Iteration: 446	Loss: 0.0245	Acc: 0.9910	Validation Acc: 0.9906	Validation Loss: 0.0256	Cumulative # of training samples: 4.13e+09	. Saving model... Model successfully saved in d5_d_t_9_rep_epoch446. Total time for epoch: 714.509560585022s.
Changing learning rate from 1e-05 to 1e-05
Creating data...
Sampling ended in 56.91862225532532s. Conversion to Data object ended in 243.75797033309937s.
Iteration: 447	Loss: 0.0246	Acc: 0.9909	Validation Acc: 0.9907	Validation Loss: 0.0255	Cumulative # of training samples: 4.14e+09	. Saving model... Model successfully saved in d5_d_t_9_rep_epoch447. Total time for epoch: 713.6839036941528s.
Changing learning rate from 1e-05 to 1e-05
Creating data...
Sampling ended in 57.078439474105835s. Conversion to Data object ended in 242.2296872138977s.
Iteration: 448	Loss: 0.0245	Acc: 0.9910	Validation Acc: 0.9908	Validation Loss: 0.0256	Cumulative # of training samples: 4.14e+09	. Saving model... Model successfully saved in d5_d_t_9_rep_epoch448. Total time for epoch: 711.7688267230988s.
Changing learning rate from 1e-05 to 1e-05
Creating data...
Sampling ended in 57.21377682685852s. Conversion to Data object ended in 242.18649864196777s.
Iteration: 449	Loss: 0.0246	Acc: 0.9909	Validation Acc: 0.9907	Validation Loss: 0.0256	Cumulative # of training samples: 4.14e+09	. Saving model... Model successfully saved in d5_d_t_9_rep_epoch449. Total time for epoch: 711.974467754364s.
Changing learning rate from 1e-05 to 1e-05
Creating data...
Sampling ended in 57.10478925704956s. Conversion to Data object ended in 243.80447220802307s.
Iteration: 450	Loss: 0.0246	Acc: 0.9910	Validation Acc: 0.9906	Validation Loss: 0.0257	Cumulative # of training samples: 4.15e+09	. Saving model... Model successfully saved in d5_d_t_9_rep_epoch450. Total time for epoch: 714.9647982120514s.
Changing learning rate from 1e-05 to 1e-05
Creating data...
Sampling ended in 57.11967158317566s. Conversion to Data object ended in 252.1835491657257s.
Iteration: 451	Loss: 0.0245	Acc: 0.9910	Validation Acc: 0.9906	Validation Loss: 0.0256	Cumulative # of training samples: 4.16e+09	. Saving model... Model successfully saved in d5_d_t_9_rep_epoch451. Total time for epoch: 721.9989655017853s.
Changing learning rate from 1e-05 to 1e-05
Creating data...
Sampling ended in 57.42120933532715s. Conversion to Data object ended in 242.9327268600464s.
Iteration: 452	Loss: 0.0246	Acc: 0.9909	Validation Acc: 0.9903	Validation Loss: 0.0258	Cumulative # of training samples: 4.16e+09	. Saving model... Model successfully saved in d5_d_t_9_rep_epoch452. Total time for epoch: 715.3667931556702s.
Changing learning rate from 1e-05 to 1e-05
Creating data...
Sampling ended in 57.19654726982117s. Conversion to Data object ended in 244.3450949192047s.
Iteration: 453	Loss: 0.0245	Acc: 0.9910	Validation Acc: 0.9909	Validation Loss: 0.0258	Cumulative # of training samples: 4.16e+09	. Saving model... Model successfully saved in d5_d_t_9_rep_epoch453. Total time for epoch: 713.3654973506927s.
Changing learning rate from 1e-05 to 1e-05
Creating data...
Sampling ended in 57.1689453125s. Conversion to Data object ended in 243.9250292778015s.
Iteration: 454	Loss: 0.0244	Acc: 0.9910	Validation Acc: 0.9908	Validation Loss: 0.0259	Cumulative # of training samples: 4.17e+09	. Saving model... Model successfully saved in d5_d_t_9_rep_epoch454. Total time for epoch: 715.2978413105011s.
Changing learning rate from 1e-05 to 1e-05
Creating data...
Sampling ended in 57.082836627960205s. Conversion to Data object ended in 243.55066585540771s.
Iteration: 455	Loss: 0.0245	Acc: 0.9910	Validation Acc: 0.9907	Validation Loss: 0.0259	Cumulative # of training samples: 4.18e+09	. Saving model... Model successfully saved in d5_d_t_9_rep_epoch455. Total time for epoch: 714.0537366867065s.
Changing learning rate from 1e-05 to 1e-05
Creating data...
Sampling ended in 57.44957113265991s. Conversion to Data object ended in 243.86212754249573s.
Iteration: 456	Loss: 0.0245	Acc: 0.9910	Validation Acc: 0.9907	Validation Loss: 0.0258	Cumulative # of training samples: 4.18e+09	. Saving model... Model successfully saved in d5_d_t_9_rep_epoch456. Total time for epoch: 717.4187965393066s.
Changing learning rate from 1e-05 to 1e-05
Creating data...
Sampling ended in 57.24690651893616s. Conversion to Data object ended in 245.36442160606384s.
Iteration: 457	Loss: 0.0246	Acc: 0.9909	Validation Acc: 0.9907	Validation Loss: 0.0257	Cumulative # of training samples: 4.18e+09	. Saving model... Model successfully saved in d5_d_t_9_rep_epoch457. Total time for epoch: 714.7591331005096s.
Changing learning rate from 1e-05 to 1e-05
Creating data...
Sampling ended in 57.02048993110657s. Conversion to Data object ended in 246.92421317100525s.
Iteration: 458	Loss: 0.0246	Acc: 0.9909	Validation Acc: 0.9904	Validation Loss: 0.0259	Cumulative # of training samples: 4.19e+09	. Saving model... Model successfully saved in d5_d_t_9_rep_epoch458. Total time for epoch: 719.1946711540222s.
Changing learning rate from 1e-05 to 1e-05
Creating data...
Sampling ended in 57.14297556877136s. Conversion to Data object ended in 243.13565850257874s.
Iteration: 459	Loss: 0.0245	Acc: 0.9910	Validation Acc: 0.9907	Validation Loss: 0.0259	Cumulative # of training samples: 4.20e+09	. Saving model... Model successfully saved in d5_d_t_9_rep_epoch459. Total time for epoch: 713.0761480331421s.
Changing learning rate from 1e-05 to 1e-05
Creating data...
Sampling ended in 56.97236251831055s. Conversion to Data object ended in 243.23675680160522s.
Iteration: 460	Loss: 0.0245	Acc: 0.9910	Validation Acc: 0.9905	Validation Loss: 0.0258	Cumulative # of training samples: 4.20e+09	. Saving model... Model successfully saved in d5_d_t_9_rep_epoch460. Total time for epoch: 715.505752325058s.
Changing learning rate from 1e-05 to 1e-05
Creating data...
Sampling ended in 57.34335398674011s. Conversion to Data object ended in 244.61110091209412s.
Iteration: 461	Loss: 0.0244	Acc: 0.9910	Validation Acc: 0.9905	Validation Loss: 0.0259	Cumulative # of training samples: 4.20e+09	. Saving model... Model successfully saved in d5_d_t_9_rep_epoch461. Total time for epoch: 714.747629404068s.
Changing learning rate from 1e-05 to 1e-05
Creating data...
Sampling ended in 56.98540925979614s. Conversion to Data object ended in 243.09842157363892s.
Iteration: 462	Loss: 0.0244	Acc: 0.9910	Validation Acc: 0.9904	Validation Loss: 0.0257	Cumulative # of training samples: 4.21e+09	. Saving model... Model successfully saved in d5_d_t_9_rep_epoch462. Total time for epoch: 714.8338220119476s.
Changing learning rate from 1e-05 to 1e-05
Creating data...
Sampling ended in 57.16072964668274s. Conversion to Data object ended in 243.0809724330902s.
Iteration: 463	Loss: 0.0245	Acc: 0.9910	Validation Acc: 0.9905	Validation Loss: 0.0257	Cumulative # of training samples: 4.22e+09	. Saving model... Model successfully saved in d5_d_t_9_rep_epoch463. Total time for epoch: 713.0100562572479s.
Changing learning rate from 1e-05 to 1e-05
Creating data...
Sampling ended in 57.024566650390625s. Conversion to Data object ended in 245.91908717155457s.
Iteration: 464	Loss: 0.0246	Acc: 0.9909	Validation Acc: 0.9903	Validation Loss: 0.0259	Cumulative # of training samples: 4.22e+09	. Saving model... Model successfully saved in d5_d_t_9_rep_epoch464. Total time for epoch: 718.0335505008698s.
Changing learning rate from 1e-05 to 1e-05
Creating data...
Sampling ended in 57.22432827949524s. Conversion to Data object ended in 249.10175037384033s.
Iteration: 465	Loss: 0.0246	Acc: 0.9909	Validation Acc: 0.9903	Validation Loss: 0.0259	Cumulative # of training samples: 4.22e+09	. Saving model... Model successfully saved in d5_d_t_9_rep_epoch465. Total time for epoch: 718.8549137115479s.
Changing learning rate from 1e-05 to 1e-05
Creating data...
Sampling ended in 57.044981479644775s. Conversion to Data object ended in 243.99903535842896s.
Iteration: 466	Loss: 0.0246	Acc: 0.9909	Validation Acc: 0.9905	Validation Loss: 0.0256	Cumulative # of training samples: 4.23e+09	. Saving model... Model successfully saved in d5_d_t_9_rep_epoch466. Total time for epoch: 715.9995093345642s.
Changing learning rate from 1e-05 to 1e-05
Creating data...
Sampling ended in 57.01720952987671s. Conversion to Data object ended in 242.9424970149994s.
Iteration: 467	Loss: 0.0245	Acc: 0.9909	Validation Acc: 0.9904	Validation Loss: 0.0257	Cumulative # of training samples: 4.24e+09	. Saving model... Model successfully saved in d5_d_t_9_rep_epoch467. Total time for epoch: 711.2157759666443s.
Changing learning rate from 1e-05 to 1e-05
Creating data...
Sampling ended in 57.110830545425415s. Conversion to Data object ended in 245.83837604522705s.
Iteration: 468	Loss: 0.0245	Acc: 0.9910	Validation Acc: 0.9906	Validation Loss: 0.0257	Cumulative # of training samples: 4.24e+09	. Saving model... Model successfully saved in d5_d_t_9_rep_epoch468. Total time for epoch: 716.8947637081146s.
Changing learning rate from 1e-05 to 1e-05
Creating data...
Sampling ended in 57.21121406555176s. Conversion to Data object ended in 244.61827754974365s.
Iteration: 469	Loss: 0.0245	Acc: 0.9910	Validation Acc: 0.9908	Validation Loss: 0.0255	Cumulative # of training samples: 4.24e+09	. Saving model... Model successfully saved in d5_d_t_9_rep_epoch469. Total time for epoch: 713.9709475040436s.
Changing learning rate from 1e-05 to 1e-05
Creating data...
Sampling ended in 57.155561685562134s. Conversion to Data object ended in 242.9132843017578s.
Iteration: 470	Loss: 0.0246	Acc: 0.9909	Validation Acc: 0.9908	Validation Loss: 0.0255	Cumulative # of training samples: 4.25e+09	. Saving model... Model successfully saved in d5_d_t_9_rep_epoch470. Total time for epoch: 714.4541437625885s.
Changing learning rate from 1e-05 to 1e-05
Creating data...
Sampling ended in 57.09616565704346s. Conversion to Data object ended in 244.5393295288086s.
Iteration: 471	Loss: 0.0245	Acc: 0.9910	Validation Acc: 0.9905	Validation Loss: 0.0256	Cumulative # of training samples: 4.26e+09	. Saving model... Model successfully saved in d5_d_t_9_rep_epoch471. Total time for epoch: 713.9052991867065s.
Changing learning rate from 1e-05 to 1e-05
Creating data...
Sampling ended in 57.198835611343384s. Conversion to Data object ended in 242.98323583602905s.
Iteration: 472	Loss: 0.0245	Acc: 0.9910	Validation Acc: 0.9904	Validation Loss: 0.0257	Cumulative # of training samples: 4.26e+09	. Saving model... Model successfully saved in d5_d_t_9_rep_epoch472. Total time for epoch: 714.7715280056s.
Changing learning rate from 1e-05 to 1e-05
Creating data...
Sampling ended in 57.392353534698486s. Conversion to Data object ended in 245.37007403373718s.
Iteration: 473	Loss: 0.0245	Acc: 0.9910	Validation Acc: 0.9907	Validation Loss: 0.0258	Cumulative # of training samples: 4.26e+09	. Saving model... Model successfully saved in d5_d_t_9_rep_epoch473. Total time for epoch: 715.5361888408661s.
Changing learning rate from 1e-05 to 1e-05
Creating data...
Sampling ended in 57.12114763259888s. Conversion to Data object ended in 242.98750686645508s.
Iteration: 474	Loss: 0.0245	Acc: 0.9910	Validation Acc: 0.9905	Validation Loss: 0.0255	Cumulative # of training samples: 4.27e+09	. Saving model... Model successfully saved in d5_d_t_9_rep_epoch474. Total time for epoch: 714.8861751556396s.
Changing learning rate from 1e-05 to 1e-05
Creating data...
Sampling ended in 57.06386160850525s. Conversion to Data object ended in 243.76372146606445s.
Iteration: 475	Loss: 0.0245	Acc: 0.9909	Validation Acc: 0.9905	Validation Loss: 0.0256	Cumulative # of training samples: 4.28e+09	. Saving model... Model successfully saved in d5_d_t_9_rep_epoch475. Total time for epoch: 713.6850078105927s.
Changing learning rate from 1e-05 to 1e-05
Creating data...
Sampling ended in 57.05767798423767s. Conversion to Data object ended in 243.27793645858765s.
Iteration: 476	Loss: 0.0245	Acc: 0.9910	Validation Acc: 0.9906	Validation Loss: 0.0256	Cumulative # of training samples: 4.28e+09	. Saving model... Model successfully saved in d5_d_t_9_rep_epoch476. Total time for epoch: 715.1870882511139s.
Changing learning rate from 1e-05 to 1e-05
Creating data...
Sampling ended in 57.19668388366699s. Conversion to Data object ended in 245.6757276058197s.
Iteration: 477	Loss: 0.0245	Acc: 0.9910	Validation Acc: 0.9908	Validation Loss: 0.0255	Cumulative # of training samples: 4.28e+09	. Saving model... Model successfully saved in d5_d_t_9_rep_epoch477. Total time for epoch: 714.9478371143341s.
Changing learning rate from 1e-05 to 1e-05
Creating data...
Sampling ended in 57.03401708602905s. Conversion to Data object ended in 243.8800449371338s.
Iteration: 478	Loss: 0.0246	Acc: 0.9910	Validation Acc: 0.9907	Validation Loss: 0.0255	Cumulative # of training samples: 4.29e+09	. Saving model... Model successfully saved in d5_d_t_9_rep_epoch478. Total time for epoch: 716.6947448253632s.
Changing learning rate from 1e-05 to 1e-05
Creating data...
Sampling ended in 56.97709798812866s. Conversion to Data object ended in 243.96450281143188s.
Iteration: 479	Loss: 0.0245	Acc: 0.9910	Validation Acc: 0.9905	Validation Loss: 0.0259	Cumulative # of training samples: 4.30e+09	. Saving model... Model successfully saved in d5_d_t_9_rep_epoch479. Total time for epoch: 714.9030041694641s.
Changing learning rate from 1e-05 to 1e-05
Creating data...
Sampling ended in 56.77990436553955s. Conversion to Data object ended in 243.66416001319885s.
Iteration: 480	Loss: 0.0245	Acc: 0.9910	Validation Acc: 0.9904	Validation Loss: 0.0256	Cumulative # of training samples: 4.30e+09	. Saving model... Model successfully saved in d5_d_t_9_rep_epoch480. Total time for epoch: 715.4090709686279s.
Completed all training iterations!
Saving final model, history and data to file.

==== BENCHMARKING ====
Training setup: 0.0030592510011047125
Sampling and Graphing: 34411.94151919475
Fitting: 39362.920592307346
	Sum: 73774.8651707531


=== Training completely ended. ===
