
==== DECODER PARAMETERS ====
Moving model to cuda... Done.
{'model': {'class': <class 'src.gnn_models.GNN_7'>, 'num_node_features': 5, 'num_classes': 1, 'loss': BCEWithLogitsLoss(), 'initial_learning_rate': 0.0001, 'manual_seed': 12345}, 'graph': {'m_nearest_nodes': 6, 'num_node_features': 5, 'power': 2.0}, 'cuda': True, 'silent': False, 'save_path': '/hpc/home/giuseppe.trimigno/GNN_decoder/results/circuit_level_noise/d5', 'save_prefix': 'd5_d_t_5_rep', 'resumed_training_file_name': None}
Code size: 5

Repetitions: 5

Training error rate: [0.001, 0.002, 0.003, 0.004, 0.005]


Loading training history, weights and optimizer to resume training from /hpc/home/giuseppe.trimigno/GNN_decoder/results/circuit_level_noise/d5/d5_d_t_5_rep_epoch200.pt... Correctly loaded model trained for 200 epochs.

==== TRAINING ====
Will save final results to file after training.
Generating data with 4 CPU cores, then moving it to device cuda.
Starting training with 100 iteration(s).
Buffer has 5000000 samples, replacing 1250000 samples with each iteration.
Total number of unique samples in this run: 1.30e+08
Cumulative # of training samples from previous runs: 1.00e+09
Data correctly red. Elapsed time: 1305.7138991355896s
******************************
len(training_data)=5000000 ; len(validation_data)=50000
******************************
Sampling ended in 52.81819796562195s. Conversion to Data object ended in 228.03287434577942s.
Iteration: 201	Loss: 0.0136	Acc: 0.9952	Validation Acc: 0.9952	Validation Loss: 0.0149	Cumulative # of training samples: 2.00e+09	. Saving model... Model successfully saved in d5_d_t_5_rep_epoch201. Total time for epoch: 674.2287273406982s.
Sampling ended in 50.93144488334656s. Conversion to Data object ended in 224.79073357582092s.
Iteration: 202	Loss: 0.0136	Acc: 0.9952	Validation Acc: 0.9950	Validation Loss: 0.0147	Cumulative # of training samples: 2.01e+09	. Saving model... Model successfully saved in d5_d_t_5_rep_epoch202. Total time for epoch: 659.4770629405975s.
Sampling ended in 47.04228615760803s. Conversion to Data object ended in 221.1462574005127s.
Iteration: 203	Loss: 0.0138	Acc: 0.9952	Validation Acc: 0.9950	Validation Loss: 0.0148	Cumulative # of training samples: 2.02e+09	. Saving model... Model successfully saved in d5_d_t_5_rep_epoch203. Total time for epoch: 660.7069780826569s.
Sampling ended in 43.441076040267944s. Conversion to Data object ended in 217.3810133934021s.
Iteration: 204	Loss: 0.0135	Acc: 0.9952	Validation Acc: 0.9948	Validation Loss: 0.0148	Cumulative # of training samples: 2.02e+09	. Saving model... Model successfully saved in d5_d_t_5_rep_epoch204. Total time for epoch: 665.9956216812134s.
Sampling ended in 45.02230453491211s. Conversion to Data object ended in 222.75311756134033s.
Iteration: 205	Loss: 0.0136	Acc: 0.9952	Validation Acc: 0.9949	Validation Loss: 0.0149	Cumulative # of training samples: 2.02e+09	. Saving model... Model successfully saved in d5_d_t_5_rep_epoch205. Total time for epoch: 670.0883066654205s.
Sampling ended in 42.45895314216614s. Conversion to Data object ended in 219.1180398464203s.
Iteration: 206	Loss: 0.0136	Acc: 0.9952	Validation Acc: 0.9951	Validation Loss: 0.0150	Cumulative # of training samples: 2.03e+09	. Saving model... Model successfully saved in d5_d_t_5_rep_epoch206. Total time for epoch: 659.8285531997681s.
Sampling ended in 40.25231146812439s. Conversion to Data object ended in 217.6366822719574s.
Iteration: 207	Loss: 0.0136	Acc: 0.9952	Validation Acc: 0.9949	Validation Loss: 0.0152	Cumulative # of training samples: 2.04e+09	. Saving model... Model successfully saved in d5_d_t_5_rep_epoch207. Total time for epoch: 660.4525136947632s.
Sampling ended in 39.53608179092407s. Conversion to Data object ended in 215.7116413116455s.
Iteration: 208	Loss: 0.0136	Acc: 0.9952	Validation Acc: 0.9951	Validation Loss: 0.0144	Cumulative # of training samples: 2.04e+09	. Saving model... Model successfully saved in d5_d_t_5_rep_epoch208. Total time for epoch: 651.9808566570282s.
Sampling ended in 39.45745015144348s. Conversion to Data object ended in 218.77895498275757s.
Iteration: 209	Loss: 0.0136	Acc: 0.9952	Validation Acc: 0.9952	Validation Loss: 0.0150	Cumulative # of training samples: 2.04e+09	. Saving model... Model successfully saved in d5_d_t_5_rep_epoch209. Total time for epoch: 650.9384684562683s.
Sampling ended in 38.91460061073303s. Conversion to Data object ended in 217.95598697662354s.
Iteration: 210	Loss: 0.0136	Acc: 0.9951	Validation Acc: 0.9949	Validation Loss: 0.0150	Cumulative # of training samples: 2.05e+09	. Saving model... Model successfully saved in d5_d_t_5_rep_epoch210. Total time for epoch: 646.1265437602997s.
Sampling ended in 38.00213122367859s. Conversion to Data object ended in 216.43351101875305s.
Iteration: 211	Loss: 0.0135	Acc: 0.9952	Validation Acc: 0.9950	Validation Loss: 0.0150	Cumulative # of training samples: 2.06e+09	. Saving model... Model successfully saved in d5_d_t_5_rep_epoch211. Total time for epoch: 640.1053230762482s.
Sampling ended in 37.825828075408936s. Conversion to Data object ended in 216.48232316970825s.
Iteration: 212	Loss: 0.0136	Acc: 0.9952	Validation Acc: 0.9946	Validation Loss: 0.0153	Cumulative # of training samples: 2.06e+09	. Saving model... Model successfully saved in d5_d_t_5_rep_epoch212. Total time for epoch: 637.8278665542603s.
Sampling ended in 38.3173303604126s. Conversion to Data object ended in 216.38901615142822s.
Iteration: 213	Loss: 0.0135	Acc: 0.9952	Validation Acc: 0.9949	Validation Loss: 0.0148	Cumulative # of training samples: 2.06e+09	. Saving model... Model successfully saved in d5_d_t_5_rep_epoch213. Total time for epoch: 638.9439051151276s.
Sampling ended in 38.26991415023804s. Conversion to Data object ended in 216.5643413066864s.
Iteration: 214	Loss: 0.0135	Acc: 0.9952	Validation Acc: 0.9951	Validation Loss: 0.0143	Cumulative # of training samples: 2.07e+09	. Saving model... Model successfully saved in d5_d_t_5_rep_epoch214. Total time for epoch: 637.7047157287598s.
Sampling ended in 37.869901180267334s. Conversion to Data object ended in 215.38629508018494s.
Iteration: 215	Loss: 0.0135	Acc: 0.9952	Validation Acc: 0.9948	Validation Loss: 0.0150	Cumulative # of training samples: 2.08e+09	. Saving model... Model successfully saved in d5_d_t_5_rep_epoch215. Total time for epoch: 634.5061106681824s.
Sampling ended in 37.643007040023804s. Conversion to Data object ended in 216.75602650642395s.
Iteration: 216	Loss: 0.0134	Acc: 0.9953	Validation Acc: 0.9948	Validation Loss: 0.0149	Cumulative # of training samples: 2.08e+09	. Saving model... Model successfully saved in d5_d_t_5_rep_epoch216. Total time for epoch: 637.7731895446777s.
Sampling ended in 37.86119198799133s. Conversion to Data object ended in 216.21554398536682s.
Iteration: 217	Loss: 0.0134	Acc: 0.9953	Validation Acc: 0.9951	Validation Loss: 0.0150	Cumulative # of training samples: 2.08e+09	. Saving model... Model successfully saved in d5_d_t_5_rep_epoch217. Total time for epoch: 631.3519468307495s.
Sampling ended in 37.83137321472168s. Conversion to Data object ended in 215.51098918914795s.
Iteration: 218	Loss: 0.0134	Acc: 0.9953	Validation Acc: 0.9948	Validation Loss: 0.0149	Cumulative # of training samples: 2.09e+09	. Saving model... Model successfully saved in d5_d_t_5_rep_epoch218. Total time for epoch: 634.1691133975983s.
Sampling ended in 37.607630014419556s. Conversion to Data object ended in 215.9988670349121s.
Iteration: 219	Loss: 0.0134	Acc: 0.9953	Validation Acc: 0.9947	Validation Loss: 0.0152	Cumulative # of training samples: 2.10e+09	. Saving model... Model successfully saved in d5_d_t_5_rep_epoch219. Total time for epoch: 634.7414224147797s.
Sampling ended in 37.46165680885315s. Conversion to Data object ended in 215.3936529159546s.
Iteration: 220	Loss: 0.0134	Acc: 0.9953	Validation Acc: 0.9951	Validation Loss: 0.0144	Cumulative # of training samples: 2.10e+09	. Saving model... Model successfully saved in d5_d_t_5_rep_epoch220. Total time for epoch: 633.532568693161s.
Sampling ended in 37.63469672203064s. Conversion to Data object ended in 215.26570081710815s.
Iteration: 221	Loss: 0.0135	Acc: 0.9952	Validation Acc: 0.9950	Validation Loss: 0.0143	Cumulative # of training samples: 2.10e+09	. Saving model... Model successfully saved in d5_d_t_5_rep_epoch221. Total time for epoch: 635.6336185932159s.
Sampling ended in 37.58849358558655s. Conversion to Data object ended in 214.76120018959045s.
Iteration: 222	Loss: 0.0135	Acc: 0.9952	Validation Acc: 0.9952	Validation Loss: 0.0146	Cumulative # of training samples: 2.11e+09	. Saving model... Model successfully saved in d5_d_t_5_rep_epoch222. Total time for epoch: 631.1796579360962s.
Sampling ended in 37.22618317604065s. Conversion to Data object ended in 214.01804041862488s.
Iteration: 223	Loss: 0.0134	Acc: 0.9953	Validation Acc: 0.9956	Validation Loss: 0.0141	Cumulative # of training samples: 2.12e+09	. Saving model... Model successfully saved in d5_d_t_5_rep_epoch223. Total time for epoch: 633.143946647644s.
Sampling ended in 37.32237482070923s. Conversion to Data object ended in 214.69393372535706s.
Iteration: 224	Loss: 0.0134	Acc: 0.9953	Validation Acc: 0.9951	Validation Loss: 0.0146	Cumulative # of training samples: 2.12e+09	. Saving model... Model successfully saved in d5_d_t_5_rep_epoch224. Total time for epoch: 633.7073993682861s.
Sampling ended in 37.367456674575806s. Conversion to Data object ended in 215.17276000976562s.
Iteration: 225	Loss: 0.0133	Acc: 0.9953	Validation Acc: 0.9948	Validation Loss: 0.0146	Cumulative # of training samples: 2.12e+09	. Saving model... Model successfully saved in d5_d_t_5_rep_epoch225. Total time for epoch: 628.7369277477264s.
Sampling ended in 37.43308448791504s. Conversion to Data object ended in 214.39015531539917s.
Iteration: 226	Loss: 0.0134	Acc: 0.9953	Validation Acc: 0.9950	Validation Loss: 0.0144	Cumulative # of training samples: 2.13e+09	. Saving model... Model successfully saved in d5_d_t_5_rep_epoch226. Total time for epoch: 630.6650876998901s.
Sampling ended in 37.327717781066895s. Conversion to Data object ended in 214.43140625953674s.
Iteration: 227	Loss: 0.0133	Acc: 0.9953	Validation Acc: 0.9947	Validation Loss: 0.0148	Cumulative # of training samples: 2.14e+09	. Saving model... Model successfully saved in d5_d_t_5_rep_epoch227. Total time for epoch: 626.295818567276s.
Sampling ended in 37.37161684036255s. Conversion to Data object ended in 215.09133052825928s.
Iteration: 228	Loss: 0.0133	Acc: 0.9953	Validation Acc: 0.9950	Validation Loss: 0.0147	Cumulative # of training samples: 2.14e+09	. Saving model... Model successfully saved in d5_d_t_5_rep_epoch228. Total time for epoch: 628.1091730594635s.
Sampling ended in 37.241137742996216s. Conversion to Data object ended in 214.62043261528015s.
Iteration: 229	Loss: 0.0133	Acc: 0.9953	Validation Acc: 0.9950	Validation Loss: 0.0150	Cumulative # of training samples: 2.14e+09	. Saving model... Model successfully saved in d5_d_t_5_rep_epoch229. Total time for epoch: 626.6872415542603s.
Sampling ended in 37.27052187919617s. Conversion to Data object ended in 214.24539852142334s.
Iteration: 230	Loss: 0.0133	Acc: 0.9953	Validation Acc: 0.9948	Validation Loss: 0.0147	Cumulative # of training samples: 2.15e+09	. Saving model... Model successfully saved in d5_d_t_5_rep_epoch230. Total time for epoch: 627.6478145122528s.
Sampling ended in 37.13131904602051s. Conversion to Data object ended in 213.55160927772522s.
Iteration: 231	Loss: 0.0137	Acc: 0.9952	Validation Acc: 0.9951	Validation Loss: 0.0148	Cumulative # of training samples: 2.16e+09	. Saving model... Model successfully saved in d5_d_t_5_rep_epoch231. Total time for epoch: 625.6874270439148s.
Sampling ended in 37.16065192222595s. Conversion to Data object ended in 212.46559810638428s.
Iteration: 232	Loss: 0.0133	Acc: 0.9953	Validation Acc: 0.9951	Validation Loss: 0.0148	Cumulative # of training samples: 2.16e+09	. Saving model... Model successfully saved in d5_d_t_5_rep_epoch232. Total time for epoch: 624.4443447589874s.
Sampling ended in 37.16940379142761s. Conversion to Data object ended in 213.8048939704895s.
Iteration: 233	Loss: 0.0133	Acc: 0.9953	Validation Acc: 0.9950	Validation Loss: 0.0147	Cumulative # of training samples: 2.16e+09	. Saving model... Model successfully saved in d5_d_t_5_rep_epoch233. Total time for epoch: 624.7265336513519s.
Sampling ended in 37.19070601463318s. Conversion to Data object ended in 213.79047656059265s.
Iteration: 234	Loss: 0.0133	Acc: 0.9953	Validation Acc: 0.9949	Validation Loss: 0.0151	Cumulative # of training samples: 2.17e+09	. Saving model... Model successfully saved in d5_d_t_5_rep_epoch234. Total time for epoch: 625.4489481449127s.
Sampling ended in 37.09042763710022s. Conversion to Data object ended in 213.26102089881897s.
Iteration: 235	Loss: 0.0133	Acc: 0.9953	Validation Acc: 0.9951	Validation Loss: 0.0153	Cumulative # of training samples: 2.18e+09	. Saving model... Model successfully saved in d5_d_t_5_rep_epoch235. Total time for epoch: 624.5739862918854s.
Sampling ended in 37.060025691986084s. Conversion to Data object ended in 213.43467020988464s.
Iteration: 236	Loss: 0.0132	Acc: 0.9953	Validation Acc: 0.9951	Validation Loss: 0.0143	Cumulative # of training samples: 2.18e+09	. Saving model... Model successfully saved in d5_d_t_5_rep_epoch236. Total time for epoch: 624.6407046318054s.
Sampling ended in 37.11698913574219s. Conversion to Data object ended in 213.41127228736877s.
Iteration: 237	Loss: 0.0132	Acc: 0.9953	Validation Acc: 0.9949	Validation Loss: 0.0148	Cumulative # of training samples: 2.18e+09	. Saving model... Model successfully saved in d5_d_t_5_rep_epoch237. Total time for epoch: 625.1011829376221s.
Sampling ended in 37.02918457984924s. Conversion to Data object ended in 214.31484699249268s.
Iteration: 238	Loss: 0.0133	Acc: 0.9953	Validation Acc: 0.9952	Validation Loss: 0.0147	Cumulative # of training samples: 2.19e+09	. Saving model... Model successfully saved in d5_d_t_5_rep_epoch238. Total time for epoch: 627.6400928497314s.
Sampling ended in 37.09137439727783s. Conversion to Data object ended in 213.87439250946045s.
Iteration: 239	Loss: 0.0133	Acc: 0.9953	Validation Acc: 0.9950	Validation Loss: 0.0145	Cumulative # of training samples: 2.20e+09	. Saving model... Model successfully saved in d5_d_t_5_rep_epoch239. Total time for epoch: 631.3668391704559s.
Sampling ended in 36.95400667190552s. Conversion to Data object ended in 213.31702828407288s.
Iteration: 240	Loss: 0.0131	Acc: 0.9954	Validation Acc: 0.9953	Validation Loss: 0.0142	Cumulative # of training samples: 2.20e+09	. Saving model... Model successfully saved in d5_d_t_5_rep_epoch240. Total time for epoch: 630.3201830387115s.
Sampling ended in 37.05509805679321s. Conversion to Data object ended in 213.71078419685364s.
Iteration: 241	Loss: 0.0132	Acc: 0.9953	Validation Acc: 0.9951	Validation Loss: 0.0146	Cumulative # of training samples: 2.20e+09	. Saving model... Model successfully saved in d5_d_t_5_rep_epoch241. Total time for epoch: 629.930773973465s.
Sampling ended in 37.10786199569702s. Conversion to Data object ended in 213.00330328941345s.
Iteration: 242	Loss: 0.0132	Acc: 0.9953	Validation Acc: 0.9947	Validation Loss: 0.0145	Cumulative # of training samples: 2.21e+09	. Saving model... Model successfully saved in d5_d_t_5_rep_epoch242. Total time for epoch: 629.9911553859711s.
Sampling ended in 36.95804691314697s. Conversion to Data object ended in 212.82958817481995s.
Iteration: 243	Loss: 0.0132	Acc: 0.9954	Validation Acc: 0.9950	Validation Loss: 0.0143	Cumulative # of training samples: 2.22e+09	. Saving model... Model successfully saved in d5_d_t_5_rep_epoch243. Total time for epoch: 625.8183555603027s.
Sampling ended in 36.85645842552185s. Conversion to Data object ended in 212.4511775970459s.
Iteration: 244	Loss: 0.0132	Acc: 0.9954	Validation Acc: 0.9949	Validation Loss: 0.0147	Cumulative # of training samples: 2.22e+09	. Saving model... Model successfully saved in d5_d_t_5_rep_epoch244. Total time for epoch: 623.0401134490967s.
Sampling ended in 36.97528076171875s. Conversion to Data object ended in 213.59974551200867s.
Iteration: 245	Loss: 0.0132	Acc: 0.9954	Validation Acc: 0.9950	Validation Loss: 0.0146	Cumulative # of training samples: 2.22e+09	. Saving model... Model successfully saved in d5_d_t_5_rep_epoch245. Total time for epoch: 626.5484023094177s.
Sampling ended in 37.13598108291626s. Conversion to Data object ended in 213.92721319198608s.
Iteration: 246	Loss: 0.0131	Acc: 0.9954	Validation Acc: 0.9948	Validation Loss: 0.0145	Cumulative # of training samples: 2.23e+09	. Saving model... Model successfully saved in d5_d_t_5_rep_epoch246. Total time for epoch: 627.4584882259369s.
Sampling ended in 37.20357346534729s. Conversion to Data object ended in 212.84982204437256s.
Iteration: 247	Loss: 0.0132	Acc: 0.9953	Validation Acc: 0.9949	Validation Loss: 0.0146	Cumulative # of training samples: 2.24e+09	. Saving model... Model successfully saved in d5_d_t_5_rep_epoch247. Total time for epoch: 630.3846297264099s.
Sampling ended in 36.971506118774414s. Conversion to Data object ended in 212.67994022369385s.
Iteration: 248	Loss: 0.0132	Acc: 0.9953	Validation Acc: 0.9949	Validation Loss: 0.0150	Cumulative # of training samples: 2.24e+09	. Saving model... Model successfully saved in d5_d_t_5_rep_epoch248. Total time for epoch: 631.5331313610077s.
Sampling ended in 37.035263776779175s. Conversion to Data object ended in 212.536114692688s.
Iteration: 249	Loss: 0.0131	Acc: 0.9954	Validation Acc: 0.9952	Validation Loss: 0.0142	Cumulative # of training samples: 2.24e+09	. Saving model... Model successfully saved in d5_d_t_5_rep_epoch249. Total time for epoch: 633.208233833313s.
Sampling ended in 37.09743785858154s. Conversion to Data object ended in 214.0200548171997s.
Iteration: 250	Loss: 0.0131	Acc: 0.9954	Validation Acc: 0.9951	Validation Loss: 0.0143	Cumulative # of training samples: 2.25e+09	. Saving model... Model successfully saved in d5_d_t_5_rep_epoch250. Total time for epoch: 633.5909912586212s.
Changing learning rate from 0.0001 to 1e-05
Sampling ended in 37.09357213973999s. Conversion to Data object ended in 212.97380590438843s.
Iteration: 251	Loss: 0.0121	Acc: 0.9958	Validation Acc: 0.9952	Validation Loss: 0.0137	Cumulative # of training samples: 2.26e+09	. Saving model... Model successfully saved in d5_d_t_5_rep_epoch251. Total time for epoch: 632.6677134037018s.
Changing learning rate from 1e-05 to 1e-05
Sampling ended in 36.972466707229614s. Conversion to Data object ended in 213.34268522262573s.
Iteration: 252	Loss: 0.0125	Acc: 0.9956	Validation Acc: 0.9953	Validation Loss: 0.0136	Cumulative # of training samples: 2.26e+09	. Saving model... Model successfully saved in d5_d_t_5_rep_epoch252. Total time for epoch: 632.665774345398s.
Changing learning rate from 1e-05 to 1e-05
Sampling ended in 37.011868715286255s. Conversion to Data object ended in 213.48798894882202s.
Iteration: 253	Loss: 0.0129	Acc: 0.9955	Validation Acc: 0.9953	Validation Loss: 0.0135	Cumulative # of training samples: 2.26e+09	. Saving model... Model successfully saved in d5_d_t_5_rep_epoch253. Total time for epoch: 631.8637437820435s.
Changing learning rate from 1e-05 to 1e-05
Sampling ended in 37.120934009552s. Conversion to Data object ended in 213.30286931991577s.
Iteration: 254	Loss: 0.0131	Acc: 0.9954	Validation Acc: 0.9953	Validation Loss: 0.0135	Cumulative # of training samples: 2.27e+09	. Saving model... Model successfully saved in d5_d_t_5_rep_epoch254. Total time for epoch: 634.0597202777863s.
Changing learning rate from 1e-05 to 1e-05
Sampling ended in 37.153857469558716s. Conversion to Data object ended in 212.79997873306274s.
Iteration: 255	Loss: 0.0131	Acc: 0.9954	Validation Acc: 0.9954	Validation Loss: 0.0134	Cumulative # of training samples: 2.28e+09	. Saving model... Model successfully saved in d5_d_t_5_rep_epoch255. Total time for epoch: 631.7072370052338s.
Changing learning rate from 1e-05 to 1e-05
Sampling ended in 37.00327157974243s. Conversion to Data object ended in 213.80211544036865s.
Iteration: 256	Loss: 0.0130	Acc: 0.9954	Validation Acc: 0.9953	Validation Loss: 0.0134	Cumulative # of training samples: 2.28e+09	. Saving model... Model successfully saved in d5_d_t_5_rep_epoch256. Total time for epoch: 635.101743221283s.
Changing learning rate from 1e-05 to 1e-05
Sampling ended in 37.07706928253174s. Conversion to Data object ended in 211.90799689292908s.
Iteration: 257	Loss: 0.0130	Acc: 0.9955	Validation Acc: 0.9953	Validation Loss: 0.0133	Cumulative # of training samples: 2.28e+09	. Saving model... Model successfully saved in d5_d_t_5_rep_epoch257. Total time for epoch: 633.4495470523834s.
Changing learning rate from 1e-05 to 1e-05
Sampling ended in 37.0410852432251s. Conversion to Data object ended in 213.04528975486755s.
Iteration: 258	Loss: 0.0129	Acc: 0.9955	Validation Acc: 0.9955	Validation Loss: 0.0134	Cumulative # of training samples: 2.29e+09	. Saving model... Model successfully saved in d5_d_t_5_rep_epoch258. Total time for epoch: 632.669538974762s.
Changing learning rate from 1e-05 to 1e-05
Sampling ended in 37.1210503578186s. Conversion to Data object ended in 212.5756597518921s.
Iteration: 259	Loss: 0.0129	Acc: 0.9955	Validation Acc: 0.9956	Validation Loss: 0.0134	Cumulative # of training samples: 2.30e+09	. Saving model... Model successfully saved in d5_d_t_5_rep_epoch259. Total time for epoch: 630.2732965946198s.
Changing learning rate from 1e-05 to 1e-05
Sampling ended in 36.91252374649048s. Conversion to Data object ended in 211.77212834358215s.
Iteration: 260	Loss: 0.0128	Acc: 0.9955	Validation Acc: 0.9956	Validation Loss: 0.0134	Cumulative # of training samples: 2.30e+09	. Saving model... Model successfully saved in d5_d_t_5_rep_epoch260. Total time for epoch: 627.1980283260345s.
Changing learning rate from 1e-05 to 1e-05
Sampling ended in 36.988882303237915s. Conversion to Data object ended in 213.45152831077576s.
Iteration: 261	Loss: 0.0129	Acc: 0.9955	Validation Acc: 0.9954	Validation Loss: 0.0134	Cumulative # of training samples: 2.30e+09	. Saving model... Model successfully saved in d5_d_t_5_rep_epoch261. Total time for epoch: 633.4677069187164s.
Changing learning rate from 1e-05 to 1e-05
Sampling ended in 37.00088882446289s. Conversion to Data object ended in 212.2778685092926s.
Iteration: 262	Loss: 0.0128	Acc: 0.9955	Validation Acc: 0.9955	Validation Loss: 0.0134	Cumulative # of training samples: 2.31e+09	. Saving model... Model successfully saved in d5_d_t_5_rep_epoch262. Total time for epoch: 629.6908288002014s.
Changing learning rate from 1e-05 to 1e-05
Sampling ended in 36.95123362541199s. Conversion to Data object ended in 212.42231798171997s.
Iteration: 263	Loss: 0.0127	Acc: 0.9955	Validation Acc: 0.9953	Validation Loss: 0.0135	Cumulative # of training samples: 2.32e+09	. Saving model... Model successfully saved in d5_d_t_5_rep_epoch263. Total time for epoch: 630.1587653160095s.
Changing learning rate from 1e-05 to 1e-05
Sampling ended in 37.023935079574585s. Conversion to Data object ended in 213.3734540939331s.
Iteration: 264	Loss: 0.0127	Acc: 0.9955	Validation Acc: 0.9954	Validation Loss: 0.0132	Cumulative # of training samples: 2.32e+09	. Saving model... Model successfully saved in d5_d_t_5_rep_epoch264. Total time for epoch: 632.4406380653381s.
Changing learning rate from 1e-05 to 1e-05
Sampling ended in 37.08464503288269s. Conversion to Data object ended in 213.53204798698425s.
Iteration: 265	Loss: 0.0127	Acc: 0.9955	Validation Acc: 0.9953	Validation Loss: 0.0135	Cumulative # of training samples: 2.32e+09	. Saving model... Model successfully saved in d5_d_t_5_rep_epoch265. Total time for epoch: 631.8345093727112s.
Changing learning rate from 1e-05 to 1e-05
Sampling ended in 37.01921987533569s. Conversion to Data object ended in 212.5420172214508s.
Iteration: 266	Loss: 0.0127	Acc: 0.9956	Validation Acc: 0.9954	Validation Loss: 0.0133	Cumulative # of training samples: 2.33e+09	. Saving model... Model successfully saved in d5_d_t_5_rep_epoch266. Total time for epoch: 631.2418978214264s.
Changing learning rate from 1e-05 to 1e-05
Sampling ended in 36.98155379295349s. Conversion to Data object ended in 213.3800904750824s.
Iteration: 267	Loss: 0.0127	Acc: 0.9956	Validation Acc: 0.9954	Validation Loss: 0.0133	Cumulative # of training samples: 2.34e+09	. Saving model... Model successfully saved in d5_d_t_5_rep_epoch267. Total time for epoch: 630.7066042423248s.
Changing learning rate from 1e-05 to 1e-05
Sampling ended in 36.99269676208496s. Conversion to Data object ended in 212.96461844444275s.
Iteration: 268	Loss: 0.0127	Acc: 0.9956	Validation Acc: 0.9953	Validation Loss: 0.0134	Cumulative # of training samples: 2.34e+09	. Saving model... Model successfully saved in d5_d_t_5_rep_epoch268. Total time for epoch: 632.3910756111145s.
Changing learning rate from 1e-05 to 1e-05
Sampling ended in 36.92825627326965s. Conversion to Data object ended in 212.14265298843384s.
Iteration: 269	Loss: 0.0126	Acc: 0.9956	Validation Acc: 0.9953	Validation Loss: 0.0133	Cumulative # of training samples: 2.34e+09	. Saving model... Model successfully saved in d5_d_t_5_rep_epoch269. Total time for epoch: 630.0924654006958s.
Changing learning rate from 1e-05 to 1e-05
Sampling ended in 37.02916145324707s. Conversion to Data object ended in 213.58351254463196s.
Iteration: 270	Loss: 0.0127	Acc: 0.9956	Validation Acc: 0.9954	Validation Loss: 0.0132	Cumulative # of training samples: 2.35e+09	. Saving model... Model successfully saved in d5_d_t_5_rep_epoch270. Total time for epoch: 630.5667488574982s.
Changing learning rate from 1e-05 to 1e-05
Sampling ended in 36.91120100021362s. Conversion to Data object ended in 213.1970453262329s.
Iteration: 271	Loss: 0.0127	Acc: 0.9956	Validation Acc: 0.9954	Validation Loss: 0.0133	Cumulative # of training samples: 2.36e+09	. Saving model... Model successfully saved in d5_d_t_5_rep_epoch271. Total time for epoch: 630.0909738540649s.
Changing learning rate from 1e-05 to 1e-05
Sampling ended in 36.90646719932556s. Conversion to Data object ended in 212.31872963905334s.
Iteration: 272	Loss: 0.0128	Acc: 0.9955	Validation Acc: 0.9953	Validation Loss: 0.0133	Cumulative # of training samples: 2.36e+09	. Saving model... Model successfully saved in d5_d_t_5_rep_epoch272. Total time for epoch: 629.8123195171356s.
Changing learning rate from 1e-05 to 1e-05
Sampling ended in 37.057761430740356s. Conversion to Data object ended in 213.56514477729797s.
Iteration: 273	Loss: 0.0128	Acc: 0.9955	Validation Acc: 0.9953	Validation Loss: 0.0132	Cumulative # of training samples: 2.36e+09	. Saving model... Model successfully saved in d5_d_t_5_rep_epoch273. Total time for epoch: 631.9824404716492s.
Changing learning rate from 1e-05 to 1e-05
Sampling ended in 36.916730642318726s. Conversion to Data object ended in 213.47082948684692s.
Iteration: 274	Loss: 0.0128	Acc: 0.9955	Validation Acc: 0.9953	Validation Loss: 0.0133	Cumulative # of training samples: 2.37e+09	. Saving model... Model successfully saved in d5_d_t_5_rep_epoch274. Total time for epoch: 631.9812572002411s.
Changing learning rate from 1e-05 to 1e-05
Sampling ended in 36.89081525802612s. Conversion to Data object ended in 213.26173663139343s.
Iteration: 275	Loss: 0.0128	Acc: 0.9955	Validation Acc: 0.9953	Validation Loss: 0.0132	Cumulative # of training samples: 2.38e+09	. Saving model... Model successfully saved in d5_d_t_5_rep_epoch275. Total time for epoch: 629.6598529815674s.
Changing learning rate from 1e-05 to 1e-05
Sampling ended in 36.959965229034424s. Conversion to Data object ended in 213.4321048259735s.
Iteration: 276	Loss: 0.0127	Acc: 0.9955	Validation Acc: 0.9953	Validation Loss: 0.0132	Cumulative # of training samples: 2.38e+09	. Saving model... Model successfully saved in d5_d_t_5_rep_epoch276. Total time for epoch: 630.8090896606445s.
Changing learning rate from 1e-05 to 1e-05
Sampling ended in 37.00114607810974s. Conversion to Data object ended in 212.46501541137695s.
Iteration: 277	Loss: 0.0127	Acc: 0.9955	Validation Acc: 0.9953	Validation Loss: 0.0133	Cumulative # of training samples: 2.38e+09	. Saving model... Model successfully saved in d5_d_t_5_rep_epoch277. Total time for epoch: 630.4568140506744s.
Changing learning rate from 1e-05 to 1e-05
Sampling ended in 37.01187562942505s. Conversion to Data object ended in 212.41348004341125s.
Iteration: 278	Loss: 0.0126	Acc: 0.9956	Validation Acc: 0.9952	Validation Loss: 0.0133	Cumulative # of training samples: 2.39e+09	. Saving model... Model successfully saved in d5_d_t_5_rep_epoch278. Total time for epoch: 632.9031805992126s.
Changing learning rate from 1e-05 to 1e-05
Sampling ended in 36.995012044906616s. Conversion to Data object ended in 212.670654296875s.
Iteration: 279	Loss: 0.0125	Acc: 0.9956	Validation Acc: 0.9953	Validation Loss: 0.0132	Cumulative # of training samples: 2.40e+09	. Saving model... Model successfully saved in d5_d_t_5_rep_epoch279. Total time for epoch: 629.3637731075287s.
Changing learning rate from 1e-05 to 1e-05
Sampling ended in 36.837162256240845s. Conversion to Data object ended in 213.14905047416687s.
Iteration: 280	Loss: 0.0125	Acc: 0.9956	Validation Acc: 0.9953	Validation Loss: 0.0132	Cumulative # of training samples: 2.40e+09	. Saving model... Model successfully saved in d5_d_t_5_rep_epoch280. Total time for epoch: 628.3654248714447s.
Changing learning rate from 1e-05 to 1e-05
Sampling ended in 36.88447880744934s. Conversion to Data object ended in 212.86954593658447s.
Iteration: 281	Loss: 0.0125	Acc: 0.9956	Validation Acc: 0.9952	Validation Loss: 0.0132	Cumulative # of training samples: 2.40e+09	. Saving model... Model successfully saved in d5_d_t_5_rep_epoch281. Total time for epoch: 631.4593796730042s.
Changing learning rate from 1e-05 to 1e-05
Sampling ended in 37.151474475860596s. Conversion to Data object ended in 212.9691960811615s.
Iteration: 282	Loss: 0.0126	Acc: 0.9956	Validation Acc: 0.9951	Validation Loss: 0.0133	Cumulative # of training samples: 2.41e+09	. Saving model... Model successfully saved in d5_d_t_5_rep_epoch282. Total time for epoch: 631.3334858417511s.
Changing learning rate from 1e-05 to 1e-05
Sampling ended in 36.96336245536804s. Conversion to Data object ended in 212.19652676582336s.
Iteration: 283	Loss: 0.0126	Acc: 0.9956	Validation Acc: 0.9952	Validation Loss: 0.0133	Cumulative # of training samples: 2.42e+09	. Saving model... Model successfully saved in d5_d_t_5_rep_epoch283. Total time for epoch: 629.9831335544586s.
Changing learning rate from 1e-05 to 1e-05
Sampling ended in 36.95651578903198s. Conversion to Data object ended in 211.83375597000122s.
Iteration: 284	Loss: 0.0126	Acc: 0.9956	Validation Acc: 0.9952	Validation Loss: 0.0132	Cumulative # of training samples: 2.42e+09	. Saving model... Model successfully saved in d5_d_t_5_rep_epoch284. Total time for epoch: 631.1781919002533s.
Changing learning rate from 1e-05 to 1e-05
Sampling ended in 36.92216682434082s. Conversion to Data object ended in 213.2400984764099s.
Iteration: 285	Loss: 0.0127	Acc: 0.9956	Validation Acc: 0.9954	Validation Loss: 0.0132	Cumulative # of training samples: 2.42e+09	. Saving model... Model successfully saved in d5_d_t_5_rep_epoch285. Total time for epoch: 632.8134832382202s.
Changing learning rate from 1e-05 to 1e-05
Sampling ended in 37.01923751831055s. Conversion to Data object ended in 211.99935364723206s.
Iteration: 286	Loss: 0.0126	Acc: 0.9956	Validation Acc: 0.9954	Validation Loss: 0.0132	Cumulative # of training samples: 2.43e+09	. Saving model... Model successfully saved in d5_d_t_5_rep_epoch286. Total time for epoch: 630.9989957809448s.
Changing learning rate from 1e-05 to 1e-05
Sampling ended in 36.97388195991516s. Conversion to Data object ended in 212.63740873336792s.
Iteration: 287	Loss: 0.0125	Acc: 0.9956	Validation Acc: 0.9955	Validation Loss: 0.0131	Cumulative # of training samples: 2.44e+09	. Saving model... Model successfully saved in d5_d_t_5_rep_epoch287. Total time for epoch: 631.265438079834s.
Changing learning rate from 1e-05 to 1e-05
Sampling ended in 36.84922432899475s. Conversion to Data object ended in 212.92290496826172s.
Iteration: 288	Loss: 0.0125	Acc: 0.9956	Validation Acc: 0.9954	Validation Loss: 0.0130	Cumulative # of training samples: 2.44e+09	. Saving model... Model successfully saved in d5_d_t_5_rep_epoch288. Total time for epoch: 633.9330360889435s.
Changing learning rate from 1e-05 to 1e-05
Sampling ended in 36.973321199417114s. Conversion to Data object ended in 212.70541977882385s.
Iteration: 289	Loss: 0.0124	Acc: 0.9956	Validation Acc: 0.9955	Validation Loss: 0.0131	Cumulative # of training samples: 2.44e+09	. Saving model... Model successfully saved in d5_d_t_5_rep_epoch289. Total time for epoch: 631.4257218837738s.
Changing learning rate from 1e-05 to 1e-05
Sampling ended in 36.96935248374939s. Conversion to Data object ended in 212.13731956481934s.
Iteration: 290	Loss: 0.0124	Acc: 0.9957	Validation Acc: 0.9954	Validation Loss: 0.0130	Cumulative # of training samples: 2.45e+09	. Saving model... Model successfully saved in d5_d_t_5_rep_epoch290. Total time for epoch: 630.9020526409149s.
Changing learning rate from 1e-05 to 1e-05
Sampling ended in 37.00738596916199s. Conversion to Data object ended in 212.66845202445984s.
Iteration: 291	Loss: 0.0125	Acc: 0.9957	Validation Acc: 0.9956	Validation Loss: 0.0130	Cumulative # of training samples: 2.46e+09	. Saving model... Model successfully saved in d5_d_t_5_rep_epoch291. Total time for epoch: 632.3984978199005s.
Changing learning rate from 1e-05 to 1e-05
Sampling ended in 36.952584743499756s. Conversion to Data object ended in 212.95224452018738s.
Iteration: 292	Loss: 0.0124	Acc: 0.9957	Validation Acc: 0.9954	Validation Loss: 0.0131	Cumulative # of training samples: 2.46e+09	. Saving model... Model successfully saved in d5_d_t_5_rep_epoch292. Total time for epoch: 631.2425312995911s.
Changing learning rate from 1e-05 to 1e-05
Sampling ended in 36.90120887756348s. Conversion to Data object ended in 212.44074749946594s.
Iteration: 293	Loss: 0.0124	Acc: 0.9957	Validation Acc: 0.9954	Validation Loss: 0.0131	Cumulative # of training samples: 2.46e+09	. Saving model... Model successfully saved in d5_d_t_5_rep_epoch293. Total time for epoch: 629.7510833740234s.
Changing learning rate from 1e-05 to 1e-05
Sampling ended in 36.93950080871582s. Conversion to Data object ended in 213.60214567184448s.
Iteration: 294	Loss: 0.0125	Acc: 0.9956	Validation Acc: 0.9955	Validation Loss: 0.0130	Cumulative # of training samples: 2.47e+09	. Saving model... Model successfully saved in d5_d_t_5_rep_epoch294. Total time for epoch: 633.5626299381256s.
Changing learning rate from 1e-05 to 1e-05
Sampling ended in 36.94461417198181s. Conversion to Data object ended in 212.96113777160645s.
Iteration: 295	Loss: 0.0125	Acc: 0.9956	Validation Acc: 0.9954	Validation Loss: 0.0130	Cumulative # of training samples: 2.48e+09	. Saving model... Model successfully saved in d5_d_t_5_rep_epoch295. Total time for epoch: 630.392041683197s.
Changing learning rate from 1e-05 to 1e-05
Sampling ended in 36.87265467643738s. Conversion to Data object ended in 213.3962938785553s.
Iteration: 296	Loss: 0.0126	Acc: 0.9956	Validation Acc: 0.9953	Validation Loss: 0.0130	Cumulative # of training samples: 2.48e+09	. Saving model... Model successfully saved in d5_d_t_5_rep_epoch296. Total time for epoch: 630.2606582641602s.
Changing learning rate from 1e-05 to 1e-05
Sampling ended in 36.93303298950195s. Conversion to Data object ended in 213.06678462028503s.
Iteration: 297	Loss: 0.0126	Acc: 0.9956	Validation Acc: 0.9954	Validation Loss: 0.0134	Cumulative # of training samples: 2.48e+09	. Saving model... Model successfully saved in d5_d_t_5_rep_epoch297. Total time for epoch: 631.1701228618622s.
Changing learning rate from 1e-05 to 1e-05
Sampling ended in 36.94889283180237s. Conversion to Data object ended in 213.27743268013s.
Iteration: 298	Loss: 0.0126	Acc: 0.9956	Validation Acc: 0.9952	Validation Loss: 0.0132	Cumulative # of training samples: 2.49e+09	. Saving model... Model successfully saved in d5_d_t_5_rep_epoch298. Total time for epoch: 633.4054062366486s.
Changing learning rate from 1e-05 to 1e-05
Sampling ended in 36.91484236717224s. Conversion to Data object ended in 212.46464776992798s.
Iteration: 299	Loss: 0.0125	Acc: 0.9956	Validation Acc: 0.9955	Validation Loss: 0.0130	Cumulative # of training samples: 2.50e+09	. Saving model... Model successfully saved in d5_d_t_5_rep_epoch299. Total time for epoch: 631.5553340911865s.
Changing learning rate from 1e-05 to 1e-05
Sampling ended in 36.88012170791626s. Conversion to Data object ended in 212.41788816452026s.
Iteration: 300	Loss: 0.0125	Acc: 0.9956	Validation Acc: 0.9954	Validation Loss: 0.0130	Cumulative # of training samples: 2.50e+09	. Saving model... Model successfully saved in d5_d_t_5_rep_epoch300. Total time for epoch: 627.3943467140198s.
Completed all training iterations!
Saving final model, history and data to file.

==== BENCHMARKING ====
Training setup: 0.0038393870927393436
Sampling and Graphing: 28389.624492999166
Fitting: 36009.609410919715
	Sum: 64399.237743305974


=== Training completely ended. ===
