
==== DECODER PARAMETERS ====
Moving model to cuda... Done.
{'model': {'class': <class 'src.gnn_models.GNN_7'>, 'num_node_features': 5, 'num_classes': 1, 'loss': BCEWithLogitsLoss(), 'initial_learning_rate': 0.0001, 'manual_seed': 12345}, 'graph': {'m_nearest_nodes': 6, 'num_node_features': 5, 'power': 2.0}, 'cuda': True, 'silent': False, 'save_path': '/hpc/home/giuseppe.trimigno/GNN_decoder/results/circuit_level_noise/d5', 'save_prefix': 'd5_d_t_7_rep', 'resumed_training_file_name': None}
Code size: 5

Repetitions: 7

Training error rate: [0.001, 0.002, 0.003, 0.004, 0.005]


Loading training history, weights and optimizer to resume training from /hpc/home/giuseppe.trimigno/GNN_decoder/results/circuit_level_noise/d5/d5_d_t_7_rep_epoch300.pt... Correctly loaded model trained for 300 epochs.

==== TRAINING ====
Will save final results to file after training.
Generating data with 4 CPU cores, then moving it to device cuda.
Starting training with 100 iteration(s).
Buffer has 5000000 samples, replacing 1250000 samples with each iteration.
Total number of unique samples in this run: 1.30e+08
Cumulative # of training samples from previous runs: 1.50e+09
Data correctly red. Elapsed time: 1706.746746301651s
******************************
len(training_data)=5000000 ; len(validation_data)=50000
******************************
Changing learning rate from 0.0001 to 1e-05
Sampling ended in 58.83294463157654s. Conversion to Data object ended in 246.01099276542664s.
Iteration: 301	Loss: 0.0176	Acc: 0.9937	Validation Acc: 0.9937	Validation Loss: 0.0183	Cumulative # of training samples: 3.00e+09	. Saving model... Model successfully saved in d5_d_t_7_rep_epoch301. Total time for epoch: 704.1198406219482s.
Changing learning rate from 1e-05 to 1e-05
Sampling ended in 54.8350145816803s. Conversion to Data object ended in 232.961327791214s.
Iteration: 302	Loss: 0.0176	Acc: 0.9937	Validation Acc: 0.9938	Validation Loss: 0.0183	Cumulative # of training samples: 3.01e+09	. Saving model... Model successfully saved in d5_d_t_7_rep_epoch302. Total time for epoch: 672.7352705001831s.
Changing learning rate from 1e-05 to 1e-05
Sampling ended in 51.08468437194824s. Conversion to Data object ended in 233.73283076286316s.
Iteration: 303	Loss: 0.0176	Acc: 0.9937	Validation Acc: 0.9937	Validation Loss: 0.0183	Cumulative # of training samples: 3.02e+09	. Saving model... Model successfully saved in d5_d_t_7_rep_epoch303. Total time for epoch: 673.4850721359253s.
Changing learning rate from 1e-05 to 1e-05
Sampling ended in 48.12086367607117s. Conversion to Data object ended in 230.6757574081421s.
Iteration: 304	Loss: 0.0176	Acc: 0.9937	Validation Acc: 0.9937	Validation Loss: 0.0183	Cumulative # of training samples: 3.02e+09	. Saving model... Model successfully saved in d5_d_t_7_rep_epoch304. Total time for epoch: 671.3686800003052s.
Changing learning rate from 1e-05 to 1e-05
Sampling ended in 48.532721757888794s. Conversion to Data object ended in 249.21473741531372s.
Iteration: 305	Loss: 0.0176	Acc: 0.9937	Validation Acc: 0.9937	Validation Loss: 0.0184	Cumulative # of training samples: 3.02e+09	. Saving model... Model successfully saved in d5_d_t_7_rep_epoch305. Total time for epoch: 694.279815196991s.
Changing learning rate from 1e-05 to 1e-05
Sampling ended in 48.64663600921631s. Conversion to Data object ended in 237.20043420791626s.
Iteration: 306	Loss: 0.0176	Acc: 0.9937	Validation Acc: 0.9937	Validation Loss: 0.0184	Cumulative # of training samples: 3.03e+09	. Saving model... Model successfully saved in d5_d_t_7_rep_epoch306. Total time for epoch: 681.0588722229004s.
Changing learning rate from 1e-05 to 1e-05
Sampling ended in 48.274707078933716s. Conversion to Data object ended in 230.8488028049469s.
Iteration: 307	Loss: 0.0176	Acc: 0.9937	Validation Acc: 0.9936	Validation Loss: 0.0184	Cumulative # of training samples: 3.04e+09	. Saving model... Model successfully saved in d5_d_t_7_rep_epoch307. Total time for epoch: 678.2419896125793s.
Changing learning rate from 1e-05 to 1e-05
Sampling ended in 48.515419483184814s. Conversion to Data object ended in 233.65004086494446s.
Iteration: 308	Loss: 0.0175	Acc: 0.9937	Validation Acc: 0.9937	Validation Loss: 0.0184	Cumulative # of training samples: 3.04e+09	. Saving model... Model successfully saved in d5_d_t_7_rep_epoch308. Total time for epoch: 677.6538805961609s.
Changing learning rate from 1e-05 to 1e-05
Sampling ended in 48.58697533607483s. Conversion to Data object ended in 232.41036295890808s.
Iteration: 309	Loss: 0.0176	Acc: 0.9937	Validation Acc: 0.9936	Validation Loss: 0.0183	Cumulative # of training samples: 3.04e+09	. Saving model... Model successfully saved in d5_d_t_7_rep_epoch309. Total time for epoch: 675.311972618103s.
Changing learning rate from 1e-05 to 1e-05
Sampling ended in 48.57715582847595s. Conversion to Data object ended in 233.52065682411194s.
Iteration: 310	Loss: 0.0177	Acc: 0.9937	Validation Acc: 0.9938	Validation Loss: 0.0183	Cumulative # of training samples: 3.05e+09	. Saving model... Model successfully saved in d5_d_t_7_rep_epoch310. Total time for epoch: 677.4344642162323s.
Changing learning rate from 1e-05 to 1e-05
Sampling ended in 48.61363744735718s. Conversion to Data object ended in 230.56503653526306s.
Iteration: 311	Loss: 0.0177	Acc: 0.9937	Validation Acc: 0.9936	Validation Loss: 0.0184	Cumulative # of training samples: 3.06e+09	. Saving model... Model successfully saved in d5_d_t_7_rep_epoch311. Total time for epoch: 675.7040114402771s.
Changing learning rate from 1e-05 to 1e-05
Sampling ended in 48.18512034416199s. Conversion to Data object ended in 231.81062197685242s.
Iteration: 312	Loss: 0.0178	Acc: 0.9936	Validation Acc: 0.9937	Validation Loss: 0.0183	Cumulative # of training samples: 3.06e+09	. Saving model... Model successfully saved in d5_d_t_7_rep_epoch312. Total time for epoch: 686.9850101470947s.
Changing learning rate from 1e-05 to 1e-05
Sampling ended in 48.8510582447052s. Conversion to Data object ended in 231.59185481071472s.
Iteration: 313	Loss: 0.0177	Acc: 0.9936	Validation Acc: 0.9936	Validation Loss: 0.0183	Cumulative # of training samples: 3.06e+09	. Saving model... Model successfully saved in d5_d_t_7_rep_epoch313. Total time for epoch: 675.6978318691254s.
Changing learning rate from 1e-05 to 1e-05
Sampling ended in 48.656578540802s. Conversion to Data object ended in 231.73671650886536s.
Iteration: 314	Loss: 0.0177	Acc: 0.9937	Validation Acc: 0.9937	Validation Loss: 0.0182	Cumulative # of training samples: 3.07e+09	. Saving model... Model successfully saved in d5_d_t_7_rep_epoch314. Total time for epoch: 680.0890502929688s.
Changing learning rate from 1e-05 to 1e-05
Sampling ended in 48.59524393081665s. Conversion to Data object ended in 233.74310684204102s.
Iteration: 315	Loss: 0.0177	Acc: 0.9937	Validation Acc: 0.9937	Validation Loss: 0.0182	Cumulative # of training samples: 3.08e+09	. Saving model... Model successfully saved in d5_d_t_7_rep_epoch315. Total time for epoch: 678.0865259170532s.
Changing learning rate from 1e-05 to 1e-05
Sampling ended in 48.72945976257324s. Conversion to Data object ended in 231.7159125804901s.
Iteration: 316	Loss: 0.0176	Acc: 0.9937	Validation Acc: 0.9937	Validation Loss: 0.0182	Cumulative # of training samples: 3.08e+09	. Saving model... Model successfully saved in d5_d_t_7_rep_epoch316. Total time for epoch: 675.1984353065491s.
Changing learning rate from 1e-05 to 1e-05
Sampling ended in 48.812464475631714s. Conversion to Data object ended in 232.73695063591003s.
Iteration: 317	Loss: 0.0177	Acc: 0.9937	Validation Acc: 0.9936	Validation Loss: 0.0184	Cumulative # of training samples: 3.08e+09	. Saving model... Model successfully saved in d5_d_t_7_rep_epoch317. Total time for epoch: 682.9864253997803s.
Changing learning rate from 1e-05 to 1e-05
Sampling ended in 48.469656229019165s. Conversion to Data object ended in 233.12200212478638s.
Iteration: 318	Loss: 0.0176	Acc: 0.9937	Validation Acc: 0.9938	Validation Loss: 0.0182	Cumulative # of training samples: 3.09e+09	. Saving model... Model successfully saved in d5_d_t_7_rep_epoch318. Total time for epoch: 677.8439033031464s.
Changing learning rate from 1e-05 to 1e-05
Sampling ended in 48.58983659744263s. Conversion to Data object ended in 233.3622386455536s.
Iteration: 319	Loss: 0.0175	Acc: 0.9937	Validation Acc: 0.9937	Validation Loss: 0.0183	Cumulative # of training samples: 3.10e+09	. Saving model... Model successfully saved in d5_d_t_7_rep_epoch319. Total time for epoch: 676.4866535663605s.
Changing learning rate from 1e-05 to 1e-05
Sampling ended in 48.332228660583496s. Conversion to Data object ended in 233.3719561100006s.
Iteration: 320	Loss: 0.0175	Acc: 0.9938	Validation Acc: 0.9936	Validation Loss: 0.0184	Cumulative # of training samples: 3.10e+09	. Saving model... Model successfully saved in d5_d_t_7_rep_epoch320. Total time for epoch: 676.5467340946198s.
Changing learning rate from 1e-05 to 1e-05
Sampling ended in 48.30313801765442s. Conversion to Data object ended in 233.2768042087555s.
Iteration: 321	Loss: 0.0175	Acc: 0.9938	Validation Acc: 0.9936	Validation Loss: 0.0183	Cumulative # of training samples: 3.10e+09	. Saving model... Model successfully saved in d5_d_t_7_rep_epoch321. Total time for epoch: 678.6621541976929s.
Changing learning rate from 1e-05 to 1e-05
Sampling ended in 48.6285285949707s. Conversion to Data object ended in 232.40873312950134s.
Iteration: 322	Loss: 0.0176	Acc: 0.9937	Validation Acc: 0.9936	Validation Loss: 0.0183	Cumulative # of training samples: 3.11e+09	. Saving model... Model successfully saved in d5_d_t_7_rep_epoch322. Total time for epoch: 676.3331048488617s.
Changing learning rate from 1e-05 to 1e-05
Sampling ended in 48.43553113937378s. Conversion to Data object ended in 232.1248939037323s.
Iteration: 323	Loss: 0.0178	Acc: 0.9937	Validation Acc: 0.9937	Validation Loss: 0.0184	Cumulative # of training samples: 3.12e+09	. Saving model... Model successfully saved in d5_d_t_7_rep_epoch323. Total time for epoch: 674.876268863678s.
Changing learning rate from 1e-05 to 1e-05
Sampling ended in 48.297367334365845s. Conversion to Data object ended in 230.3468222618103s.
Iteration: 324	Loss: 0.0177	Acc: 0.9937	Validation Acc: 0.9938	Validation Loss: 0.0183	Cumulative # of training samples: 3.12e+09	. Saving model... Model successfully saved in d5_d_t_7_rep_epoch324. Total time for epoch: 675.091240644455s.
Changing learning rate from 1e-05 to 1e-05
Sampling ended in 48.42758750915527s. Conversion to Data object ended in 232.7774362564087s.
Iteration: 325	Loss: 0.0177	Acc: 0.9937	Validation Acc: 0.9939	Validation Loss: 0.0183	Cumulative # of training samples: 3.12e+09	. Saving model... Model successfully saved in d5_d_t_7_rep_epoch325. Total time for epoch: 693.2465717792511s.
Changing learning rate from 1e-05 to 1e-05
Sampling ended in 48.806524991989136s. Conversion to Data object ended in 231.00262641906738s.
Iteration: 326	Loss: 0.0176	Acc: 0.9937	Validation Acc: 0.9937	Validation Loss: 0.0182	Cumulative # of training samples: 3.13e+09	. Saving model... Model successfully saved in d5_d_t_7_rep_epoch326. Total time for epoch: 676.9425504207611s.
Changing learning rate from 1e-05 to 1e-05
Sampling ended in 48.60239291191101s. Conversion to Data object ended in 232.00229406356812s.
Iteration: 327	Loss: 0.0175	Acc: 0.9938	Validation Acc: 0.9938	Validation Loss: 0.0183	Cumulative # of training samples: 3.14e+09	. Saving model... Model successfully saved in d5_d_t_7_rep_epoch327. Total time for epoch: 675.3749284744263s.
Changing learning rate from 1e-05 to 1e-05
Sampling ended in 48.29167675971985s. Conversion to Data object ended in 232.0671660900116s.
Iteration: 328	Loss: 0.0174	Acc: 0.9938	Validation Acc: 0.9937	Validation Loss: 0.0183	Cumulative # of training samples: 3.14e+09	. Saving model... Model successfully saved in d5_d_t_7_rep_epoch328. Total time for epoch: 677.1286659240723s.
Changing learning rate from 1e-05 to 1e-05
Sampling ended in 48.89459848403931s. Conversion to Data object ended in 232.9497368335724s.
Iteration: 329	Loss: 0.0174	Acc: 0.9938	Validation Acc: 0.9938	Validation Loss: 0.0182	Cumulative # of training samples: 3.14e+09	. Saving model... Model successfully saved in d5_d_t_7_rep_epoch329. Total time for epoch: 677.5058627128601s.
Changing learning rate from 1e-05 to 1e-05
Sampling ended in 48.42686724662781s. Conversion to Data object ended in 232.74598741531372s.
Iteration: 330	Loss: 0.0175	Acc: 0.9937	Validation Acc: 0.9937	Validation Loss: 0.0183	Cumulative # of training samples: 3.15e+09	. Saving model... Model successfully saved in d5_d_t_7_rep_epoch330. Total time for epoch: 676.6742866039276s.
Changing learning rate from 1e-05 to 1e-05
Sampling ended in 48.32168102264404s. Conversion to Data object ended in 231.73577046394348s.
Iteration: 331	Loss: 0.0175	Acc: 0.9937	Validation Acc: 0.9937	Validation Loss: 0.0182	Cumulative # of training samples: 3.16e+09	. Saving model... Model successfully saved in d5_d_t_7_rep_epoch331. Total time for epoch: 677.1290640830994s.
Changing learning rate from 1e-05 to 1e-05
Sampling ended in 48.641380071640015s. Conversion to Data object ended in 232.6827712059021s.
Iteration: 332	Loss: 0.0176	Acc: 0.9937	Validation Acc: 0.9936	Validation Loss: 0.0182	Cumulative # of training samples: 3.16e+09	. Saving model... Model successfully saved in d5_d_t_7_rep_epoch332. Total time for epoch: 676.271847486496s.
Changing learning rate from 1e-05 to 1e-05
Sampling ended in 48.3169903755188s. Conversion to Data object ended in 232.95909929275513s.
Iteration: 333	Loss: 0.0176	Acc: 0.9937	Validation Acc: 0.9936	Validation Loss: 0.0182	Cumulative # of training samples: 3.16e+09	. Saving model... Model successfully saved in d5_d_t_7_rep_epoch333. Total time for epoch: 677.813821554184s.
Changing learning rate from 1e-05 to 1e-05
Sampling ended in 48.570412158966064s. Conversion to Data object ended in 232.30302596092224s.
Iteration: 334	Loss: 0.0176	Acc: 0.9937	Validation Acc: 0.9935	Validation Loss: 0.0182	Cumulative # of training samples: 3.17e+09	. Saving model... Model successfully saved in d5_d_t_7_rep_epoch334. Total time for epoch: 692.3398294448853s.
Changing learning rate from 1e-05 to 1e-05
Sampling ended in 48.61417198181152s. Conversion to Data object ended in 231.52152514457703s.
Iteration: 335	Loss: 0.0176	Acc: 0.9937	Validation Acc: 0.9936	Validation Loss: 0.0182	Cumulative # of training samples: 3.18e+09	. Saving model... Model successfully saved in d5_d_t_7_rep_epoch335. Total time for epoch: 675.4916632175446s.
Changing learning rate from 1e-05 to 1e-05
Sampling ended in 48.244760513305664s. Conversion to Data object ended in 232.21839547157288s.
Iteration: 336	Loss: 0.0175	Acc: 0.9937	Validation Acc: 0.9936	Validation Loss: 0.0183	Cumulative # of training samples: 3.18e+09	. Saving model... Model successfully saved in d5_d_t_7_rep_epoch336. Total time for epoch: 693.0596513748169s.
Changing learning rate from 1e-05 to 1e-05
Sampling ended in 49.18652153015137s. Conversion to Data object ended in 232.74549078941345s.
Iteration: 337	Loss: 0.0175	Acc: 0.9937	Validation Acc: 0.9936	Validation Loss: 0.0182	Cumulative # of training samples: 3.18e+09	. Saving model... Model successfully saved in d5_d_t_7_rep_epoch337. Total time for epoch: 677.8714637756348s.
Changing learning rate from 1e-05 to 1e-05
Sampling ended in 48.93940758705139s. Conversion to Data object ended in 232.52569031715393s.
Iteration: 338	Loss: 0.0175	Acc: 0.9937	Validation Acc: 0.9935	Validation Loss: 0.0183	Cumulative # of training samples: 3.19e+09	. Saving model... Model successfully saved in d5_d_t_7_rep_epoch338. Total time for epoch: 675.5808889865875s.
Changing learning rate from 1e-05 to 1e-05
Sampling ended in 48.68661904335022s. Conversion to Data object ended in 232.81634712219238s.
Iteration: 339	Loss: 0.0175	Acc: 0.9937	Validation Acc: 0.9936	Validation Loss: 0.0181	Cumulative # of training samples: 3.20e+09	. Saving model... Model successfully saved in d5_d_t_7_rep_epoch339. Total time for epoch: 683.2755410671234s.
Changing learning rate from 1e-05 to 1e-05
Sampling ended in 48.83511781692505s. Conversion to Data object ended in 231.82509303092957s.
Iteration: 340	Loss: 0.0175	Acc: 0.9937	Validation Acc: 0.9936	Validation Loss: 0.0183	Cumulative # of training samples: 3.20e+09	. Saving model... Model successfully saved in d5_d_t_7_rep_epoch340. Total time for epoch: 676.8703379631042s.
Changing learning rate from 1e-05 to 1e-05
Sampling ended in 49.02091360092163s. Conversion to Data object ended in 235.27655220031738s.
Iteration: 341	Loss: 0.0175	Acc: 0.9938	Validation Acc: 0.9935	Validation Loss: 0.0182	Cumulative # of training samples: 3.20e+09	. Saving model... Model successfully saved in d5_d_t_7_rep_epoch341. Total time for epoch: 678.6180725097656s.
Changing learning rate from 1e-05 to 1e-05
Sampling ended in 48.32158041000366s. Conversion to Data object ended in 233.05134963989258s.
Iteration: 342	Loss: 0.0176	Acc: 0.9937	Validation Acc: 0.9936	Validation Loss: 0.0183	Cumulative # of training samples: 3.21e+09	. Saving model... Model successfully saved in d5_d_t_7_rep_epoch342. Total time for epoch: 678.0835485458374s.
Changing learning rate from 1e-05 to 1e-05
Sampling ended in 48.52309823036194s. Conversion to Data object ended in 232.66057205200195s.
Iteration: 343	Loss: 0.0176	Acc: 0.9937	Validation Acc: 0.9934	Validation Loss: 0.0183	Cumulative # of training samples: 3.22e+09	. Saving model... Model successfully saved in d5_d_t_7_rep_epoch343. Total time for epoch: 677.3538932800293s.
Changing learning rate from 1e-05 to 1e-05
Sampling ended in 48.23800706863403s. Conversion to Data object ended in 232.40918827056885s.
Iteration: 344	Loss: 0.0175	Acc: 0.9937	Validation Acc: 0.9935	Validation Loss: 0.0182	Cumulative # of training samples: 3.22e+09	. Saving model... Model successfully saved in d5_d_t_7_rep_epoch344. Total time for epoch: 690.045072555542s.
Changing learning rate from 1e-05 to 1e-05
Sampling ended in 48.61361622810364s. Conversion to Data object ended in 233.80264616012573s.
Iteration: 345	Loss: 0.0176	Acc: 0.9937	Validation Acc: 0.9935	Validation Loss: 0.0182	Cumulative # of training samples: 3.22e+09	. Saving model... Model successfully saved in d5_d_t_7_rep_epoch345. Total time for epoch: 678.799459695816s.
Changing learning rate from 1e-05 to 1e-05
Sampling ended in 48.449068546295166s. Conversion to Data object ended in 232.96993136405945s.
Iteration: 346	Loss: 0.0175	Acc: 0.9937	Validation Acc: 0.9935	Validation Loss: 0.0183	Cumulative # of training samples: 3.23e+09	. Saving model... Model successfully saved in d5_d_t_7_rep_epoch346. Total time for epoch: 676.2724394798279s.
Changing learning rate from 1e-05 to 1e-05
Sampling ended in 48.41095995903015s. Conversion to Data object ended in 232.18109893798828s.
Iteration: 347	Loss: 0.0174	Acc: 0.9938	Validation Acc: 0.9935	Validation Loss: 0.0182	Cumulative # of training samples: 3.24e+09	. Saving model... Model successfully saved in d5_d_t_7_rep_epoch347. Total time for epoch: 676.9108901023865s.
Changing learning rate from 1e-05 to 1e-05
Sampling ended in 48.31444764137268s. Conversion to Data object ended in 233.28105664253235s.
Iteration: 348	Loss: 0.0173	Acc: 0.9938	Validation Acc: 0.9936	Validation Loss: 0.0182	Cumulative # of training samples: 3.24e+09	. Saving model... Model successfully saved in d5_d_t_7_rep_epoch348. Total time for epoch: 677.2902960777283s.
Changing learning rate from 1e-05 to 1e-05
Sampling ended in 48.41668653488159s. Conversion to Data object ended in 233.23882174491882s.
Iteration: 349	Loss: 0.0174	Acc: 0.9938	Validation Acc: 0.9936	Validation Loss: 0.0183	Cumulative # of training samples: 3.24e+09	. Saving model... Model successfully saved in d5_d_t_7_rep_epoch349. Total time for epoch: 679.1868062019348s.
Changing learning rate from 1e-05 to 1e-05
Sampling ended in 48.40615224838257s. Conversion to Data object ended in 232.89937448501587s.
Iteration: 350	Loss: 0.0173	Acc: 0.9938	Validation Acc: 0.9936	Validation Loss: 0.0183	Cumulative # of training samples: 3.25e+09	. Saving model... Model successfully saved in d5_d_t_7_rep_epoch350. Total time for epoch: 677.256187915802s.
Changing learning rate from 1e-05 to 1e-05
Sampling ended in 48.27446794509888s. Conversion to Data object ended in 231.40443587303162s.
Iteration: 351	Loss: 0.0174	Acc: 0.9938	Validation Acc: 0.9937	Validation Loss: 0.0183	Cumulative # of training samples: 3.26e+09	. Saving model... Model successfully saved in d5_d_t_7_rep_epoch351. Total time for epoch: 676.3754444122314s.
Changing learning rate from 1e-05 to 1e-05
Sampling ended in 48.465678453445435s. Conversion to Data object ended in 231.88796973228455s.
Iteration: 352	Loss: 0.0175	Acc: 0.9937	Validation Acc: 0.9935	Validation Loss: 0.0182	Cumulative # of training samples: 3.26e+09	. Saving model... Model successfully saved in d5_d_t_7_rep_epoch352. Total time for epoch: 676.3468511104584s.
Changing learning rate from 1e-05 to 1e-05
Sampling ended in 48.466108560562134s. Conversion to Data object ended in 232.99307203292847s.
Iteration: 353	Loss: 0.0174	Acc: 0.9938	Validation Acc: 0.9936	Validation Loss: 0.0182	Cumulative # of training samples: 3.26e+09	. Saving model... Model successfully saved in d5_d_t_7_rep_epoch353. Total time for epoch: 677.2124037742615s.
Changing learning rate from 1e-05 to 1e-05
Sampling ended in 48.384526014328s. Conversion to Data object ended in 231.66053533554077s.
Iteration: 354	Loss: 0.0175	Acc: 0.9937	Validation Acc: 0.9937	Validation Loss: 0.0182	Cumulative # of training samples: 3.27e+09	. Saving model... Model successfully saved in d5_d_t_7_rep_epoch354. Total time for epoch: 676.7419502735138s.
Changing learning rate from 1e-05 to 1e-05
Sampling ended in 48.617677211761475s. Conversion to Data object ended in 232.41647362709045s.
Iteration: 355	Loss: 0.0174	Acc: 0.9938	Validation Acc: 0.9937	Validation Loss: 0.0183	Cumulative # of training samples: 3.28e+09	. Saving model... Model successfully saved in d5_d_t_7_rep_epoch355. Total time for epoch: 676.2414546012878s.
Changing learning rate from 1e-05 to 1e-05
Sampling ended in 48.288899183273315s. Conversion to Data object ended in 232.05752444267273s.
Iteration: 356	Loss: 0.0174	Acc: 0.9938	Validation Acc: 0.9937	Validation Loss: 0.0181	Cumulative # of training samples: 3.28e+09	. Saving model... Model successfully saved in d5_d_t_7_rep_epoch356. Total time for epoch: 677.0850653648376s.
Changing learning rate from 1e-05 to 1e-05
Sampling ended in 48.835413455963135s. Conversion to Data object ended in 231.84723734855652s.
Iteration: 357	Loss: 0.0174	Acc: 0.9938	Validation Acc: 0.9938	Validation Loss: 0.0181	Cumulative # of training samples: 3.28e+09	. Saving model... Model successfully saved in d5_d_t_7_rep_epoch357. Total time for epoch: 678.0264720916748s.
Changing learning rate from 1e-05 to 1e-05
Sampling ended in 48.43758034706116s. Conversion to Data object ended in 232.71219038963318s.
Iteration: 358	Loss: 0.0174	Acc: 0.9938	Validation Acc: 0.9937	Validation Loss: 0.0183	Cumulative # of training samples: 3.29e+09	. Saving model... Model successfully saved in d5_d_t_7_rep_epoch358. Total time for epoch: 676.4600117206573s.
Changing learning rate from 1e-05 to 1e-05
Sampling ended in 48.26771378517151s. Conversion to Data object ended in 232.02734899520874s.
Iteration: 359	Loss: 0.0174	Acc: 0.9938	Validation Acc: 0.9937	Validation Loss: 0.0182	Cumulative # of training samples: 3.30e+09	. Saving model... Model successfully saved in d5_d_t_7_rep_epoch359. Total time for epoch: 676.9711594581604s.
Changing learning rate from 1e-05 to 1e-05
Sampling ended in 48.502190351486206s. Conversion to Data object ended in 233.07700538635254s.
Iteration: 360	Loss: 0.0173	Acc: 0.9938	Validation Acc: 0.9937	Validation Loss: 0.0182	Cumulative # of training samples: 3.30e+09	. Saving model... Model successfully saved in d5_d_t_7_rep_epoch360. Total time for epoch: 703.5661096572876s.
Changing learning rate from 1e-05 to 1e-05
Sampling ended in 49.17071342468262s. Conversion to Data object ended in 233.02021741867065s.
Iteration: 361	Loss: 0.0174	Acc: 0.9938	Validation Acc: 0.9936	Validation Loss: 0.0181	Cumulative # of training samples: 3.30e+09	. Saving model... Model successfully saved in d5_d_t_7_rep_epoch361. Total time for epoch: 680.5165967941284s.
Changing learning rate from 1e-05 to 1e-05
Sampling ended in 48.90280532836914s. Conversion to Data object ended in 232.1598014831543s.
Iteration: 362	Loss: 0.0174	Acc: 0.9937	Validation Acc: 0.9936	Validation Loss: 0.0181	Cumulative # of training samples: 3.31e+09	. Saving model... Model successfully saved in d5_d_t_7_rep_epoch362. Total time for epoch: 675.9371824264526s.
Changing learning rate from 1e-05 to 1e-05
Sampling ended in 48.8513662815094s. Conversion to Data object ended in 231.92783331871033s.
Iteration: 363	Loss: 0.0175	Acc: 0.9938	Validation Acc: 0.9937	Validation Loss: 0.0182	Cumulative # of training samples: 3.32e+09	. Saving model... Model successfully saved in d5_d_t_7_rep_epoch363. Total time for epoch: 687.4904639720917s.
Changing learning rate from 1e-05 to 1e-05
Sampling ended in 48.675647258758545s. Conversion to Data object ended in 232.28290557861328s.
Iteration: 364	Loss: 0.0175	Acc: 0.9937	Validation Acc: 0.9938	Validation Loss: 0.0180	Cumulative # of training samples: 3.32e+09	. Saving model... Model successfully saved in d5_d_t_7_rep_epoch364. Total time for epoch: 676.4328165054321s.
Changing learning rate from 1e-05 to 1e-05
Sampling ended in 48.27619743347168s. Conversion to Data object ended in 233.87867140769958s.
Iteration: 365	Loss: 0.0174	Acc: 0.9938	Validation Acc: 0.9936	Validation Loss: 0.0180	Cumulative # of training samples: 3.32e+09	. Saving model... Model successfully saved in d5_d_t_7_rep_epoch365. Total time for epoch: 685.1876347064972s.
Changing learning rate from 1e-05 to 1e-05
Sampling ended in 48.5500922203064s. Conversion to Data object ended in 232.3403058052063s.
Iteration: 366	Loss: 0.0174	Acc: 0.9938	Validation Acc: 0.9936	Validation Loss: 0.0181	Cumulative # of training samples: 3.33e+09	. Saving model... Model successfully saved in d5_d_t_7_rep_epoch366. Total time for epoch: 676.1973068714142s.
Changing learning rate from 1e-05 to 1e-05
Sampling ended in 48.45387840270996s. Conversion to Data object ended in 233.78804445266724s.
Iteration: 367	Loss: 0.0173	Acc: 0.9938	Validation Acc: 0.9935	Validation Loss: 0.0181	Cumulative # of training samples: 3.34e+09	. Saving model... Model successfully saved in d5_d_t_7_rep_epoch367. Total time for epoch: 676.6332242488861s.
Changing learning rate from 1e-05 to 1e-05
Sampling ended in 48.53530764579773s. Conversion to Data object ended in 233.20287156105042s.
Iteration: 368	Loss: 0.0173	Acc: 0.9938	Validation Acc: 0.9935	Validation Loss: 0.0180	Cumulative # of training samples: 3.34e+09	. Saving model... Model successfully saved in d5_d_t_7_rep_epoch368. Total time for epoch: 677.0426001548767s.
Changing learning rate from 1e-05 to 1e-05
Sampling ended in 48.2839081287384s. Conversion to Data object ended in 233.50989866256714s.
Iteration: 369	Loss: 0.0174	Acc: 0.9938	Validation Acc: 0.9936	Validation Loss: 0.0180	Cumulative # of training samples: 3.34e+09	. Saving model... Model successfully saved in d5_d_t_7_rep_epoch369. Total time for epoch: 678.1473875045776s.
Changing learning rate from 1e-05 to 1e-05
Sampling ended in 48.59634470939636s. Conversion to Data object ended in 231.32581853866577s.
Iteration: 370	Loss: 0.0174	Acc: 0.9938	Validation Acc: 0.9936	Validation Loss: 0.0180	Cumulative # of training samples: 3.35e+09	. Saving model... Model successfully saved in d5_d_t_7_rep_epoch370. Total time for epoch: 676.1281831264496s.
Changing learning rate from 1e-05 to 1e-05
Sampling ended in 48.52910089492798s. Conversion to Data object ended in 231.8244652748108s.
Iteration: 371	Loss: 0.0173	Acc: 0.9938	Validation Acc: 0.9938	Validation Loss: 0.0181	Cumulative # of training samples: 3.36e+09	. Saving model... Model successfully saved in d5_d_t_7_rep_epoch371. Total time for epoch: 707.2847487926483s.
Changing learning rate from 1e-05 to 1e-05
Sampling ended in 48.43545317649841s. Conversion to Data object ended in 232.26716828346252s.
Iteration: 372	Loss: 0.0173	Acc: 0.9939	Validation Acc: 0.9938	Validation Loss: 0.0181	Cumulative # of training samples: 3.36e+09	. Saving model... Model successfully saved in d5_d_t_7_rep_epoch372. Total time for epoch: 676.253791809082s.
Changing learning rate from 1e-05 to 1e-05
Sampling ended in 48.38456583023071s. Conversion to Data object ended in 232.23427414894104s.
Iteration: 373	Loss: 0.0172	Acc: 0.9939	Validation Acc: 0.9936	Validation Loss: 0.0182	Cumulative # of training samples: 3.36e+09	. Saving model... Model successfully saved in d5_d_t_7_rep_epoch373. Total time for epoch: 678.1759159564972s.
Changing learning rate from 1e-05 to 1e-05
Sampling ended in 48.38088321685791s. Conversion to Data object ended in 233.0308599472046s.
Iteration: 374	Loss: 0.0172	Acc: 0.9939	Validation Acc: 0.9937	Validation Loss: 0.0181	Cumulative # of training samples: 3.37e+09	. Saving model... Model successfully saved in d5_d_t_7_rep_epoch374. Total time for epoch: 677.799008846283s.
Changing learning rate from 1e-05 to 1e-05
Sampling ended in 48.319064140319824s. Conversion to Data object ended in 231.81817817687988s.
Iteration: 375	Loss: 0.0173	Acc: 0.9939	Validation Acc: 0.9939	Validation Loss: 0.0180	Cumulative # of training samples: 3.38e+09	. Saving model... Model successfully saved in d5_d_t_7_rep_epoch375. Total time for epoch: 677.1419398784637s.
Changing learning rate from 1e-05 to 1e-05
Sampling ended in 48.51523733139038s. Conversion to Data object ended in 231.64224672317505s.
Iteration: 376	Loss: 0.0173	Acc: 0.9939	Validation Acc: 0.9937	Validation Loss: 0.0181	Cumulative # of training samples: 3.38e+09	. Saving model... Model successfully saved in d5_d_t_7_rep_epoch376. Total time for epoch: 675.6429674625397s.
Changing learning rate from 1e-05 to 1e-05
Sampling ended in 48.58089089393616s. Conversion to Data object ended in 232.7494878768921s.
Iteration: 377	Loss: 0.0173	Acc: 0.9938	Validation Acc: 0.9937	Validation Loss: 0.0181	Cumulative # of training samples: 3.38e+09	. Saving model... Model successfully saved in d5_d_t_7_rep_epoch377. Total time for epoch: 678.4354977607727s.
Changing learning rate from 1e-05 to 1e-05
Sampling ended in 48.552793979644775s. Conversion to Data object ended in 231.6760973930359s.
Iteration: 378	Loss: 0.0173	Acc: 0.9939	Validation Acc: 0.9937	Validation Loss: 0.0181	Cumulative # of training samples: 3.39e+09	. Saving model... Model successfully saved in d5_d_t_7_rep_epoch378. Total time for epoch: 675.4448368549347s.
Changing learning rate from 1e-05 to 1e-05
Sampling ended in 48.66873049736023s. Conversion to Data object ended in 232.05449223518372s.
Iteration: 379	Loss: 0.0173	Acc: 0.9938	Validation Acc: 0.9935	Validation Loss: 0.0181	Cumulative # of training samples: 3.40e+09	. Saving model... Model successfully saved in d5_d_t_7_rep_epoch379. Total time for epoch: 677.4945635795593s.
Changing learning rate from 1e-05 to 1e-05
Sampling ended in 48.66965627670288s. Conversion to Data object ended in 231.5905737876892s.
Iteration: 380	Loss: 0.0174	Acc: 0.9938	Validation Acc: 0.9937	Validation Loss: 0.0182	Cumulative # of training samples: 3.40e+09	. Saving model... Model successfully saved in d5_d_t_7_rep_epoch380. Total time for epoch: 677.4706432819366s.
Changing learning rate from 1e-05 to 1e-05
Sampling ended in 48.89297032356262s. Conversion to Data object ended in 232.91778373718262s.
Iteration: 381	Loss: 0.0174	Acc: 0.9938	Validation Acc: 0.9935	Validation Loss: 0.0180	Cumulative # of training samples: 3.40e+09	. Saving model... Model successfully saved in d5_d_t_7_rep_epoch381. Total time for epoch: 678.2037801742554s.
Changing learning rate from 1e-05 to 1e-05
Sampling ended in 48.6111786365509s. Conversion to Data object ended in 231.88644695281982s.
Iteration: 382	Loss: 0.0175	Acc: 0.9938	Validation Acc: 0.9935	Validation Loss: 0.0183	Cumulative # of training samples: 3.41e+09	. Saving model... Model successfully saved in d5_d_t_7_rep_epoch382. Total time for epoch: 676.2849786281586s.
Changing learning rate from 1e-05 to 1e-05
Sampling ended in 48.81153059005737s. Conversion to Data object ended in 232.05579328536987s.
Iteration: 383	Loss: 0.0173	Acc: 0.9938	Validation Acc: 0.9934	Validation Loss: 0.0184	Cumulative # of training samples: 3.42e+09	. Saving model... Model successfully saved in d5_d_t_7_rep_epoch383. Total time for epoch: 677.351047039032s.
Changing learning rate from 1e-05 to 1e-05
Sampling ended in 48.92602324485779s. Conversion to Data object ended in 231.85491847991943s.
Iteration: 384	Loss: 0.0173	Acc: 0.9938	Validation Acc: 0.9936	Validation Loss: 0.0183	Cumulative # of training samples: 3.42e+09	. Saving model... Model successfully saved in d5_d_t_7_rep_epoch384. Total time for epoch: 676.0445780754089s.
Changing learning rate from 1e-05 to 1e-05
Sampling ended in 48.572131395339966s. Conversion to Data object ended in 233.2677354812622s.
Iteration: 385	Loss: 0.0173	Acc: 0.9937	Validation Acc: 0.9936	Validation Loss: 0.0182	Cumulative # of training samples: 3.42e+09	. Saving model... Model successfully saved in d5_d_t_7_rep_epoch385. Total time for epoch: 679.4190351963043s.
Changing learning rate from 1e-05 to 1e-05
Sampling ended in 48.712748289108276s. Conversion to Data object ended in 233.91403889656067s.
Iteration: 386	Loss: 0.0173	Acc: 0.9938	Validation Acc: 0.9937	Validation Loss: 0.0183	Cumulative # of training samples: 3.43e+09	. Saving model... Model successfully saved in d5_d_t_7_rep_epoch386. Total time for epoch: 677.1275804042816s.
Changing learning rate from 1e-05 to 1e-05
Sampling ended in 48.458003282547s. Conversion to Data object ended in 232.4056088924408s.
Iteration: 387	Loss: 0.0173	Acc: 0.9938	Validation Acc: 0.9937	Validation Loss: 0.0182	Cumulative # of training samples: 3.44e+09	. Saving model... Model successfully saved in d5_d_t_7_rep_epoch387. Total time for epoch: 677.4176800251007s.
Changing learning rate from 1e-05 to 1e-05
Sampling ended in 48.58076596260071s. Conversion to Data object ended in 233.7109432220459s.
Iteration: 388	Loss: 0.0172	Acc: 0.9939	Validation Acc: 0.9937	Validation Loss: 0.0183	Cumulative # of training samples: 3.44e+09	. Saving model... Model successfully saved in d5_d_t_7_rep_epoch388. Total time for epoch: 678.0192134380341s.
Changing learning rate from 1e-05 to 1e-05
Sampling ended in 48.61153745651245s. Conversion to Data object ended in 234.08597350120544s.
Iteration: 389	Loss: 0.0173	Acc: 0.9938	Validation Acc: 0.9936	Validation Loss: 0.0182	Cumulative # of training samples: 3.44e+09	. Saving model... Model successfully saved in d5_d_t_7_rep_epoch389. Total time for epoch: 678.0599279403687s.
Changing learning rate from 1e-05 to 1e-05
Sampling ended in 48.402735471725464s. Conversion to Data object ended in 233.19706320762634s.
Iteration: 390	Loss: 0.0173	Acc: 0.9939	Validation Acc: 0.9936	Validation Loss: 0.0183	Cumulative # of training samples: 3.45e+09	. Saving model... Model successfully saved in d5_d_t_7_rep_epoch390. Total time for epoch: 677.3076512813568s.
Changing learning rate from 1e-05 to 1e-05
Sampling ended in 48.48114061355591s. Conversion to Data object ended in 234.11458206176758s.
Iteration: 391	Loss: 0.0173	Acc: 0.9938	Validation Acc: 0.9935	Validation Loss: 0.0184	Cumulative # of training samples: 3.46e+09	. Saving model... Model successfully saved in d5_d_t_7_rep_epoch391. Total time for epoch: 677.7233700752258s.
Changing learning rate from 1e-05 to 1e-05
Sampling ended in 48.33968186378479s. Conversion to Data object ended in 231.30774354934692s.
Iteration: 392	Loss: 0.0174	Acc: 0.9938	Validation Acc: 0.9936	Validation Loss: 0.0182	Cumulative # of training samples: 3.46e+09	. Saving model... Model successfully saved in d5_d_t_7_rep_epoch392. Total time for epoch: 676.316653251648s.
Changing learning rate from 1e-05 to 1e-05
Sampling ended in 48.70860195159912s. Conversion to Data object ended in 233.70257902145386s.
Iteration: 393	Loss: 0.0173	Acc: 0.9938	Validation Acc: 0.9937	Validation Loss: 0.0182	Cumulative # of training samples: 3.46e+09	. Saving model... Model successfully saved in d5_d_t_7_rep_epoch393. Total time for epoch: 677.0403513908386s.
Changing learning rate from 1e-05 to 1e-05
Sampling ended in 48.289917945861816s. Conversion to Data object ended in 232.18643474578857s.
Iteration: 394	Loss: 0.0173	Acc: 0.9938	Validation Acc: 0.9937	Validation Loss: 0.0182	Cumulative # of training samples: 3.47e+09	. Saving model... Model successfully saved in d5_d_t_7_rep_epoch394. Total time for epoch: 677.3580005168915s.
Changing learning rate from 1e-05 to 1e-05
Sampling ended in 48.585538148880005s. Conversion to Data object ended in 232.87927985191345s.
Iteration: 395	Loss: 0.0172	Acc: 0.9939	Validation Acc: 0.9937	Validation Loss: 0.0182	Cumulative # of training samples: 3.48e+09	. Saving model... Model successfully saved in d5_d_t_7_rep_epoch395. Total time for epoch: 678.5876049995422s.
Changing learning rate from 1e-05 to 1e-05
Sampling ended in 48.402191400527954s. Conversion to Data object ended in 230.60399508476257s.
Iteration: 396	Loss: 0.0172	Acc: 0.9939	Validation Acc: 0.9937	Validation Loss: 0.0182	Cumulative # of training samples: 3.48e+09	. Saving model... Model successfully saved in d5_d_t_7_rep_epoch396. Total time for epoch: 674.3978810310364s.
Changing learning rate from 1e-05 to 1e-05
Sampling ended in 48.46366620063782s. Conversion to Data object ended in 234.40403485298157s.
Iteration: 397	Loss: 0.0172	Acc: 0.9939	Validation Acc: 0.9936	Validation Loss: 0.0183	Cumulative # of training samples: 3.48e+09	. Saving model... Model successfully saved in d5_d_t_7_rep_epoch397. Total time for epoch: 685.2227246761322s.
Changing learning rate from 1e-05 to 1e-05
Sampling ended in 48.56233501434326s. Conversion to Data object ended in 232.83439660072327s.
Iteration: 398	Loss: 0.0172	Acc: 0.9938	Validation Acc: 0.9936	Validation Loss: 0.0183	Cumulative # of training samples: 3.49e+09	. Saving model... Model successfully saved in d5_d_t_7_rep_epoch398. Total time for epoch: 677.1866161823273s.
Changing learning rate from 1e-05 to 1e-05
Sampling ended in 48.44426894187927s. Conversion to Data object ended in 231.5862054824829s.
Iteration: 399	Loss: 0.0173	Acc: 0.9938	Validation Acc: 0.9936	Validation Loss: 0.0183	Cumulative # of training samples: 3.50e+09	. Saving model... Model successfully saved in d5_d_t_7_rep_epoch399. Total time for epoch: 675.502289056778s.
Changing learning rate from 1e-05 to 1e-05
Sampling ended in 48.27344298362732s. Conversion to Data object ended in 231.41997265815735s.
Iteration: 400	Loss: 0.0176	Acc: 0.9938	Validation Acc: 0.9935	Validation Loss: 0.0183	Cumulative # of training samples: 3.50e+09	. Saving model... Model successfully saved in d5_d_t_7_rep_epoch400. Total time for epoch: 675.9436655044556s.
Completed all training iterations!
Saving final model, history and data to file.

==== BENCHMARKING ====
Training setup: 0.017288783012190834
Sampling and Graphing: 31719.614841159113
Fitting: 37608.32559733692
	Sum: 69327.95772727905


=== Training completely ended. ===
