
==== DECODER PARAMETERS ====
Moving model to cuda... Done.
{'model': {'class': <class 'src.gnn_models.GNN_7'>, 'num_node_features': 5, 'num_classes': 1, 'loss': BCEWithLogitsLoss(), 'initial_learning_rate': 0.0001, 'manual_seed': 12345}, 'graph': {'m_nearest_nodes': 6, 'num_node_features': 5, 'power': 2.0}, 'cuda': True, 'silent': False, 'save_path': '/hpc/home/giuseppe.trimigno/GNN_decoder/results/circuit_level_noise/d5', 'save_prefix': 'd5_d_t_5_norep', 'resumed_training_file_name': None}
Code size: 5

Repetitions: 5

Training error rate: [0.001, 0.002, 0.003, 0.004, 0.005]


Loading training history, weights and optimizer to resume training from /hpc/home/giuseppe.trimigno/GNN_decoder/results/circuit_level_noise/d5/d5_d_t_5_norep_epoch150.pt... Correctly loaded model trained for 150 epochs.

==== TRAINING ====
Will save final results to file after training.
Generating data with 4 CPU cores, then moving it to device cuda.
Starting training with 150 iteration(s).
Buffer has 5000000 samples, replacing 0 samples with each iteration.
Total number of unique samples in this run: 5.00e+06
Cumulative # of training samples from previous runs: 7.50e+08
Data correctly red. Elapsed time: 1287.7715888023376s
******************************
len(training_data)=5000000 ; len(validation_data)=50000
******************************
Iteration: 151	Loss: 0.0032	Acc: 0.9989	Validation Acc: 0.9842	Validation Loss: 0.0989	Cumulative # of training samples: 1.50e+09	. Saving model... Model successfully saved in d5_d_t_5_norep_epoch151. Total time for epoch: 11.53078031539917s.
Iteration: 152	Loss: 0.0032	Acc: 0.9989	Validation Acc: 0.9854	Validation Loss: 0.0957	Cumulative # of training samples: 1.51e+09	. Saving model... Model successfully saved in d5_d_t_5_norep_epoch152. Total time for epoch: 11.427088975906372s.
Iteration: 153	Loss: 0.0032	Acc: 0.9989	Validation Acc: 0.9853	Validation Loss: 0.1031	Cumulative # of training samples: 1.52e+09	. Saving model... Model successfully saved in d5_d_t_5_norep_epoch153. Total time for epoch: 11.564675331115723s.
Iteration: 154	Loss: 0.0032	Acc: 0.9989	Validation Acc: 0.9852	Validation Loss: 0.0961	Cumulative # of training samples: 1.52e+09	. Saving model... Model successfully saved in d5_d_t_5_norep_epoch154. Total time for epoch: 11.523363590240479s.
Iteration: 155	Loss: 0.0031	Acc: 0.9989	Validation Acc: 0.9857	Validation Loss: 0.0987	Cumulative # of training samples: 1.52e+09	. Saving model... Model successfully saved in d5_d_t_5_norep_epoch155. Total time for epoch: 11.389299392700195s.
Iteration: 156	Loss: 0.0032	Acc: 0.9989	Validation Acc: 0.9857	Validation Loss: 0.0984	Cumulative # of training samples: 1.53e+09	. Saving model... Model successfully saved in d5_d_t_5_norep_epoch156. Total time for epoch: 11.464689254760742s.
Iteration: 157	Loss: 0.0030	Acc: 0.9990	Validation Acc: 0.9854	Validation Loss: 0.0938	Cumulative # of training samples: 1.54e+09	. Saving model... Model successfully saved in d5_d_t_5_norep_epoch157. Total time for epoch: 11.483967304229736s.
Iteration: 158	Loss: 0.0031	Acc: 0.9989	Validation Acc: 0.9854	Validation Loss: 0.1021	Cumulative # of training samples: 1.54e+09	. Saving model... Model successfully saved in d5_d_t_5_norep_epoch158. Total time for epoch: 11.32656478881836s.
Iteration: 159	Loss: 0.0030	Acc: 0.9989	Validation Acc: 0.9856	Validation Loss: 0.0891	Cumulative # of training samples: 1.54e+09	. Saving model... Model successfully saved in d5_d_t_5_norep_epoch159. Total time for epoch: 11.014025926589966s.
Iteration: 160	Loss: 0.0031	Acc: 0.9990	Validation Acc: 0.9856	Validation Loss: 0.0982	Cumulative # of training samples: 1.55e+09	. Saving model... Model successfully saved in d5_d_t_5_norep_epoch160. Total time for epoch: 11.657410621643066s.
Iteration: 161	Loss: 0.0029	Acc: 0.9990	Validation Acc: 0.9845	Validation Loss: 0.0979	Cumulative # of training samples: 1.56e+09	. Saving model... Model successfully saved in d5_d_t_5_norep_epoch161. Total time for epoch: 11.052335262298584s.
Iteration: 162	Loss: 0.0030	Acc: 0.9990	Validation Acc: 0.9853	Validation Loss: 0.0962	Cumulative # of training samples: 1.56e+09	. Saving model... Model successfully saved in d5_d_t_5_norep_epoch162. Total time for epoch: 11.1779146194458s.
Iteration: 163	Loss: 0.0029	Acc: 0.9990	Validation Acc: 0.9849	Validation Loss: 0.1006	Cumulative # of training samples: 1.56e+09	. Saving model... Model successfully saved in d5_d_t_5_norep_epoch163. Total time for epoch: 11.044504404067993s.
Iteration: 164	Loss: 0.0029	Acc: 0.9990	Validation Acc: 0.9857	Validation Loss: 0.1078	Cumulative # of training samples: 1.57e+09	. Saving model... Model successfully saved in d5_d_t_5_norep_epoch164. Total time for epoch: 11.146989822387695s.
Iteration: 165	Loss: 0.0029	Acc: 0.9990	Validation Acc: 0.9853	Validation Loss: 0.1008	Cumulative # of training samples: 1.58e+09	. Saving model... Model successfully saved in d5_d_t_5_norep_epoch165. Total time for epoch: 10.807164907455444s.
Iteration: 166	Loss: 0.0030	Acc: 0.9990	Validation Acc: 0.9851	Validation Loss: 0.1023	Cumulative # of training samples: 1.58e+09	. Saving model... Model successfully saved in d5_d_t_5_norep_epoch166. Total time for epoch: 10.541159391403198s.
Iteration: 167	Loss: 0.0029	Acc: 0.9990	Validation Acc: 0.9855	Validation Loss: 0.1002	Cumulative # of training samples: 1.58e+09	. Saving model... Model successfully saved in d5_d_t_5_norep_epoch167. Total time for epoch: 11.268516063690186s.
Iteration: 168	Loss: 0.0028	Acc: 0.9990	Validation Acc: 0.9857	Validation Loss: 0.0981	Cumulative # of training samples: 1.59e+09	. Saving model... Model successfully saved in d5_d_t_5_norep_epoch168. Total time for epoch: 11.134429931640625s.
Iteration: 169	Loss: 0.0028	Acc: 0.9990	Validation Acc: 0.9858	Validation Loss: 0.0992	Cumulative # of training samples: 1.60e+09	. Saving model... Model successfully saved in d5_d_t_5_norep_epoch169. Total time for epoch: 10.601784706115723s.
Iteration: 170	Loss: 0.0028	Acc: 0.9990	Validation Acc: 0.9851	Validation Loss: 0.1083	Cumulative # of training samples: 1.60e+09	. Saving model... Model successfully saved in d5_d_t_5_norep_epoch170. Total time for epoch: 10.56637191772461s.
Iteration: 171	Loss: 0.0027	Acc: 0.9990	Validation Acc: 0.9846	Validation Loss: 0.1016	Cumulative # of training samples: 1.60e+09	. Saving model... Model successfully saved in d5_d_t_5_norep_epoch171. Total time for epoch: 10.96740436553955s.
Iteration: 172	Loss: 0.0027	Acc: 0.9991	Validation Acc: 0.9852	Validation Loss: 0.0996	Cumulative # of training samples: 1.61e+09	. Saving model... Model successfully saved in d5_d_t_5_norep_epoch172. Total time for epoch: 11.017534971237183s.
Iteration: 173	Loss: 0.0027	Acc: 0.9991	Validation Acc: 0.9852	Validation Loss: 0.1034	Cumulative # of training samples: 1.62e+09	. Saving model... Model successfully saved in d5_d_t_5_norep_epoch173. Total time for epoch: 10.554439067840576s.
Iteration: 174	Loss: 0.0027	Acc: 0.9991	Validation Acc: 0.9854	Validation Loss: 0.0996	Cumulative # of training samples: 1.62e+09	. Saving model... Model successfully saved in d5_d_t_5_norep_epoch174. Total time for epoch: 10.617225408554077s.
Iteration: 175	Loss: 0.0027	Acc: 0.9991	Validation Acc: 0.9856	Validation Loss: 0.1028	Cumulative # of training samples: 1.62e+09	. Saving model... Model successfully saved in d5_d_t_5_norep_epoch175. Total time for epoch: 11.003499031066895s.
Iteration: 176	Loss: 0.0026	Acc: 0.9991	Validation Acc: 0.9855	Validation Loss: 0.0990	Cumulative # of training samples: 1.63e+09	. Saving model... Model successfully saved in d5_d_t_5_norep_epoch176. Total time for epoch: 10.997436046600342s.
Iteration: 177	Loss: 0.0027	Acc: 0.9991	Validation Acc: 0.9852	Validation Loss: 0.1069	Cumulative # of training samples: 1.64e+09	. Saving model... Model successfully saved in d5_d_t_5_norep_epoch177. Total time for epoch: 10.584054231643677s.
Iteration: 178	Loss: 0.0026	Acc: 0.9991	Validation Acc: 0.9856	Validation Loss: 0.1034	Cumulative # of training samples: 1.64e+09	. Saving model... Model successfully saved in d5_d_t_5_norep_epoch178. Total time for epoch: 10.597432374954224s.
Iteration: 179	Loss: 0.0025	Acc: 0.9991	Validation Acc: 0.9853	Validation Loss: 0.1030	Cumulative # of training samples: 1.64e+09	. Saving model... Model successfully saved in d5_d_t_5_norep_epoch179. Total time for epoch: 11.321882247924805s.
Iteration: 180	Loss: 0.0027	Acc: 0.9991	Validation Acc: 0.9853	Validation Loss: 0.0993	Cumulative # of training samples: 1.65e+09	. Saving model... Model successfully saved in d5_d_t_5_norep_epoch180. Total time for epoch: 10.906389474868774s.
Iteration: 181	Loss: 0.0025	Acc: 0.9991	Validation Acc: 0.9849	Validation Loss: 0.1095	Cumulative # of training samples: 1.66e+09	. Saving model... Model successfully saved in d5_d_t_5_norep_epoch181. Total time for epoch: 10.626455068588257s.
Iteration: 182	Loss: 0.0025	Acc: 0.9991	Validation Acc: 0.9852	Validation Loss: 0.1097	Cumulative # of training samples: 1.66e+09	. Saving model... Model successfully saved in d5_d_t_5_norep_epoch182. Total time for epoch: 10.618860483169556s.
Iteration: 183	Loss: 0.0025	Acc: 0.9991	Validation Acc: 0.9857	Validation Loss: 0.1044	Cumulative # of training samples: 1.66e+09	. Saving model... Model successfully saved in d5_d_t_5_norep_epoch183. Total time for epoch: 10.945723295211792s.
Iteration: 184	Loss: 0.0025	Acc: 0.9991	Validation Acc: 0.9849	Validation Loss: 0.1021	Cumulative # of training samples: 1.67e+09	. Saving model... Model successfully saved in d5_d_t_5_norep_epoch184. Total time for epoch: 10.877121210098267s.
Iteration: 185	Loss: 0.0025	Acc: 0.9992	Validation Acc: 0.9861	Validation Loss: 0.1037	Cumulative # of training samples: 1.68e+09	. Saving model... Model successfully saved in d5_d_t_5_norep_epoch185. Total time for epoch: 10.499597549438477s.
Iteration: 186	Loss: 0.0025	Acc: 0.9991	Validation Acc: 0.9859	Validation Loss: 0.0968	Cumulative # of training samples: 1.68e+09	. Saving model... Model successfully saved in d5_d_t_5_norep_epoch186. Total time for epoch: 10.71935510635376s.
Iteration: 187	Loss: 0.0025	Acc: 0.9992	Validation Acc: 0.9857	Validation Loss: 0.1069	Cumulative # of training samples: 1.68e+09	. Saving model... Model successfully saved in d5_d_t_5_norep_epoch187. Total time for epoch: 11.039883136749268s.
Iteration: 188	Loss: 0.0024	Acc: 0.9992	Validation Acc: 0.9852	Validation Loss: 0.0954	Cumulative # of training samples: 1.69e+09	. Saving model... Model successfully saved in d5_d_t_5_norep_epoch188. Total time for epoch: 10.457553625106812s.
Iteration: 189	Loss: 0.0024	Acc: 0.9992	Validation Acc: 0.9858	Validation Loss: 0.1035	Cumulative # of training samples: 1.70e+09	. Saving model... Model successfully saved in d5_d_t_5_norep_epoch189. Total time for epoch: 10.53919792175293s.
Iteration: 190	Loss: 0.0025	Acc: 0.9991	Validation Acc: 0.9851	Validation Loss: 0.1089	Cumulative # of training samples: 1.70e+09	. Saving model... Model successfully saved in d5_d_t_5_norep_epoch190. Total time for epoch: 10.908690690994263s.
Iteration: 191	Loss: 0.0024	Acc: 0.9992	Validation Acc: 0.9847	Validation Loss: 0.0999	Cumulative # of training samples: 1.70e+09	. Saving model... Model successfully saved in d5_d_t_5_norep_epoch191. Total time for epoch: 10.669097900390625s.
Iteration: 192	Loss: 0.0024	Acc: 0.9992	Validation Acc: 0.9856	Validation Loss: 0.0994	Cumulative # of training samples: 1.71e+09	. Saving model... Model successfully saved in d5_d_t_5_norep_epoch192. Total time for epoch: 10.45355772972107s.
Iteration: 193	Loss: 0.0024	Acc: 0.9992	Validation Acc: 0.9855	Validation Loss: 0.0997	Cumulative # of training samples: 1.72e+09	. Saving model... Model successfully saved in d5_d_t_5_norep_epoch193. Total time for epoch: 10.75925087928772s.
Iteration: 194	Loss: 0.0024	Acc: 0.9992	Validation Acc: 0.9848	Validation Loss: 0.0951	Cumulative # of training samples: 1.72e+09	. Saving model... Model successfully saved in d5_d_t_5_norep_epoch194. Total time for epoch: 10.910102605819702s.
Iteration: 195	Loss: 0.0023	Acc: 0.9992	Validation Acc: 0.9855	Validation Loss: 0.1040	Cumulative # of training samples: 1.72e+09	. Saving model... Model successfully saved in d5_d_t_5_norep_epoch195. Total time for epoch: 10.459911108016968s.
Iteration: 196	Loss: 0.0023	Acc: 0.9992	Validation Acc: 0.9857	Validation Loss: 0.1065	Cumulative # of training samples: 1.73e+09	. Saving model... Model successfully saved in d5_d_t_5_norep_epoch196. Total time for epoch: 10.583395719528198s.
Iteration: 197	Loss: 0.0023	Acc: 0.9992	Validation Acc: 0.9853	Validation Loss: 0.1117	Cumulative # of training samples: 1.74e+09	. Saving model... Model successfully saved in d5_d_t_5_norep_epoch197. Total time for epoch: 10.876094579696655s.
Iteration: 198	Loss: 0.0024	Acc: 0.9992	Validation Acc: 0.9849	Validation Loss: 0.0980	Cumulative # of training samples: 1.74e+09	. Saving model... Model successfully saved in d5_d_t_5_norep_epoch198. Total time for epoch: 10.66859221458435s.
Iteration: 199	Loss: 0.0022	Acc: 0.9993	Validation Acc: 0.9851	Validation Loss: 0.1063	Cumulative # of training samples: 1.74e+09	. Saving model... Model successfully saved in d5_d_t_5_norep_epoch199. Total time for epoch: 10.457226037979126s.
Iteration: 200	Loss: 0.0022	Acc: 0.9993	Validation Acc: 0.9852	Validation Loss: 0.1174	Cumulative # of training samples: 1.75e+09	. Saving model... Model successfully saved in d5_d_t_5_norep_epoch200. Total time for epoch: 10.803054094314575s.
Iteration: 201	Loss: 0.0022	Acc: 0.9992	Validation Acc: 0.9853	Validation Loss: 0.1117	Cumulative # of training samples: 1.76e+09	. Saving model... Model successfully saved in d5_d_t_5_norep_epoch201. Total time for epoch: 10.939640522003174s.
Iteration: 202	Loss: 0.0022	Acc: 0.9992	Validation Acc: 0.9852	Validation Loss: 0.1070	Cumulative # of training samples: 1.76e+09	. Saving model... Model successfully saved in d5_d_t_5_norep_epoch202. Total time for epoch: 10.435774564743042s.
Iteration: 203	Loss: 0.0022	Acc: 0.9992	Validation Acc: 0.9858	Validation Loss: 0.1095	Cumulative # of training samples: 1.76e+09	. Saving model... Model successfully saved in d5_d_t_5_norep_epoch203. Total time for epoch: 10.553600788116455s.
Iteration: 204	Loss: 0.0022	Acc: 0.9992	Validation Acc: 0.9850	Validation Loss: 0.1126	Cumulative # of training samples: 1.77e+09	. Saving model... Model successfully saved in d5_d_t_5_norep_epoch204. Total time for epoch: 10.9161958694458s.
Iteration: 205	Loss: 0.0023	Acc: 0.9992	Validation Acc: 0.9850	Validation Loss: 0.1105	Cumulative # of training samples: 1.78e+09	. Saving model... Model successfully saved in d5_d_t_5_norep_epoch205. Total time for epoch: 10.912413358688354s.
Iteration: 206	Loss: 0.0022	Acc: 0.9993	Validation Acc: 0.9852	Validation Loss: 0.1088	Cumulative # of training samples: 1.78e+09	. Saving model... Model successfully saved in d5_d_t_5_norep_epoch206. Total time for epoch: 10.396684408187866s.
Iteration: 207	Loss: 0.0022	Acc: 0.9993	Validation Acc: 0.9858	Validation Loss: 0.1084	Cumulative # of training samples: 1.78e+09	. Saving model... Model successfully saved in d5_d_t_5_norep_epoch207. Total time for epoch: 10.543732404708862s.
Iteration: 208	Loss: 0.0021	Acc: 0.9993	Validation Acc: 0.9859	Validation Loss: 0.1172	Cumulative # of training samples: 1.79e+09	. Saving model... Model successfully saved in d5_d_t_5_norep_epoch208. Total time for epoch: 10.860759735107422s.
Iteration: 209	Loss: 0.0022	Acc: 0.9992	Validation Acc: 0.9850	Validation Loss: 0.1133	Cumulative # of training samples: 1.80e+09	. Saving model... Model successfully saved in d5_d_t_5_norep_epoch209. Total time for epoch: 10.567356824874878s.
Iteration: 210	Loss: 0.0021	Acc: 0.9993	Validation Acc: 0.9853	Validation Loss: 0.1126	Cumulative # of training samples: 1.80e+09	. Saving model... Model successfully saved in d5_d_t_5_norep_epoch210. Total time for epoch: 10.401614665985107s.
Iteration: 211	Loss: 0.0021	Acc: 0.9992	Validation Acc: 0.9861	Validation Loss: 0.1045	Cumulative # of training samples: 1.80e+09	. Saving model... Model successfully saved in d5_d_t_5_norep_epoch211. Total time for epoch: 10.754319667816162s.
Iteration: 212	Loss: 0.0021	Acc: 0.9993	Validation Acc: 0.9853	Validation Loss: 0.1126	Cumulative # of training samples: 1.81e+09	. Saving model... Model successfully saved in d5_d_t_5_norep_epoch212. Total time for epoch: 10.7691490650177s.
Iteration: 213	Loss: 0.0021	Acc: 0.9993	Validation Acc: 0.9850	Validation Loss: 0.1049	Cumulative # of training samples: 1.82e+09	. Saving model... Model successfully saved in d5_d_t_5_norep_epoch213. Total time for epoch: 10.42606806755066s.
Iteration: 214	Loss: 0.0021	Acc: 0.9993	Validation Acc: 0.9859	Validation Loss: 0.1163	Cumulative # of training samples: 1.82e+09	. Saving model... Model successfully saved in d5_d_t_5_norep_epoch214. Total time for epoch: 10.61567997932434s.
Iteration: 215	Loss: 0.0021	Acc: 0.9993	Validation Acc: 0.9866	Validation Loss: 0.1120	Cumulative # of training samples: 1.82e+09	. Saving model... Model successfully saved in d5_d_t_5_norep_epoch215. Total time for epoch: 10.805883884429932s.
Iteration: 216	Loss: 0.0023	Acc: 0.9992	Validation Acc: 0.9856	Validation Loss: 0.1126	Cumulative # of training samples: 1.83e+09	. Saving model... Model successfully saved in d5_d_t_5_norep_epoch216. Total time for epoch: 10.362102746963501s.
Iteration: 217	Loss: 0.0019	Acc: 0.9993	Validation Acc: 0.9850	Validation Loss: 0.1026	Cumulative # of training samples: 1.84e+09	. Saving model... Model successfully saved in d5_d_t_5_norep_epoch217. Total time for epoch: 10.575139284133911s.
Iteration: 218	Loss: 0.0021	Acc: 0.9993	Validation Acc: 0.9854	Validation Loss: 0.1022	Cumulative # of training samples: 1.84e+09	. Saving model... Model successfully saved in d5_d_t_5_norep_epoch218. Total time for epoch: 10.732434272766113s.
Iteration: 219	Loss: 0.0020	Acc: 0.9993	Validation Acc: 0.9853	Validation Loss: 0.1077	Cumulative # of training samples: 1.84e+09	. Saving model... Model successfully saved in d5_d_t_5_norep_epoch219. Total time for epoch: 10.459297180175781s.
Iteration: 220	Loss: 0.0021	Acc: 0.9993	Validation Acc: 0.9851	Validation Loss: 0.1037	Cumulative # of training samples: 1.85e+09	. Saving model... Model successfully saved in d5_d_t_5_norep_epoch220. Total time for epoch: 10.507988214492798s.
Iteration: 221	Loss: 0.0035	Acc: 0.9989	Validation Acc: 0.9858	Validation Loss: 0.0977	Cumulative # of training samples: 1.86e+09	. Saving model... Model successfully saved in d5_d_t_5_norep_epoch221. Total time for epoch: 10.842786073684692s.
Iteration: 222	Loss: 0.0019	Acc: 0.9993	Validation Acc: 0.9858	Validation Loss: 0.1034	Cumulative # of training samples: 1.86e+09	. Saving model... Model successfully saved in d5_d_t_5_norep_epoch222. Total time for epoch: 10.46565318107605s.
Iteration: 223	Loss: 0.0021	Acc: 0.9993	Validation Acc: 0.9858	Validation Loss: 0.1073	Cumulative # of training samples: 1.86e+09	. Saving model... Model successfully saved in d5_d_t_5_norep_epoch223. Total time for epoch: 10.421716213226318s.
Iteration: 224	Loss: 0.0020	Acc: 0.9993	Validation Acc: 0.9850	Validation Loss: 0.1068	Cumulative # of training samples: 1.87e+09	. Saving model... Model successfully saved in d5_d_t_5_norep_epoch224. Total time for epoch: 10.794193744659424s.
Iteration: 225	Loss: 0.0020	Acc: 0.9993	Validation Acc: 0.9848	Validation Loss: 0.1120	Cumulative # of training samples: 1.88e+09	. Saving model... Model successfully saved in d5_d_t_5_norep_epoch225. Total time for epoch: 10.635963439941406s.
Iteration: 226	Loss: 0.0020	Acc: 0.9993	Validation Acc: 0.9855	Validation Loss: 0.1085	Cumulative # of training samples: 1.88e+09	. Saving model... Model successfully saved in d5_d_t_5_norep_epoch226. Total time for epoch: 10.398444890975952s.
Iteration: 227	Loss: 0.0019	Acc: 0.9994	Validation Acc: 0.9850	Validation Loss: 0.1113	Cumulative # of training samples: 1.88e+09	. Saving model... Model successfully saved in d5_d_t_5_norep_epoch227. Total time for epoch: 10.675443172454834s.
Iteration: 228	Loss: 0.0019	Acc: 0.9993	Validation Acc: 0.9856	Validation Loss: 0.1069	Cumulative # of training samples: 1.89e+09	. Saving model... Model successfully saved in d5_d_t_5_norep_epoch228. Total time for epoch: 10.84324026107788s.
Iteration: 229	Loss: 0.0019	Acc: 0.9993	Validation Acc: 0.9859	Validation Loss: 0.1104	Cumulative # of training samples: 1.90e+09	. Saving model... Model successfully saved in d5_d_t_5_norep_epoch229. Total time for epoch: 10.376318216323853s.
Iteration: 230	Loss: 0.0020	Acc: 0.9993	Validation Acc: 0.9857	Validation Loss: 0.1155	Cumulative # of training samples: 1.90e+09	. Saving model... Model successfully saved in d5_d_t_5_norep_epoch230. Total time for epoch: 10.54678988456726s.
Iteration: 231	Loss: 0.0019	Acc: 0.9994	Validation Acc: 0.9861	Validation Loss: 0.1114	Cumulative # of training samples: 1.90e+09	. Saving model... Model successfully saved in d5_d_t_5_norep_epoch231. Total time for epoch: 10.764341115951538s.
Iteration: 232	Loss: 0.0019	Acc: 0.9994	Validation Acc: 0.9858	Validation Loss: 0.1118	Cumulative # of training samples: 1.91e+09	. Saving model... Model successfully saved in d5_d_t_5_norep_epoch232. Total time for epoch: 10.53646206855774s.
Iteration: 233	Loss: 0.0019	Acc: 0.9994	Validation Acc: 0.9859	Validation Loss: 0.1178	Cumulative # of training samples: 1.92e+09	. Saving model... Model successfully saved in d5_d_t_5_norep_epoch233. Total time for epoch: 10.429526567459106s.
Iteration: 234	Loss: 0.0019	Acc: 0.9994	Validation Acc: 0.9861	Validation Loss: 0.1173	Cumulative # of training samples: 1.92e+09	. Saving model... Model successfully saved in d5_d_t_5_norep_epoch234. Total time for epoch: 10.723824262619019s.
Iteration: 235	Loss: 0.0018	Acc: 0.9994	Validation Acc: 0.9851	Validation Loss: 0.1138	Cumulative # of training samples: 1.92e+09	. Saving model... Model successfully saved in d5_d_t_5_norep_epoch235. Total time for epoch: 10.637386798858643s.
Iteration: 236	Loss: 0.0019	Acc: 0.9994	Validation Acc: 0.9856	Validation Loss: 0.1086	Cumulative # of training samples: 1.93e+09	. Saving model... Model successfully saved in d5_d_t_5_norep_epoch236. Total time for epoch: 10.412133932113647s.
Iteration: 237	Loss: 0.0019	Acc: 0.9994	Validation Acc: 0.9854	Validation Loss: 0.1192	Cumulative # of training samples: 1.94e+09	. Saving model... Model successfully saved in d5_d_t_5_norep_epoch237. Total time for epoch: 10.615196943283081s.
Iteration: 238	Loss: 0.0018	Acc: 0.9994	Validation Acc: 0.9854	Validation Loss: 0.1092	Cumulative # of training samples: 1.94e+09	. Saving model... Model successfully saved in d5_d_t_5_norep_epoch238. Total time for epoch: 10.717687368392944s.
Iteration: 239	Loss: 0.0019	Acc: 0.9994	Validation Acc: 0.9849	Validation Loss: 0.1119	Cumulative # of training samples: 1.94e+09	. Saving model... Model successfully saved in d5_d_t_5_norep_epoch239. Total time for epoch: 10.423452377319336s.
Iteration: 240	Loss: 0.0018	Acc: 0.9994	Validation Acc: 0.9855	Validation Loss: 0.1254	Cumulative # of training samples: 1.95e+09	. Saving model... Model successfully saved in d5_d_t_5_norep_epoch240. Total time for epoch: 10.528563976287842s.
Iteration: 241	Loss: 0.0018	Acc: 0.9994	Validation Acc: 0.9850	Validation Loss: 0.1211	Cumulative # of training samples: 1.96e+09	. Saving model... Model successfully saved in d5_d_t_5_norep_epoch241. Total time for epoch: 10.810080766677856s.
Iteration: 242	Loss: 0.0018	Acc: 0.9994	Validation Acc: 0.9855	Validation Loss: 0.1233	Cumulative # of training samples: 1.96e+09	. Saving model... Model successfully saved in d5_d_t_5_norep_epoch242. Total time for epoch: 10.799764633178711s.
Iteration: 243	Loss: 0.0019	Acc: 0.9994	Validation Acc: 0.9856	Validation Loss: 0.1127	Cumulative # of training samples: 1.96e+09	. Saving model... Model successfully saved in d5_d_t_5_norep_epoch243. Total time for epoch: 10.541651010513306s.
Iteration: 244	Loss: 0.0018	Acc: 0.9994	Validation Acc: 0.9853	Validation Loss: 0.1153	Cumulative # of training samples: 1.97e+09	. Saving model... Model successfully saved in d5_d_t_5_norep_epoch244. Total time for epoch: 10.517903804779053s.
Iteration: 245	Loss: 0.0018	Acc: 0.9994	Validation Acc: 0.9852	Validation Loss: 0.1155	Cumulative # of training samples: 1.98e+09	. Saving model... Model successfully saved in d5_d_t_5_norep_epoch245. Total time for epoch: 10.669986724853516s.
Iteration: 246	Loss: 0.0017	Acc: 0.9994	Validation Acc: 0.9858	Validation Loss: 0.1125	Cumulative # of training samples: 1.98e+09	. Saving model... Model successfully saved in d5_d_t_5_norep_epoch246. Total time for epoch: 10.84666633605957s.
Iteration: 247	Loss: 0.0017	Acc: 0.9994	Validation Acc: 0.9854	Validation Loss: 0.1132	Cumulative # of training samples: 1.98e+09	. Saving model... Model successfully saved in d5_d_t_5_norep_epoch247. Total time for epoch: 10.652853727340698s.
Iteration: 248	Loss: 0.0017	Acc: 0.9994	Validation Acc: 0.9856	Validation Loss: 0.1159	Cumulative # of training samples: 1.99e+09	. Saving model... Model successfully saved in d5_d_t_5_norep_epoch248. Total time for epoch: 10.488638877868652s.
Iteration: 249	Loss: 0.0018	Acc: 0.9994	Validation Acc: 0.9859	Validation Loss: 0.1105	Cumulative # of training samples: 2.00e+09	. Saving model... Model successfully saved in d5_d_t_5_norep_epoch249. Total time for epoch: 10.545616388320923s.
Iteration: 250	Loss: 0.0017	Acc: 0.9994	Validation Acc: 0.9857	Validation Loss: 0.1253	Cumulative # of training samples: 2.00e+09	. Saving model... Model successfully saved in d5_d_t_5_norep_epoch250. Total time for epoch: 10.808871269226074s.
Changing learning rate from 0.0001 to 1e-05
Iteration: 251	Loss: 0.0003	Acc: 0.9999	Validation Acc: 0.9864	Validation Loss: 0.1383	Cumulative # of training samples: 2.00e+09	. Saving model... Model successfully saved in d5_d_t_5_norep_epoch251. Total time for epoch: 10.824043035507202s.
Iteration: 252	Loss: 0.0001	Acc: 1.0000	Validation Acc: 0.9861	Validation Loss: 0.1610	Cumulative # of training samples: 2.01e+09	. Saving model... Model successfully saved in d5_d_t_5_norep_epoch252. Total time for epoch: 10.502952814102173s.
Iteration: 253	Loss: 0.0001	Acc: 1.0000	Validation Acc: 0.9861	Validation Loss: 0.1776	Cumulative # of training samples: 2.02e+09	. Saving model... Model successfully saved in d5_d_t_5_norep_epoch253. Total time for epoch: 10.51016092300415s.
Iteration: 254	Loss: 0.0001	Acc: 1.0000	Validation Acc: 0.9866	Validation Loss: 0.1852	Cumulative # of training samples: 2.02e+09	. Saving model... Model successfully saved in d5_d_t_5_norep_epoch254. Total time for epoch: 10.623312950134277s.
Iteration: 255	Loss: 0.0001	Acc: 1.0000	Validation Acc: 0.9859	Validation Loss: 0.1957	Cumulative # of training samples: 2.02e+09	. Saving model... Model successfully saved in d5_d_t_5_norep_epoch255. Total time for epoch: 10.851512670516968s.
Iteration: 256	Loss: 0.0001	Acc: 1.0000	Validation Acc: 0.9864	Validation Loss: 0.2040	Cumulative # of training samples: 2.03e+09	. Saving model... Model successfully saved in d5_d_t_5_norep_epoch256. Total time for epoch: 10.82741403579712s.
Iteration: 257	Loss: 0.0001	Acc: 1.0000	Validation Acc: 0.9865	Validation Loss: 0.2055	Cumulative # of training samples: 2.04e+09	. Saving model... Model successfully saved in d5_d_t_5_norep_epoch257. Total time for epoch: 10.629918336868286s.
Iteration: 258	Loss: 0.0001	Acc: 1.0000	Validation Acc: 0.9862	Validation Loss: 0.2156	Cumulative # of training samples: 2.04e+09	. Saving model... Model successfully saved in d5_d_t_5_norep_epoch258. Total time for epoch: 10.485674142837524s.
Iteration: 259	Loss: 0.0001	Acc: 1.0000	Validation Acc: 0.9865	Validation Loss: 0.2267	Cumulative # of training samples: 2.04e+09	. Saving model... Model successfully saved in d5_d_t_5_norep_epoch259. Total time for epoch: 10.540205478668213s.
Iteration: 260	Loss: 0.0001	Acc: 1.0000	Validation Acc: 0.9864	Validation Loss: 0.2270	Cumulative # of training samples: 2.05e+09	. Saving model... Model successfully saved in d5_d_t_5_norep_epoch260. Total time for epoch: 10.611422777175903s.
Iteration: 261	Loss: 0.0001	Acc: 1.0000	Validation Acc: 0.9862	Validation Loss: 0.2381	Cumulative # of training samples: 2.06e+09	. Saving model... Model successfully saved in d5_d_t_5_norep_epoch261. Total time for epoch: 10.865324974060059s.
Iteration: 262	Loss: 0.0001	Acc: 1.0000	Validation Acc: 0.9865	Validation Loss: 0.2400	Cumulative # of training samples: 2.06e+09	. Saving model... Model successfully saved in d5_d_t_5_norep_epoch262. Total time for epoch: 10.797268867492676s.
Iteration: 263	Loss: 0.0001	Acc: 1.0000	Validation Acc: 0.9860	Validation Loss: 0.2511	Cumulative # of training samples: 2.06e+09	. Saving model... Model successfully saved in d5_d_t_5_norep_epoch263. Total time for epoch: 10.485451936721802s.
Iteration: 264	Loss: 0.0001	Acc: 1.0000	Validation Acc: 0.9862	Validation Loss: 0.2448	Cumulative # of training samples: 2.07e+09	. Saving model... Model successfully saved in d5_d_t_5_norep_epoch264. Total time for epoch: 10.451435565948486s.
Iteration: 265	Loss: 0.0001	Acc: 1.0000	Validation Acc: 0.9862	Validation Loss: 0.2551	Cumulative # of training samples: 2.08e+09	. Saving model... Model successfully saved in d5_d_t_5_norep_epoch265. Total time for epoch: 10.57792043685913s.
Iteration: 266	Loss: 0.0001	Acc: 1.0000	Validation Acc: 0.9862	Validation Loss: 0.2622	Cumulative # of training samples: 2.08e+09	. Saving model... Model successfully saved in d5_d_t_5_norep_epoch266. Total time for epoch: 10.807616472244263s.
Iteration: 267	Loss: 0.0001	Acc: 1.0000	Validation Acc: 0.9859	Validation Loss: 0.2658	Cumulative # of training samples: 2.08e+09	. Saving model... Model successfully saved in d5_d_t_5_norep_epoch267. Total time for epoch: 10.796722412109375s.
Iteration: 268	Loss: 0.0001	Acc: 1.0000	Validation Acc: 0.9860	Validation Loss: 0.2710	Cumulative # of training samples: 2.09e+09	. Saving model... Model successfully saved in d5_d_t_5_norep_epoch268. Total time for epoch: 10.520689725875854s.
Iteration: 269	Loss: 0.0001	Acc: 1.0000	Validation Acc: 0.9859	Validation Loss: 0.2762	Cumulative # of training samples: 2.10e+09	. Saving model... Model successfully saved in d5_d_t_5_norep_epoch269. Total time for epoch: 10.435059070587158s.
Iteration: 270	Loss: 0.0001	Acc: 1.0000	Validation Acc: 0.9863	Validation Loss: 0.2765	Cumulative # of training samples: 2.10e+09	. Saving model... Model successfully saved in d5_d_t_5_norep_epoch270. Total time for epoch: 10.594443798065186s.
Iteration: 271	Loss: 0.0001	Acc: 1.0000	Validation Acc: 0.9863	Validation Loss: 0.2810	Cumulative # of training samples: 2.10e+09	. Saving model... Model successfully saved in d5_d_t_5_norep_epoch271. Total time for epoch: 10.856451272964478s.
Iteration: 272	Loss: 0.0001	Acc: 1.0000	Validation Acc: 0.9859	Validation Loss: 0.2799	Cumulative # of training samples: 2.11e+09	. Saving model... Model successfully saved in d5_d_t_5_norep_epoch272. Total time for epoch: 11.282134532928467s.
Iteration: 273	Loss: 0.0001	Acc: 1.0000	Validation Acc: 0.9859	Validation Loss: 0.2769	Cumulative # of training samples: 2.12e+09	. Saving model... Model successfully saved in d5_d_t_5_norep_epoch273. Total time for epoch: 10.685378789901733s.
Iteration: 274	Loss: 0.0001	Acc: 1.0000	Validation Acc: 0.9860	Validation Loss: 0.2895	Cumulative # of training samples: 2.12e+09	. Saving model... Model successfully saved in d5_d_t_5_norep_epoch274. Total time for epoch: 10.45268964767456s.
Iteration: 275	Loss: 0.0001	Acc: 1.0000	Validation Acc: 0.9862	Validation Loss: 0.2975	Cumulative # of training samples: 2.12e+09	. Saving model... Model successfully saved in d5_d_t_5_norep_epoch275. Total time for epoch: 10.539500951766968s.
Iteration: 276	Loss: 0.0001	Acc: 1.0000	Validation Acc: 0.9858	Validation Loss: 0.2886	Cumulative # of training samples: 2.13e+09	. Saving model... Model successfully saved in d5_d_t_5_norep_epoch276. Total time for epoch: 10.697935819625854s.
Iteration: 277	Loss: 0.0001	Acc: 1.0000	Validation Acc: 0.9864	Validation Loss: 0.2814	Cumulative # of training samples: 2.14e+09	. Saving model... Model successfully saved in d5_d_t_5_norep_epoch277. Total time for epoch: 10.819445848464966s.
Iteration: 278	Loss: 0.0001	Acc: 1.0000	Validation Acc: 0.9861	Validation Loss: 0.2844	Cumulative # of training samples: 2.14e+09	. Saving model... Model successfully saved in d5_d_t_5_norep_epoch278. Total time for epoch: 10.726401567459106s.
Iteration: 279	Loss: 0.0001	Acc: 1.0000	Validation Acc: 0.9863	Validation Loss: 0.2949	Cumulative # of training samples: 2.14e+09	. Saving model... Model successfully saved in d5_d_t_5_norep_epoch279. Total time for epoch: 10.420997381210327s.
Iteration: 280	Loss: 0.0001	Acc: 1.0000	Validation Acc: 0.9863	Validation Loss: 0.3043	Cumulative # of training samples: 2.15e+09	. Saving model... Model successfully saved in d5_d_t_5_norep_epoch280. Total time for epoch: 10.485646486282349s.
Iteration: 281	Loss: 0.0001	Acc: 1.0000	Validation Acc: 0.9862	Validation Loss: 0.2959	Cumulative # of training samples: 2.16e+09	. Saving model... Model successfully saved in d5_d_t_5_norep_epoch281. Total time for epoch: 10.622296333312988s.
Iteration: 282	Loss: 0.0001	Acc: 1.0000	Validation Acc: 0.9858	Validation Loss: 0.2926	Cumulative # of training samples: 2.16e+09	. Saving model... Model successfully saved in d5_d_t_5_norep_epoch282. Total time for epoch: 10.850059747695923s.
Iteration: 283	Loss: 0.0001	Acc: 1.0000	Validation Acc: 0.9861	Validation Loss: 0.2979	Cumulative # of training samples: 2.16e+09	. Saving model... Model successfully saved in d5_d_t_5_norep_epoch283. Total time for epoch: 10.839274644851685s.
Iteration: 284	Loss: 0.0001	Acc: 1.0000	Validation Acc: 0.9861	Validation Loss: 0.3112	Cumulative # of training samples: 2.17e+09	. Saving model... Model successfully saved in d5_d_t_5_norep_epoch284. Total time for epoch: 10.478368520736694s.
Iteration: 285	Loss: 0.0001	Acc: 1.0000	Validation Acc: 0.9862	Validation Loss: 0.3125	Cumulative # of training samples: 2.18e+09	. Saving model... Model successfully saved in d5_d_t_5_norep_epoch285. Total time for epoch: 10.492485761642456s.
Iteration: 286	Loss: 0.0001	Acc: 1.0000	Validation Acc: 0.9859	Validation Loss: 0.3084	Cumulative # of training samples: 2.18e+09	. Saving model... Model successfully saved in d5_d_t_5_norep_epoch286. Total time for epoch: 10.58515477180481s.
Iteration: 287	Loss: 0.0001	Acc: 1.0000	Validation Acc: 0.9864	Validation Loss: 0.3172	Cumulative # of training samples: 2.18e+09	. Saving model... Model successfully saved in d5_d_t_5_norep_epoch287. Total time for epoch: 10.741747617721558s.
Iteration: 288	Loss: 0.0001	Acc: 1.0000	Validation Acc: 0.9862	Validation Loss: 0.3112	Cumulative # of training samples: 2.19e+09	. Saving model... Model successfully saved in d5_d_t_5_norep_epoch288. Total time for epoch: 10.766314506530762s.
Iteration: 289	Loss: 0.0001	Acc: 1.0000	Validation Acc: 0.9862	Validation Loss: 0.3253	Cumulative # of training samples: 2.20e+09	. Saving model... Model successfully saved in d5_d_t_5_norep_epoch289. Total time for epoch: 10.725170850753784s.
Iteration: 290	Loss: 0.0001	Acc: 1.0000	Validation Acc: 0.9857	Validation Loss: 0.3144	Cumulative # of training samples: 2.20e+09	. Saving model... Model successfully saved in d5_d_t_5_norep_epoch290. Total time for epoch: 10.458555459976196s.
Iteration: 291	Loss: 0.0001	Acc: 1.0000	Validation Acc: 0.9859	Validation Loss: 0.3115	Cumulative # of training samples: 2.20e+09	. Saving model... Model successfully saved in d5_d_t_5_norep_epoch291. Total time for epoch: 10.547465324401855s.
Iteration: 292	Loss: 0.0001	Acc: 1.0000	Validation Acc: 0.9862	Validation Loss: 0.3224	Cumulative # of training samples: 2.21e+09	. Saving model... Model successfully saved in d5_d_t_5_norep_epoch292. Total time for epoch: 10.628321886062622s.
Iteration: 293	Loss: 0.0001	Acc: 1.0000	Validation Acc: 0.9859	Validation Loss: 0.3257	Cumulative # of training samples: 2.22e+09	. Saving model... Model successfully saved in d5_d_t_5_norep_epoch293. Total time for epoch: 10.898940086364746s.
Iteration: 294	Loss: 0.0001	Acc: 1.0000	Validation Acc: 0.9858	Validation Loss: 0.3239	Cumulative # of training samples: 2.22e+09	. Saving model... Model successfully saved in d5_d_t_5_norep_epoch294. Total time for epoch: 10.763365268707275s.
Iteration: 295	Loss: 0.0001	Acc: 1.0000	Validation Acc: 0.9866	Validation Loss: 0.3322	Cumulative # of training samples: 2.22e+09	. Saving model... Model successfully saved in d5_d_t_5_norep_epoch295. Total time for epoch: 10.465407133102417s.
Iteration: 296	Loss: 0.0001	Acc: 1.0000	Validation Acc: 0.9860	Validation Loss: 0.3245	Cumulative # of training samples: 2.23e+09	. Saving model... Model successfully saved in d5_d_t_5_norep_epoch296. Total time for epoch: 10.505668878555298s.
Iteration: 297	Loss: 0.0001	Acc: 1.0000	Validation Acc: 0.9859	Validation Loss: 0.3369	Cumulative # of training samples: 2.24e+09	. Saving model... Model successfully saved in d5_d_t_5_norep_epoch297. Total time for epoch: 10.624771118164062s.
Iteration: 298	Loss: 0.0001	Acc: 1.0000	Validation Acc: 0.9859	Validation Loss: 0.3220	Cumulative # of training samples: 2.24e+09	. Saving model... Model successfully saved in d5_d_t_5_norep_epoch298. Total time for epoch: 10.843363285064697s.
Iteration: 299	Loss: 0.0001	Acc: 1.0000	Validation Acc: 0.9862	Validation Loss: 0.3239	Cumulative # of training samples: 2.24e+09	. Saving model... Model successfully saved in d5_d_t_5_norep_epoch299. Total time for epoch: 10.81976056098938s.
Iteration: 300	Loss: 0.0001	Acc: 1.0000	Validation Acc: 0.9863	Validation Loss: 0.3359	Cumulative # of training samples: 2.25e+09	. Saving model... Model successfully saved in d5_d_t_5_norep_epoch300. Total time for epoch: 10.51906681060791s.
Completed all training iterations!
Saving final model, history and data to file.

==== BENCHMARKING ====
Training setup: 0.003122030757367611
Sampling and Graphing: 2490.4027342619374
Fitting: 51740.58214077633
	Sum: 54230.98799706902


=== Training completely ended. ===
