
==== DECODER PARAMETERS ====
Moving model to cuda... Done.
{'model': {'class': <class 'src.gnn_models.GNN_7'>, 'num_node_features': 5, 'num_classes': 1, 'loss': BCEWithLogitsLoss(), 'initial_learning_rate': 0.0001, 'manual_seed': 12345}, 'graph': {'m_nearest_nodes': 6, 'num_node_features': 5, 'power': 2.0}, 'cuda': True, 'silent': False, 'save_path': '/hpc/home/giuseppe.trimigno/GNN_decoder/results/circuit_level_noise/d5', 'save_prefix': 'd5_d_t_3_rep', 'resumed_training_file_name': None}
Code size: 5

Repetitions: 3

Training error rate: [0.001, 0.002, 0.003, 0.004, 0.005]


Loading training history, weights and optimizer to resume training from /hpc/home/giuseppe.trimigno/GNN_decoder/results/circuit_level_noise/d5/d5_d_t_3_rep_epoch200.pt... Correctly loaded model trained for 200 epochs.

==== TRAINING ====
Will save final results to file after training.
Generating data with 4 CPU cores, then moving it to device cuda.
Starting training with 100 iteration(s).
Buffer has 5000000 samples, replacing 1250000 samples with each iteration.
Total number of unique samples in this run: 1.30e+08
Cumulative # of training samples from previous runs: 1.00e+09
Data correctly red. Elapsed time: 771.1331281661987s
******************************
len(training_data)=5000000 ; len(validation_data)=50000
******************************
Sampling ended in 27.642618894577026s. Conversion to Data object ended in 154.6542673110962s.
Iteration: 201	Loss: 0.0086	Acc: 0.9971	Validation Acc: 0.9973	Validation Loss: 0.0086	Cumulative # of training samples: 2.00e+09	. Saving model... Model successfully saved in d5_d_t_3_rep_epoch201. Total time for epoch: 442.8108620643616s.
Sampling ended in 26.239936351776123s. Conversion to Data object ended in 152.45721650123596s.
Iteration: 202	Loss: 0.0086	Acc: 0.9971	Validation Acc: 0.9972	Validation Loss: 0.0086	Cumulative # of training samples: 2.01e+09	. Saving model... Model successfully saved in d5_d_t_3_rep_epoch202. Total time for epoch: 436.3724670410156s.
Sampling ended in 24.744073629379272s. Conversion to Data object ended in 148.72843766212463s.
Iteration: 203	Loss: 0.0092	Acc: 0.9970	Validation Acc: 0.9972	Validation Loss: 0.0085	Cumulative # of training samples: 2.02e+09	. Saving model... Model successfully saved in d5_d_t_3_rep_epoch203. Total time for epoch: 445.2197642326355s.
Sampling ended in 21.902222394943237s. Conversion to Data object ended in 148.6125204563141s.
Iteration: 204	Loss: 0.0086	Acc: 0.9971	Validation Acc: 0.9971	Validation Loss: 0.0086	Cumulative # of training samples: 2.02e+09	. Saving model... Model successfully saved in d5_d_t_3_rep_epoch204. Total time for epoch: 442.79756355285645s.
Sampling ended in 21.0400710105896s. Conversion to Data object ended in 149.68193459510803s.
Iteration: 205	Loss: 0.0085	Acc: 0.9971	Validation Acc: 0.9970	Validation Loss: 0.0084	Cumulative # of training samples: 2.02e+09	. Saving model... Model successfully saved in d5_d_t_3_rep_epoch205. Total time for epoch: 441.848023891449s.
Sampling ended in 20.00374412536621s. Conversion to Data object ended in 150.11551141738892s.
Iteration: 206	Loss: 0.0087	Acc: 0.9970	Validation Acc: 0.9973	Validation Loss: 0.0082	Cumulative # of training samples: 2.03e+09	. Saving model... Model successfully saved in d5_d_t_3_rep_epoch206. Total time for epoch: 439.38664960861206s.
Sampling ended in 19.2230966091156s. Conversion to Data object ended in 147.72163724899292s.
Iteration: 207	Loss: 0.0088	Acc: 0.9970	Validation Acc: 0.9967	Validation Loss: 0.0098	Cumulative # of training samples: 2.04e+09	. Saving model... Model successfully saved in d5_d_t_3_rep_epoch207. Total time for epoch: 433.3600995540619s.
Sampling ended in 18.81846809387207s. Conversion to Data object ended in 147.53853464126587s.
Iteration: 208	Loss: 0.0089	Acc: 0.9970	Validation Acc: 0.9971	Validation Loss: 0.0083	Cumulative # of training samples: 2.04e+09	. Saving model... Model successfully saved in d5_d_t_3_rep_epoch208. Total time for epoch: 423.6073100566864s.
Sampling ended in 18.9391188621521s. Conversion to Data object ended in 147.85464644432068s.
Iteration: 209	Loss: 0.0087	Acc: 0.9971	Validation Acc: 0.9970	Validation Loss: 0.0089	Cumulative # of training samples: 2.04e+09	. Saving model... Model successfully saved in d5_d_t_3_rep_epoch209. Total time for epoch: 420.49385619163513s.
Sampling ended in 19.03985095024109s. Conversion to Data object ended in 148.50933146476746s.
Iteration: 210	Loss: 0.0086	Acc: 0.9971	Validation Acc: 0.9972	Validation Loss: 0.0080	Cumulative # of training samples: 2.05e+09	. Saving model... Model successfully saved in d5_d_t_3_rep_epoch210. Total time for epoch: 421.34713792800903s.
Sampling ended in 18.716883182525635s. Conversion to Data object ended in 147.6383786201477s.
Iteration: 211	Loss: 0.0086	Acc: 0.9971	Validation Acc: 0.9968	Validation Loss: 0.0086	Cumulative # of training samples: 2.06e+09	. Saving model... Model successfully saved in d5_d_t_3_rep_epoch211. Total time for epoch: 420.0981764793396s.
Sampling ended in 18.587260484695435s. Conversion to Data object ended in 147.87870526313782s.
Iteration: 212	Loss: 0.0094	Acc: 0.9970	Validation Acc: 0.9970	Validation Loss: 0.0087	Cumulative # of training samples: 2.06e+09	. Saving model... Model successfully saved in d5_d_t_3_rep_epoch212. Total time for epoch: 423.510947227478s.
Sampling ended in 18.75441575050354s. Conversion to Data object ended in 148.00463771820068s.
Iteration: 213	Loss: 0.0085	Acc: 0.9971	Validation Acc: 0.9970	Validation Loss: 0.0082	Cumulative # of training samples: 2.06e+09	. Saving model... Model successfully saved in d5_d_t_3_rep_epoch213. Total time for epoch: 424.5837960243225s.
Sampling ended in 18.74551224708557s. Conversion to Data object ended in 148.59183931350708s.
Iteration: 214	Loss: 0.0088	Acc: 0.9971	Validation Acc: 0.9971	Validation Loss: 0.0087	Cumulative # of training samples: 2.07e+09	. Saving model... Model successfully saved in d5_d_t_3_rep_epoch214. Total time for epoch: 420.99049401283264s.
Sampling ended in 18.596187829971313s. Conversion to Data object ended in 147.88389372825623s.
Iteration: 215	Loss: 0.0086	Acc: 0.9971	Validation Acc: 0.9970	Validation Loss: 0.0091	Cumulative # of training samples: 2.08e+09	. Saving model... Model successfully saved in d5_d_t_3_rep_epoch215. Total time for epoch: 423.2144112586975s.
Sampling ended in 18.500638008117676s. Conversion to Data object ended in 147.82866764068604s.
Iteration: 216	Loss: 0.0086	Acc: 0.9971	Validation Acc: 0.9971	Validation Loss: 0.0089	Cumulative # of training samples: 2.08e+09	. Saving model... Model successfully saved in d5_d_t_3_rep_epoch216. Total time for epoch: 423.34574913978577s.
Sampling ended in 18.599836826324463s. Conversion to Data object ended in 148.02468466758728s.
Iteration: 217	Loss: 0.0095	Acc: 0.9968	Validation Acc: 0.9971	Validation Loss: 0.0087	Cumulative # of training samples: 2.08e+09	. Saving model... Model successfully saved in d5_d_t_3_rep_epoch217. Total time for epoch: 423.05543279647827s.
Sampling ended in 18.590045928955078s. Conversion to Data object ended in 148.03394222259521s.
Iteration: 218	Loss: 0.0087	Acc: 0.9971	Validation Acc: 0.9971	Validation Loss: 0.0089	Cumulative # of training samples: 2.09e+09	. Saving model... Model successfully saved in d5_d_t_3_rep_epoch218. Total time for epoch: 424.17089462280273s.
Sampling ended in 18.55425000190735s. Conversion to Data object ended in 147.15961003303528s.
Iteration: 219	Loss: 0.0088	Acc: 0.9970	Validation Acc: 0.9973	Validation Loss: 0.0086	Cumulative # of training samples: 2.10e+09	. Saving model... Model successfully saved in d5_d_t_3_rep_epoch219. Total time for epoch: 423.016010761261s.
Sampling ended in 18.482101678848267s. Conversion to Data object ended in 147.6411612033844s.
Iteration: 220	Loss: 0.0088	Acc: 0.9970	Validation Acc: 0.9970	Validation Loss: 0.0085	Cumulative # of training samples: 2.10e+09	. Saving model... Model successfully saved in d5_d_t_3_rep_epoch220. Total time for epoch: 422.9296624660492s.
Sampling ended in 18.591858386993408s. Conversion to Data object ended in 148.12719225883484s.
Iteration: 221	Loss: 0.0089	Acc: 0.9970	Validation Acc: 0.9973	Validation Loss: 0.0084	Cumulative # of training samples: 2.10e+09	. Saving model... Model successfully saved in d5_d_t_3_rep_epoch221. Total time for epoch: 425.5344977378845s.
Sampling ended in 18.65040421485901s. Conversion to Data object ended in 147.4385108947754s.
Iteration: 222	Loss: 0.0086	Acc: 0.9971	Validation Acc: 0.9971	Validation Loss: 0.0083	Cumulative # of training samples: 2.11e+09	. Saving model... Model successfully saved in d5_d_t_3_rep_epoch222. Total time for epoch: 424.6951673030853s.
Sampling ended in 18.443581581115723s. Conversion to Data object ended in 147.46881365776062s.
Iteration: 223	Loss: 0.0086	Acc: 0.9971	Validation Acc: 0.9970	Validation Loss: 0.0083	Cumulative # of training samples: 2.12e+09	. Saving model... Model successfully saved in d5_d_t_3_rep_epoch223. Total time for epoch: 419.37495517730713s.
Sampling ended in 18.510980367660522s. Conversion to Data object ended in 147.73819375038147s.
Iteration: 224	Loss: 0.0085	Acc: 0.9971	Validation Acc: 0.9970	Validation Loss: 0.0086	Cumulative # of training samples: 2.12e+09	. Saving model... Model successfully saved in d5_d_t_3_rep_epoch224. Total time for epoch: 423.07238841056824s.
Sampling ended in 18.587460041046143s. Conversion to Data object ended in 147.55537056922913s.
Iteration: 225	Loss: 0.0084	Acc: 0.9971	Validation Acc: 0.9971	Validation Loss: 0.0083	Cumulative # of training samples: 2.12e+09	. Saving model... Model successfully saved in d5_d_t_3_rep_epoch225. Total time for epoch: 419.79382395744324s.
Sampling ended in 18.646551847457886s. Conversion to Data object ended in 148.10701966285706s.
Iteration: 226	Loss: 0.0089	Acc: 0.9971	Validation Acc: 0.9968	Validation Loss: 0.0090	Cumulative # of training samples: 2.13e+09	. Saving model... Model successfully saved in d5_d_t_3_rep_epoch226. Total time for epoch: 420.5150225162506s.
Sampling ended in 18.469417333602905s. Conversion to Data object ended in 148.04573941230774s.
Iteration: 227	Loss: 0.0085	Acc: 0.9971	Validation Acc: 0.9969	Validation Loss: 0.0088	Cumulative # of training samples: 2.14e+09	. Saving model... Model successfully saved in d5_d_t_3_rep_epoch227. Total time for epoch: 423.5232849121094s.
Sampling ended in 18.42185354232788s. Conversion to Data object ended in 147.3720805644989s.
Iteration: 228	Loss: 0.0099	Acc: 0.9970	Validation Acc: 0.9967	Validation Loss: 0.0096	Cumulative # of training samples: 2.14e+09	. Saving model... Model successfully saved in d5_d_t_3_rep_epoch228. Total time for epoch: 422.2381184101105s.
Sampling ended in 18.51669669151306s. Conversion to Data object ended in 147.4283664226532s.
Iteration: 229	Loss: 0.0101	Acc: 0.9968	Validation Acc: 0.9970	Validation Loss: 0.0089	Cumulative # of training samples: 2.14e+09	. Saving model... Model successfully saved in d5_d_t_3_rep_epoch229. Total time for epoch: 423.2685980796814s.
Sampling ended in 18.61403203010559s. Conversion to Data object ended in 147.83171701431274s.
Iteration: 230	Loss: 0.0089	Acc: 0.9970	Validation Acc: 0.9972	Validation Loss: 0.0088	Cumulative # of training samples: 2.15e+09	. Saving model... Model successfully saved in d5_d_t_3_rep_epoch230. Total time for epoch: 423.2743971347809s.
Sampling ended in 18.420510292053223s. Conversion to Data object ended in 147.89838981628418s.
Iteration: 231	Loss: 0.0087	Acc: 0.9970	Validation Acc: 0.9970	Validation Loss: 0.0089	Cumulative # of training samples: 2.16e+09	. Saving model... Model successfully saved in d5_d_t_3_rep_epoch231. Total time for epoch: 423.4383146762848s.
Sampling ended in 18.508026361465454s. Conversion to Data object ended in 146.92826461791992s.
Iteration: 232	Loss: 0.0087	Acc: 0.9970	Validation Acc: 0.9973	Validation Loss: 0.0085	Cumulative # of training samples: 2.16e+09	. Saving model... Model successfully saved in d5_d_t_3_rep_epoch232. Total time for epoch: 422.1083776950836s.
Sampling ended in 18.593621730804443s. Conversion to Data object ended in 147.90034556388855s.
Iteration: 233	Loss: 0.0086	Acc: 0.9971	Validation Acc: 0.9971	Validation Loss: 0.0086	Cumulative # of training samples: 2.16e+09	. Saving model... Model successfully saved in d5_d_t_3_rep_epoch233. Total time for epoch: 422.7326850891113s.
Sampling ended in 18.5435528755188s. Conversion to Data object ended in 147.34730219841003s.
Iteration: 234	Loss: 0.0100	Acc: 0.9970	Validation Acc: 0.9970	Validation Loss: 0.0087	Cumulative # of training samples: 2.17e+09	. Saving model... Model successfully saved in d5_d_t_3_rep_epoch234. Total time for epoch: 420.0391118526459s.
Sampling ended in 18.507027626037598s. Conversion to Data object ended in 147.52539682388306s.
Iteration: 235	Loss: 0.0086	Acc: 0.9971	Validation Acc: 0.9971	Validation Loss: 0.0085	Cumulative # of training samples: 2.18e+09	. Saving model... Model successfully saved in d5_d_t_3_rep_epoch235. Total time for epoch: 422.27333879470825s.
Sampling ended in 18.46668314933777s. Conversion to Data object ended in 147.46403241157532s.
Iteration: 236	Loss: 0.0087	Acc: 0.9971	Validation Acc: 0.9974	Validation Loss: 0.0084	Cumulative # of training samples: 2.18e+09	. Saving model... Model successfully saved in d5_d_t_3_rep_epoch236. Total time for epoch: 418.4779119491577s.
Sampling ended in 18.574307680130005s. Conversion to Data object ended in 146.87606954574585s.
Iteration: 237	Loss: 0.0094	Acc: 0.9969	Validation Acc: 0.9970	Validation Loss: 0.0089	Cumulative # of training samples: 2.18e+09	. Saving model... Model successfully saved in d5_d_t_3_rep_epoch237. Total time for epoch: 421.20823335647583s.
Sampling ended in 18.62008500099182s. Conversion to Data object ended in 147.85093593597412s.
Iteration: 238	Loss: 0.0087	Acc: 0.9970	Validation Acc: 0.9973	Validation Loss: 0.0082	Cumulative # of training samples: 2.19e+09	. Saving model... Model successfully saved in d5_d_t_3_rep_epoch238. Total time for epoch: 421.5607144832611s.
Sampling ended in 18.463016986846924s. Conversion to Data object ended in 147.35475373268127s.
Iteration: 239	Loss: 0.0087	Acc: 0.9971	Validation Acc: 0.9972	Validation Loss: 0.0082	Cumulative # of training samples: 2.20e+09	. Saving model... Model successfully saved in d5_d_t_3_rep_epoch239. Total time for epoch: 423.09526801109314s.
Sampling ended in 18.42560362815857s. Conversion to Data object ended in 147.96922159194946s.
Iteration: 240	Loss: 0.0086	Acc: 0.9971	Validation Acc: 0.9971	Validation Loss: 0.0087	Cumulative # of training samples: 2.20e+09	. Saving model... Model successfully saved in d5_d_t_3_rep_epoch240. Total time for epoch: 421.0673654079437s.
Sampling ended in 18.563730001449585s. Conversion to Data object ended in 146.99184727668762s.
Iteration: 241	Loss: 0.0098	Acc: 0.9969	Validation Acc: 0.9971	Validation Loss: 0.0088	Cumulative # of training samples: 2.20e+09	. Saving model... Model successfully saved in d5_d_t_3_rep_epoch241. Total time for epoch: 418.822585105896s.
Sampling ended in 18.536735773086548s. Conversion to Data object ended in 148.28744864463806s.
Iteration: 242	Loss: 0.2380	Acc: 0.9968	Validation Acc: 0.9970	Validation Loss: 0.0090	Cumulative # of training samples: 2.21e+09	. Saving model... Model successfully saved in d5_d_t_3_rep_epoch242. Total time for epoch: 421.702273607254s.
Sampling ended in 18.532315015792847s. Conversion to Data object ended in 147.3689467906952s.
Iteration: 243	Loss: 0.0089	Acc: 0.9970	Validation Acc: 0.9969	Validation Loss: 0.0088	Cumulative # of training samples: 2.22e+09	. Saving model... Model successfully saved in d5_d_t_3_rep_epoch243. Total time for epoch: 419.28101205825806s.
Sampling ended in 18.424232482910156s. Conversion to Data object ended in 147.84288573265076s.
Iteration: 244	Loss: 0.0091	Acc: 0.9970	Validation Acc: 0.9969	Validation Loss: 0.0090	Cumulative # of training samples: 2.22e+09	. Saving model... Model successfully saved in d5_d_t_3_rep_epoch244. Total time for epoch: 423.4103286266327s.
Sampling ended in 18.5369873046875s. Conversion to Data object ended in 147.85271048545837s.
Iteration: 245	Loss: 0.0088	Acc: 0.9970	Validation Acc: 0.9970	Validation Loss: 0.0089	Cumulative # of training samples: 2.22e+09	. Saving model... Model successfully saved in d5_d_t_3_rep_epoch245. Total time for epoch: 423.0214297771454s.
Sampling ended in 18.511048793792725s. Conversion to Data object ended in 147.93653321266174s.
Iteration: 246	Loss: 0.0088	Acc: 0.9970	Validation Acc: 0.9970	Validation Loss: 0.0088	Cumulative # of training samples: 2.23e+09	. Saving model... Model successfully saved in d5_d_t_3_rep_epoch246. Total time for epoch: 424.89481925964355s.
Sampling ended in 18.46943187713623s. Conversion to Data object ended in 147.4262580871582s.
Iteration: 247	Loss: 0.0096	Acc: 0.9969	Validation Acc: 0.9968	Validation Loss: 0.0092	Cumulative # of training samples: 2.24e+09	. Saving model... Model successfully saved in d5_d_t_3_rep_epoch247. Total time for epoch: 421.92811584472656s.
Sampling ended in 18.533804178237915s. Conversion to Data object ended in 147.934312582016s.
Iteration: 248	Loss: 0.0086	Acc: 0.9971	Validation Acc: 0.9970	Validation Loss: 0.0087	Cumulative # of training samples: 2.24e+09	. Saving model... Model successfully saved in d5_d_t_3_rep_epoch248. Total time for epoch: 418.13176822662354s.
Sampling ended in 18.660831689834595s. Conversion to Data object ended in 147.44153594970703s.
Iteration: 249	Loss: 0.0086	Acc: 0.9971	Validation Acc: 0.9970	Validation Loss: 0.0089	Cumulative # of training samples: 2.24e+09	. Saving model... Model successfully saved in d5_d_t_3_rep_epoch249. Total time for epoch: 419.714231967926s.
Sampling ended in 18.474056243896484s. Conversion to Data object ended in 147.7211754322052s.
Iteration: 250	Loss: 0.0112	Acc: 0.9968	Validation Acc: 0.9969	Validation Loss: 0.0089	Cumulative # of training samples: 2.25e+09	. Saving model... Model successfully saved in d5_d_t_3_rep_epoch250. Total time for epoch: 421.8945326805115s.
Changing learning rate from 0.0001 to 1e-05
Sampling ended in 18.544615983963013s. Conversion to Data object ended in 147.81242609024048s.
Iteration: 251	Loss: 0.0082	Acc: 0.9972	Validation Acc: 0.9971	Validation Loss: 0.0085	Cumulative # of training samples: 2.26e+09	. Saving model... Model successfully saved in d5_d_t_3_rep_epoch251. Total time for epoch: 421.8064031600952s.
Changing learning rate from 1e-05 to 1e-05
Sampling ended in 18.408469438552856s. Conversion to Data object ended in 147.06409192085266s.
Iteration: 252	Loss: 0.0083	Acc: 0.9972	Validation Acc: 0.9972	Validation Loss: 0.0084	Cumulative # of training samples: 2.26e+09	. Saving model... Model successfully saved in d5_d_t_3_rep_epoch252. Total time for epoch: 421.72511172294617s.
Changing learning rate from 1e-05 to 1e-05
Sampling ended in 18.562071323394775s. Conversion to Data object ended in 146.9008936882019s.
Iteration: 253	Loss: 0.0085	Acc: 0.9971	Validation Acc: 0.9972	Validation Loss: 0.0083	Cumulative # of training samples: 2.26e+09	. Saving model... Model successfully saved in d5_d_t_3_rep_epoch253. Total time for epoch: 419.59217643737793s.
Changing learning rate from 1e-05 to 1e-05
Sampling ended in 18.62492346763611s. Conversion to Data object ended in 148.2274694442749s.
Iteration: 254	Loss: 0.0085	Acc: 0.9971	Validation Acc: 0.9971	Validation Loss: 0.0083	Cumulative # of training samples: 2.27e+09	. Saving model... Model successfully saved in d5_d_t_3_rep_epoch254. Total time for epoch: 425.5347549915314s.
Changing learning rate from 1e-05 to 1e-05
Sampling ended in 18.549659490585327s. Conversion to Data object ended in 147.78182554244995s.
Iteration: 255	Loss: 0.0084	Acc: 0.9972	Validation Acc: 0.9970	Validation Loss: 0.0083	Cumulative # of training samples: 2.28e+09	. Saving model... Model successfully saved in d5_d_t_3_rep_epoch255. Total time for epoch: 419.3072829246521s.
Changing learning rate from 1e-05 to 1e-05
Sampling ended in 18.48370099067688s. Conversion to Data object ended in 147.51127290725708s.
Iteration: 256	Loss: 0.0084	Acc: 0.9972	Validation Acc: 0.9970	Validation Loss: 0.0082	Cumulative # of training samples: 2.28e+09	. Saving model... Model successfully saved in d5_d_t_3_rep_epoch256. Total time for epoch: 420.03719449043274s.
Changing learning rate from 1e-05 to 1e-05
Sampling ended in 18.59969663619995s. Conversion to Data object ended in 147.9393982887268s.
Iteration: 257	Loss: 0.0083	Acc: 0.9972	Validation Acc: 0.9973	Validation Loss: 0.0082	Cumulative # of training samples: 2.28e+09	. Saving model... Model successfully saved in d5_d_t_3_rep_epoch257. Total time for epoch: 423.24948048591614s.
Changing learning rate from 1e-05 to 1e-05
Sampling ended in 18.532901287078857s. Conversion to Data object ended in 147.7316598892212s.
Iteration: 258	Loss: 0.0083	Acc: 0.9972	Validation Acc: 0.9972	Validation Loss: 0.0081	Cumulative # of training samples: 2.29e+09	. Saving model... Model successfully saved in d5_d_t_3_rep_epoch258. Total time for epoch: 423.4091520309448s.
Changing learning rate from 1e-05 to 1e-05
Sampling ended in 18.48181676864624s. Conversion to Data object ended in 148.0543291568756s.
Iteration: 259	Loss: 0.0084	Acc: 0.9971	Validation Acc: 0.9973	Validation Loss: 0.0081	Cumulative # of training samples: 2.30e+09	. Saving model... Model successfully saved in d5_d_t_3_rep_epoch259. Total time for epoch: 423.17226910591125s.
Changing learning rate from 1e-05 to 1e-05
Sampling ended in 18.45828890800476s. Conversion to Data object ended in 147.38285756111145s.
Iteration: 260	Loss: 0.0084	Acc: 0.9972	Validation Acc: 0.9973	Validation Loss: 0.0079	Cumulative # of training samples: 2.30e+09	. Saving model... Model successfully saved in d5_d_t_3_rep_epoch260. Total time for epoch: 418.55207562446594s.
Changing learning rate from 1e-05 to 1e-05
Sampling ended in 18.652853965759277s. Conversion to Data object ended in 147.86251664161682s.
Iteration: 261	Loss: 0.0084	Acc: 0.9971	Validation Acc: 0.9972	Validation Loss: 0.0080	Cumulative # of training samples: 2.30e+09	. Saving model... Model successfully saved in d5_d_t_3_rep_epoch261. Total time for epoch: 421.19895911216736s.
Changing learning rate from 1e-05 to 1e-05
Sampling ended in 18.461031198501587s. Conversion to Data object ended in 147.60292506217957s.
Iteration: 262	Loss: 0.0084	Acc: 0.9971	Validation Acc: 0.9973	Validation Loss: 0.0079	Cumulative # of training samples: 2.31e+09	. Saving model... Model successfully saved in d5_d_t_3_rep_epoch262. Total time for epoch: 422.9382014274597s.
Changing learning rate from 1e-05 to 1e-05
Sampling ended in 18.542614459991455s. Conversion to Data object ended in 147.84571027755737s.
Iteration: 263	Loss: 0.0084	Acc: 0.9971	Validation Acc: 0.9973	Validation Loss: 0.0080	Cumulative # of training samples: 2.32e+09	. Saving model... Model successfully saved in d5_d_t_3_rep_epoch263. Total time for epoch: 420.2613410949707s.
Changing learning rate from 1e-05 to 1e-05
Sampling ended in 18.40210199356079s. Conversion to Data object ended in 147.65853333473206s.
Iteration: 264	Loss: 0.0083	Acc: 0.9972	Validation Acc: 0.9974	Validation Loss: 0.0079	Cumulative # of training samples: 2.32e+09	. Saving model... Model successfully saved in d5_d_t_3_rep_epoch264. Total time for epoch: 423.64021944999695s.
Changing learning rate from 1e-05 to 1e-05
Sampling ended in 18.656848430633545s. Conversion to Data object ended in 147.36338019371033s.
Iteration: 265	Loss: 0.0083	Acc: 0.9972	Validation Acc: 0.9974	Validation Loss: 0.0080	Cumulative # of training samples: 2.32e+09	. Saving model... Model successfully saved in d5_d_t_3_rep_epoch265. Total time for epoch: 419.2626564502716s.
Changing learning rate from 1e-05 to 1e-05
Sampling ended in 18.594582319259644s. Conversion to Data object ended in 148.31325721740723s.
Iteration: 266	Loss: 0.0083	Acc: 0.9972	Validation Acc: 0.9975	Validation Loss: 0.0079	Cumulative # of training samples: 2.33e+09	. Saving model... Model successfully saved in d5_d_t_3_rep_epoch266. Total time for epoch: 423.3931465148926s.
Changing learning rate from 1e-05 to 1e-05
Sampling ended in 18.50628662109375s. Conversion to Data object ended in 147.62802267074585s.
Iteration: 267	Loss: 0.0083	Acc: 0.9972	Validation Acc: 0.9974	Validation Loss: 0.0079	Cumulative # of training samples: 2.34e+09	. Saving model... Model successfully saved in d5_d_t_3_rep_epoch267. Total time for epoch: 422.7348189353943s.
Changing learning rate from 1e-05 to 1e-05
Sampling ended in 18.367006063461304s. Conversion to Data object ended in 147.80229926109314s.
Iteration: 268	Loss: 0.0083	Acc: 0.9972	Validation Acc: 0.9974	Validation Loss: 0.0078	Cumulative # of training samples: 2.34e+09	. Saving model... Model successfully saved in d5_d_t_3_rep_epoch268. Total time for epoch: 423.06385254859924s.
Changing learning rate from 1e-05 to 1e-05
Sampling ended in 18.54476022720337s. Conversion to Data object ended in 147.556072473526s.
Iteration: 269	Loss: 0.0082	Acc: 0.9972	Validation Acc: 0.9974	Validation Loss: 0.0078	Cumulative # of training samples: 2.34e+09	. Saving model... Model successfully saved in d5_d_t_3_rep_epoch269. Total time for epoch: 423.65604186058044s.
Changing learning rate from 1e-05 to 1e-05
Sampling ended in 18.61254906654358s. Conversion to Data object ended in 147.91025233268738s.
Iteration: 270	Loss: 0.0082	Acc: 0.9972	Validation Acc: 0.9974	Validation Loss: 0.0078	Cumulative # of training samples: 2.35e+09	. Saving model... Model successfully saved in d5_d_t_3_rep_epoch270. Total time for epoch: 419.72805619239807s.
Changing learning rate from 1e-05 to 1e-05
Sampling ended in 18.630152225494385s. Conversion to Data object ended in 147.58887147903442s.
Iteration: 271	Loss: 0.0083	Acc: 0.9972	Validation Acc: 0.9975	Validation Loss: 0.0078	Cumulative # of training samples: 2.36e+09	. Saving model... Model successfully saved in d5_d_t_3_rep_epoch271. Total time for epoch: 422.5317726135254s.
Changing learning rate from 1e-05 to 1e-05
Sampling ended in 18.412030935287476s. Conversion to Data object ended in 148.18799114227295s.
Iteration: 272	Loss: 0.0082	Acc: 0.9972	Validation Acc: 0.9975	Validation Loss: 0.0078	Cumulative # of training samples: 2.36e+09	. Saving model... Model successfully saved in d5_d_t_3_rep_epoch272. Total time for epoch: 424.08018040657043s.
Changing learning rate from 1e-05 to 1e-05
Sampling ended in 18.571938037872314s. Conversion to Data object ended in 147.61031198501587s.
Iteration: 273	Loss: 0.0083	Acc: 0.9972	Validation Acc: 0.9974	Validation Loss: 0.0078	Cumulative # of training samples: 2.36e+09	. Saving model... Model successfully saved in d5_d_t_3_rep_epoch273. Total time for epoch: 422.4508445262909s.
Changing learning rate from 1e-05 to 1e-05
Sampling ended in 18.572078466415405s. Conversion to Data object ended in 147.86110997200012s.
Iteration: 274	Loss: 0.0083	Acc: 0.9972	Validation Acc: 0.9974	Validation Loss: 0.0078	Cumulative # of training samples: 2.37e+09	. Saving model... Model successfully saved in d5_d_t_3_rep_epoch274. Total time for epoch: 423.33077788352966s.
Changing learning rate from 1e-05 to 1e-05
Sampling ended in 18.453381776809692s. Conversion to Data object ended in 147.3796203136444s.
Iteration: 275	Loss: 0.0082	Acc: 0.9972	Validation Acc: 0.9975	Validation Loss: 0.0079	Cumulative # of training samples: 2.38e+09	. Saving model... Model successfully saved in d5_d_t_3_rep_epoch275. Total time for epoch: 421.8426835536957s.
Changing learning rate from 1e-05 to 1e-05
Sampling ended in 18.52018165588379s. Conversion to Data object ended in 147.93182706832886s.
Iteration: 276	Loss: 0.0082	Acc: 0.9972	Validation Acc: 0.9974	Validation Loss: 0.0079	Cumulative # of training samples: 2.38e+09	. Saving model... Model successfully saved in d5_d_t_3_rep_epoch276. Total time for epoch: 421.3925688266754s.
Changing learning rate from 1e-05 to 1e-05
Sampling ended in 18.693081855773926s. Conversion to Data object ended in 147.38294076919556s.
Iteration: 277	Loss: 0.0082	Acc: 0.9972	Validation Acc: 0.9974	Validation Loss: 0.0079	Cumulative # of training samples: 2.38e+09	. Saving model... Model successfully saved in d5_d_t_3_rep_epoch277. Total time for epoch: 421.9993495941162s.
Changing learning rate from 1e-05 to 1e-05
Sampling ended in 18.624627351760864s. Conversion to Data object ended in 147.74301433563232s.
Iteration: 278	Loss: 0.0080	Acc: 0.9973	Validation Acc: 0.9974	Validation Loss: 0.0079	Cumulative # of training samples: 2.39e+09	. Saving model... Model successfully saved in d5_d_t_3_rep_epoch278. Total time for epoch: 422.87925720214844s.
Changing learning rate from 1e-05 to 1e-05
Sampling ended in 18.563146829605103s. Conversion to Data object ended in 147.6027684211731s.
Iteration: 279	Loss: 0.0081	Acc: 0.9973	Validation Acc: 0.9973	Validation Loss: 0.0078	Cumulative # of training samples: 2.40e+09	. Saving model... Model successfully saved in d5_d_t_3_rep_epoch279. Total time for epoch: 418.51968812942505s.
Changing learning rate from 1e-05 to 1e-05
Sampling ended in 18.40206813812256s. Conversion to Data object ended in 147.7348325252533s.
Iteration: 280	Loss: 0.0081	Acc: 0.9973	Validation Acc: 0.9974	Validation Loss: 0.0078	Cumulative # of training samples: 2.40e+09	. Saving model... Model successfully saved in d5_d_t_3_rep_epoch280. Total time for epoch: 422.80290269851685s.
Changing learning rate from 1e-05 to 1e-05
Sampling ended in 18.651461362838745s. Conversion to Data object ended in 147.86968660354614s.
Iteration: 281	Loss: 0.0082	Acc: 0.9972	Validation Acc: 0.9974	Validation Loss: 0.0078	Cumulative # of training samples: 2.40e+09	. Saving model... Model successfully saved in d5_d_t_3_rep_epoch281. Total time for epoch: 423.5932791233063s.
Changing learning rate from 1e-05 to 1e-05
Sampling ended in 18.541763305664062s. Conversion to Data object ended in 148.18203330039978s.
Iteration: 282	Loss: 0.0082	Acc: 0.9972	Validation Acc: 0.9974	Validation Loss: 0.0078	Cumulative # of training samples: 2.41e+09	. Saving model... Model successfully saved in d5_d_t_3_rep_epoch282. Total time for epoch: 422.80368638038635s.
Changing learning rate from 1e-05 to 1e-05
Sampling ended in 18.52389645576477s. Conversion to Data object ended in 148.05767178535461s.
Iteration: 283	Loss: 0.0082	Acc: 0.9973	Validation Acc: 0.9974	Validation Loss: 0.0078	Cumulative # of training samples: 2.42e+09	. Saving model... Model successfully saved in d5_d_t_3_rep_epoch283. Total time for epoch: 420.5179624557495s.
Changing learning rate from 1e-05 to 1e-05
Sampling ended in 18.462681531906128s. Conversion to Data object ended in 147.4473648071289s.
Iteration: 284	Loss: 0.0082	Acc: 0.9973	Validation Acc: 0.9974	Validation Loss: 0.0079	Cumulative # of training samples: 2.42e+09	. Saving model... Model successfully saved in d5_d_t_3_rep_epoch284. Total time for epoch: 422.9382252693176s.
Changing learning rate from 1e-05 to 1e-05
Sampling ended in 18.54247784614563s. Conversion to Data object ended in 147.68340373039246s.
Iteration: 285	Loss: 0.0082	Acc: 0.9973	Validation Acc: 0.9973	Validation Loss: 0.0079	Cumulative # of training samples: 2.42e+09	. Saving model... Model successfully saved in d5_d_t_3_rep_epoch285. Total time for epoch: 423.4598124027252s.
Changing learning rate from 1e-05 to 1e-05
Sampling ended in 18.577377796173096s. Conversion to Data object ended in 147.93169784545898s.
Iteration: 286	Loss: 0.0082	Acc: 0.9972	Validation Acc: 0.9974	Validation Loss: 0.0079	Cumulative # of training samples: 2.43e+09	. Saving model... Model successfully saved in d5_d_t_3_rep_epoch286. Total time for epoch: 423.3631269931793s.
Changing learning rate from 1e-05 to 1e-05
Sampling ended in 18.54509663581848s. Conversion to Data object ended in 148.32556295394897s.
Iteration: 287	Loss: 0.0082	Acc: 0.9972	Validation Acc: 0.9974	Validation Loss: 0.0078	Cumulative # of training samples: 2.44e+09	. Saving model... Model successfully saved in d5_d_t_3_rep_epoch287. Total time for epoch: 433.87429761886597s.
Changing learning rate from 1e-05 to 1e-05
Sampling ended in 18.378849983215332s. Conversion to Data object ended in 148.3912136554718s.
Iteration: 288	Loss: 0.0082	Acc: 0.9972	Validation Acc: 0.9974	Validation Loss: 0.0079	Cumulative # of training samples: 2.44e+09	. Saving model... Model successfully saved in d5_d_t_3_rep_epoch288. Total time for epoch: 423.7805485725403s.
Changing learning rate from 1e-05 to 1e-05
Sampling ended in 18.647683143615723s. Conversion to Data object ended in 147.0301158428192s.
Iteration: 289	Loss: 0.0082	Acc: 0.9972	Validation Acc: 0.9974	Validation Loss: 0.0079	Cumulative # of training samples: 2.44e+09	. Saving model... Model successfully saved in d5_d_t_3_rep_epoch289. Total time for epoch: 420.7565381526947s.
Changing learning rate from 1e-05 to 1e-05
Sampling ended in 18.602522611618042s. Conversion to Data object ended in 147.7950234413147s.
Iteration: 290	Loss: 0.0082	Acc: 0.9972	Validation Acc: 0.9973	Validation Loss: 0.0078	Cumulative # of training samples: 2.45e+09	. Saving model... Model successfully saved in d5_d_t_3_rep_epoch290. Total time for epoch: 421.2933859825134s.
Changing learning rate from 1e-05 to 1e-05
Sampling ended in 18.492897510528564s. Conversion to Data object ended in 147.62049412727356s.
Iteration: 291	Loss: 0.0082	Acc: 0.9972	Validation Acc: 0.9973	Validation Loss: 0.0080	Cumulative # of training samples: 2.46e+09	. Saving model... Model successfully saved in d5_d_t_3_rep_epoch291. Total time for epoch: 422.11447858810425s.
Changing learning rate from 1e-05 to 1e-05
Sampling ended in 18.37355136871338s. Conversion to Data object ended in 147.8026921749115s.
Iteration: 292	Loss: 0.0081	Acc: 0.9973	Validation Acc: 0.9974	Validation Loss: 0.0078	Cumulative # of training samples: 2.46e+09	. Saving model... Model successfully saved in d5_d_t_3_rep_epoch292. Total time for epoch: 419.3772437572479s.
Changing learning rate from 1e-05 to 1e-05
Sampling ended in 18.542437314987183s. Conversion to Data object ended in 147.5779492855072s.
Iteration: 293	Loss: 0.0081	Acc: 0.9973	Validation Acc: 0.9975	Validation Loss: 0.0078	Cumulative # of training samples: 2.46e+09	. Saving model... Model successfully saved in d5_d_t_3_rep_epoch293. Total time for epoch: 421.57086849212646s.
Changing learning rate from 1e-05 to 1e-05
Sampling ended in 18.559473991394043s. Conversion to Data object ended in 148.36918759346008s.
Iteration: 294	Loss: 0.0080	Acc: 0.9973	Validation Acc: 0.9974	Validation Loss: 0.0078	Cumulative # of training samples: 2.47e+09	. Saving model... Model successfully saved in d5_d_t_3_rep_epoch294. Total time for epoch: 423.3889100551605s.
Changing learning rate from 1e-05 to 1e-05
Sampling ended in 18.553579807281494s. Conversion to Data object ended in 147.4597978591919s.
Iteration: 295	Loss: 0.0080	Acc: 0.9973	Validation Acc: 0.9976	Validation Loss: 0.0078	Cumulative # of training samples: 2.48e+09	. Saving model... Model successfully saved in d5_d_t_3_rep_epoch295. Total time for epoch: 418.5783233642578s.
Changing learning rate from 1e-05 to 1e-05
Sampling ended in 18.398420095443726s. Conversion to Data object ended in 147.1914427280426s.
Iteration: 296	Loss: 0.0081	Acc: 0.9973	Validation Acc: 0.9974	Validation Loss: 0.0077	Cumulative # of training samples: 2.48e+09	. Saving model... Model successfully saved in d5_d_t_3_rep_epoch296. Total time for epoch: 422.8111276626587s.
Changing learning rate from 1e-05 to 1e-05
Sampling ended in 18.46890687942505s. Conversion to Data object ended in 147.1179497241974s.
Iteration: 297	Loss: 0.0082	Acc: 0.9973	Validation Acc: 0.9975	Validation Loss: 0.0077	Cumulative # of training samples: 2.48e+09	. Saving model... Model successfully saved in d5_d_t_3_rep_epoch297. Total time for epoch: 423.20953392982483s.
Changing learning rate from 1e-05 to 1e-05
Sampling ended in 18.593352556228638s. Conversion to Data object ended in 148.1498920917511s.
Iteration: 298	Loss: 0.0082	Acc: 0.9973	Validation Acc: 0.9975	Validation Loss: 0.0077	Cumulative # of training samples: 2.49e+09	. Saving model... Model successfully saved in d5_d_t_3_rep_epoch298. Total time for epoch: 419.6772406101227s.
Changing learning rate from 1e-05 to 1e-05
Sampling ended in 18.513996839523315s. Conversion to Data object ended in 147.57982468605042s.
Iteration: 299	Loss: 0.0082	Acc: 0.9972	Validation Acc: 0.9975	Validation Loss: 0.0078	Cumulative # of training samples: 2.50e+09	. Saving model... Model successfully saved in d5_d_t_3_rep_epoch299. Total time for epoch: 424.2370111942291s.
Changing learning rate from 1e-05 to 1e-05
Sampling ended in 18.401757955551147s. Conversion to Data object ended in 147.44267439842224s.
Iteration: 300	Loss: 0.0081	Acc: 0.9973	Validation Acc: 0.9974	Validation Loss: 0.0078	Cumulative # of training samples: 2.50e+09	. Saving model... Model successfully saved in d5_d_t_3_rep_epoch300. Total time for epoch: 418.22195863723755s.
Completed all training iterations!
Saving final model, history and data to file.
/var/spool/slurm/slurmd/job2027804/slurm_script: line 54: 59726 Killed                  python buffer_training.py
slurmstepd: error: Detected 1 oom-kill event(s) in step 2027804.batch cgroup. Some of your processes may have been killed by the cgroup out-of-memory handler.
