
==== DECODER PARAMETERS ====
Moving model to cuda... Done.
{'model': {'class': <class 'src.gnn_models.GNN_7'>, 'num_node_features': 5, 'num_classes': 1, 'loss': BCEWithLogitsLoss(), 'initial_learning_rate': 0.0001, 'manual_seed': 12345}, 'graph': {'m_nearest_nodes': 6, 'num_node_features': 5, 'power': 2.0}, 'cuda': True, 'silent': False, 'save_path': '/hpc/home/giuseppe.trimigno/GNN_decoder/results/circuit_level_noise/d5', 'save_prefix': 'd5_d_t_5_rep', 'resumed_training_file_name': None}
Code size: 5

Repetitions: 5

Training error rate: [0.001, 0.002, 0.003, 0.004, 0.005]


Loading training history, weights and optimizer to resume training from /hpc/home/giuseppe.trimigno/GNN_decoder/results/circuit_level_noise/d5/d5_d_t_5_rep_epoch300.pt... Correctly loaded model trained for 300 epochs.

==== TRAINING ====
Will save final results to file after training.
Generating data with 4 CPU cores, then moving it to device cuda.
Starting training with 100 iteration(s).
Buffer has 5000000 samples, replacing 1250000 samples with each iteration.
Total number of unique samples in this run: 1.30e+08
Cumulative # of training samples from previous runs: 1.50e+09
Data correctly red. Elapsed time: 1292.949579000473s
******************************
len(training_data)=5000000 ; len(validation_data)=50000
******************************
Changing learning rate from 0.0001 to 1e-05
Sampling ended in 52.98796319961548s. Conversion to Data object ended in 227.1959183216095s.
Iteration: 301	Loss: 0.0125	Acc: 0.9956	Validation Acc: 0.9955	Validation Loss: 0.0131	Cumulative # of training samples: 3.00e+09	. Saving model... Model successfully saved in d5_d_t_5_rep_epoch301. Total time for epoch: 660.0127172470093s.
Changing learning rate from 1e-05 to 1e-05
Sampling ended in 50.85768222808838s. Conversion to Data object ended in 224.11451721191406s.
Iteration: 302	Loss: 0.0125	Acc: 0.9956	Validation Acc: 0.9956	Validation Loss: 0.0131	Cumulative # of training samples: 3.01e+09	. Saving model... Model successfully saved in d5_d_t_5_rep_epoch302. Total time for epoch: 657.1651973724365s.
Changing learning rate from 1e-05 to 1e-05
Sampling ended in 47.30428385734558s. Conversion to Data object ended in 220.952707529068s.
Iteration: 303	Loss: 0.0124	Acc: 0.9957	Validation Acc: 0.9955	Validation Loss: 0.0131	Cumulative # of training samples: 3.02e+09	. Saving model... Model successfully saved in d5_d_t_5_rep_epoch303. Total time for epoch: 660.4807043075562s.
Changing learning rate from 1e-05 to 1e-05
Sampling ended in 43.59841012954712s. Conversion to Data object ended in 217.89770531654358s.
Iteration: 304	Loss: 0.0124	Acc: 0.9956	Validation Acc: 0.9955	Validation Loss: 0.0131	Cumulative # of training samples: 3.02e+09	. Saving model... Model successfully saved in d5_d_t_5_rep_epoch304. Total time for epoch: 658.0842566490173s.
Changing learning rate from 1e-05 to 1e-05
Sampling ended in 45.15650749206543s. Conversion to Data object ended in 223.71751427650452s.
Iteration: 305	Loss: 0.0124	Acc: 0.9957	Validation Acc: 0.9954	Validation Loss: 0.0131	Cumulative # of training samples: 3.02e+09	. Saving model... Model successfully saved in d5_d_t_5_rep_epoch305. Total time for epoch: 661.8158538341522s.
Changing learning rate from 1e-05 to 1e-05
Sampling ended in 42.473570346832275s. Conversion to Data object ended in 219.57799673080444s.
Iteration: 306	Loss: 0.0124	Acc: 0.9957	Validation Acc: 0.9955	Validation Loss: 0.0130	Cumulative # of training samples: 3.03e+09	. Saving model... Model successfully saved in d5_d_t_5_rep_epoch306. Total time for epoch: 654.6996552944183s.
Changing learning rate from 1e-05 to 1e-05
Sampling ended in 40.18698072433472s. Conversion to Data object ended in 217.9541609287262s.
Iteration: 307	Loss: 0.0124	Acc: 0.9956	Validation Acc: 0.9955	Validation Loss: 0.0131	Cumulative # of training samples: 3.04e+09	. Saving model... Model successfully saved in d5_d_t_5_rep_epoch307. Total time for epoch: 655.7721915245056s.
Changing learning rate from 1e-05 to 1e-05
Sampling ended in 39.485543727874756s. Conversion to Data object ended in 216.15638136863708s.
Iteration: 308	Loss: 0.0124	Acc: 0.9957	Validation Acc: 0.9956	Validation Loss: 0.0130	Cumulative # of training samples: 3.04e+09	. Saving model... Model successfully saved in d5_d_t_5_rep_epoch308. Total time for epoch: 651.5282938480377s.
Changing learning rate from 1e-05 to 1e-05
Sampling ended in 39.53756070137024s. Conversion to Data object ended in 218.02300548553467s.
Iteration: 309	Loss: 0.0124	Acc: 0.9957	Validation Acc: 0.9955	Validation Loss: 0.0131	Cumulative # of training samples: 3.04e+09	. Saving model... Model successfully saved in d5_d_t_5_rep_epoch309. Total time for epoch: 654.1153078079224s.
Changing learning rate from 1e-05 to 1e-05
Sampling ended in 38.93903374671936s. Conversion to Data object ended in 216.18405890464783s.
Iteration: 310	Loss: 0.0124	Acc: 0.9957	Validation Acc: 0.9955	Validation Loss: 0.0131	Cumulative # of training samples: 3.05e+09	. Saving model... Model successfully saved in d5_d_t_5_rep_epoch310. Total time for epoch: 643.7736756801605s.
Changing learning rate from 1e-05 to 1e-05
Sampling ended in 38.09475135803223s. Conversion to Data object ended in 215.87687182426453s.
Iteration: 311	Loss: 0.0124	Acc: 0.9957	Validation Acc: 0.9955	Validation Loss: 0.0130	Cumulative # of training samples: 3.06e+09	. Saving model... Model successfully saved in d5_d_t_5_rep_epoch311. Total time for epoch: 642.3660190105438s.
Changing learning rate from 1e-05 to 1e-05
Sampling ended in 38.06547474861145s. Conversion to Data object ended in 216.24393439292908s.
Iteration: 312	Loss: 0.0126	Acc: 0.9956	Validation Acc: 0.9955	Validation Loss: 0.0130	Cumulative # of training samples: 3.06e+09	. Saving model... Model successfully saved in d5_d_t_5_rep_epoch312. Total time for epoch: 639.608206987381s.
Changing learning rate from 1e-05 to 1e-05
Sampling ended in 38.35759353637695s. Conversion to Data object ended in 217.02644324302673s.
Iteration: 313	Loss: 0.0124	Acc: 0.9957	Validation Acc: 0.9954	Validation Loss: 0.0131	Cumulative # of training samples: 3.06e+09	. Saving model... Model successfully saved in d5_d_t_5_rep_epoch313. Total time for epoch: 638.8020632266998s.
Changing learning rate from 1e-05 to 1e-05
Sampling ended in 38.280253171920776s. Conversion to Data object ended in 217.93058252334595s.
Iteration: 314	Loss: 0.0125	Acc: 0.9957	Validation Acc: 0.9954	Validation Loss: 0.0130	Cumulative # of training samples: 3.07e+09	. Saving model... Model successfully saved in d5_d_t_5_rep_epoch314. Total time for epoch: 638.5116899013519s.
Changing learning rate from 1e-05 to 1e-05
Sampling ended in 38.60564637184143s. Conversion to Data object ended in 215.1925332546234s.
Iteration: 315	Loss: 0.0125	Acc: 0.9956	Validation Acc: 0.9954	Validation Loss: 0.0130	Cumulative # of training samples: 3.08e+09	. Saving model... Model successfully saved in d5_d_t_5_rep_epoch315. Total time for epoch: 636.7000019550323s.
Changing learning rate from 1e-05 to 1e-05
Sampling ended in 37.827471017837524s. Conversion to Data object ended in 215.8909454345703s.
Iteration: 316	Loss: 0.0124	Acc: 0.9957	Validation Acc: 0.9954	Validation Loss: 0.0131	Cumulative # of training samples: 3.08e+09	. Saving model... Model successfully saved in d5_d_t_5_rep_epoch316. Total time for epoch: 635.3997602462769s.
Changing learning rate from 1e-05 to 1e-05
Sampling ended in 37.8877854347229s. Conversion to Data object ended in 215.50674891471863s.
Iteration: 317	Loss: 0.0124	Acc: 0.9957	Validation Acc: 0.9954	Validation Loss: 0.0130	Cumulative # of training samples: 3.08e+09	. Saving model... Model successfully saved in d5_d_t_5_rep_epoch317. Total time for epoch: 636.486025094986s.
Changing learning rate from 1e-05 to 1e-05
Sampling ended in 37.77769088745117s. Conversion to Data object ended in 214.31303787231445s.
Iteration: 318	Loss: 0.0124	Acc: 0.9957	Validation Acc: 0.9955	Validation Loss: 0.0131	Cumulative # of training samples: 3.09e+09	. Saving model... Model successfully saved in d5_d_t_5_rep_epoch318. Total time for epoch: 634.6359705924988s.
Changing learning rate from 1e-05 to 1e-05
Sampling ended in 37.88707971572876s. Conversion to Data object ended in 214.183340549469s.
Iteration: 319	Loss: 0.0125	Acc: 0.9957	Validation Acc: 0.9953	Validation Loss: 0.0131	Cumulative # of training samples: 3.10e+09	. Saving model... Model successfully saved in d5_d_t_5_rep_epoch319. Total time for epoch: 632.7729871273041s.
Changing learning rate from 1e-05 to 1e-05
Sampling ended in 37.715824842453s. Conversion to Data object ended in 213.9180610179901s.
Iteration: 320	Loss: 0.0126	Acc: 0.9956	Validation Acc: 0.9955	Validation Loss: 0.0130	Cumulative # of training samples: 3.10e+09	. Saving model... Model successfully saved in d5_d_t_5_rep_epoch320. Total time for epoch: 633.595502614975s.
Changing learning rate from 1e-05 to 1e-05
Sampling ended in 37.609248638153076s. Conversion to Data object ended in 214.81524777412415s.
Iteration: 321	Loss: 0.0125	Acc: 0.9956	Validation Acc: 0.9952	Validation Loss: 0.0130	Cumulative # of training samples: 3.10e+09	. Saving model... Model successfully saved in d5_d_t_5_rep_epoch321. Total time for epoch: 634.4010117053986s.
Changing learning rate from 1e-05 to 1e-05
Sampling ended in 37.597899198532104s. Conversion to Data object ended in 215.3388373851776s.
Iteration: 322	Loss: 0.0125	Acc: 0.9956	Validation Acc: 0.9955	Validation Loss: 0.0129	Cumulative # of training samples: 3.11e+09	. Saving model... Model successfully saved in d5_d_t_5_rep_epoch322. Total time for epoch: 633.3848452568054s.
Changing learning rate from 1e-05 to 1e-05
Sampling ended in 37.49630641937256s. Conversion to Data object ended in 213.1170253753662s.
Iteration: 323	Loss: 0.0125	Acc: 0.9956	Validation Acc: 0.9953	Validation Loss: 0.0129	Cumulative # of training samples: 3.12e+09	. Saving model... Model successfully saved in d5_d_t_5_rep_epoch323. Total time for epoch: 633.2897193431854s.
Changing learning rate from 1e-05 to 1e-05
Sampling ended in 37.38130831718445s. Conversion to Data object ended in 213.9867081642151s.
Iteration: 324	Loss: 0.0125	Acc: 0.9956	Validation Acc: 0.9954	Validation Loss: 0.0129	Cumulative # of training samples: 3.12e+09	. Saving model... Model successfully saved in d5_d_t_5_rep_epoch324. Total time for epoch: 633.3168706893921s.
Changing learning rate from 1e-05 to 1e-05
Sampling ended in 37.4315710067749s. Conversion to Data object ended in 214.1063792705536s.
Iteration: 325	Loss: 0.0125	Acc: 0.9957	Validation Acc: 0.9954	Validation Loss: 0.0130	Cumulative # of training samples: 3.12e+09	. Saving model... Model successfully saved in d5_d_t_5_rep_epoch325. Total time for epoch: 631.7072894573212s.
Changing learning rate from 1e-05 to 1e-05
Sampling ended in 37.59521198272705s. Conversion to Data object ended in 213.31976437568665s.
Iteration: 326	Loss: 0.0125	Acc: 0.9956	Validation Acc: 0.9954	Validation Loss: 0.0129	Cumulative # of training samples: 3.13e+09	. Saving model... Model successfully saved in d5_d_t_5_rep_epoch326. Total time for epoch: 630.5307381153107s.
Changing learning rate from 1e-05 to 1e-05
Sampling ended in 37.40860986709595s. Conversion to Data object ended in 213.9271261692047s.
Iteration: 327	Loss: 0.0126	Acc: 0.9956	Validation Acc: 0.9954	Validation Loss: 0.0130	Cumulative # of training samples: 3.14e+09	. Saving model... Model successfully saved in d5_d_t_5_rep_epoch327. Total time for epoch: 632.8614106178284s.
Changing learning rate from 1e-05 to 1e-05
Sampling ended in 37.46201300621033s. Conversion to Data object ended in 213.98244524002075s.
Iteration: 328	Loss: 0.0126	Acc: 0.9956	Validation Acc: 0.9954	Validation Loss: 0.0129	Cumulative # of training samples: 3.14e+09	. Saving model... Model successfully saved in d5_d_t_5_rep_epoch328. Total time for epoch: 634.3444216251373s.
Changing learning rate from 1e-05 to 1e-05
Sampling ended in 37.49289917945862s. Conversion to Data object ended in 213.59190130233765s.
Iteration: 329	Loss: 0.0126	Acc: 0.9956	Validation Acc: 0.9954	Validation Loss: 0.0129	Cumulative # of training samples: 3.14e+09	. Saving model... Model successfully saved in d5_d_t_5_rep_epoch329. Total time for epoch: 632.4870355129242s.
Changing learning rate from 1e-05 to 1e-05
Sampling ended in 37.335829734802246s. Conversion to Data object ended in 213.36432480812073s.
Iteration: 330	Loss: 0.0126	Acc: 0.9956	Validation Acc: 0.9954	Validation Loss: 0.0129	Cumulative # of training samples: 3.15e+09	. Saving model... Model successfully saved in d5_d_t_5_rep_epoch330. Total time for epoch: 631.974463224411s.
Changing learning rate from 1e-05 to 1e-05
Sampling ended in 37.311052083969116s. Conversion to Data object ended in 212.62241387367249s.
Iteration: 331	Loss: 0.0125	Acc: 0.9956	Validation Acc: 0.9954	Validation Loss: 0.0129	Cumulative # of training samples: 3.16e+09	. Saving model... Model successfully saved in d5_d_t_5_rep_epoch331. Total time for epoch: 632.3038771152496s.
Changing learning rate from 1e-05 to 1e-05
Sampling ended in 37.37766098976135s. Conversion to Data object ended in 212.928640127182s.
Iteration: 332	Loss: 0.0124	Acc: 0.9956	Validation Acc: 0.9954	Validation Loss: 0.0131	Cumulative # of training samples: 3.16e+09	. Saving model... Model successfully saved in d5_d_t_5_rep_epoch332. Total time for epoch: 632.2580244541168s.
Changing learning rate from 1e-05 to 1e-05
Sampling ended in 37.2864191532135s. Conversion to Data object ended in 213.03697800636292s.
Iteration: 333	Loss: 0.0124	Acc: 0.9957	Validation Acc: 0.9954	Validation Loss: 0.0128	Cumulative # of training samples: 3.16e+09	. Saving model... Model successfully saved in d5_d_t_5_rep_epoch333. Total time for epoch: 629.3261160850525s.
Changing learning rate from 1e-05 to 1e-05
Sampling ended in 37.21812200546265s. Conversion to Data object ended in 212.7938003540039s.
Iteration: 334	Loss: 0.0124	Acc: 0.9957	Validation Acc: 0.9955	Validation Loss: 0.0131	Cumulative # of training samples: 3.17e+09	. Saving model... Model successfully saved in d5_d_t_5_rep_epoch334. Total time for epoch: 632.6149280071259s.
Changing learning rate from 1e-05 to 1e-05
Sampling ended in 37.26006293296814s. Conversion to Data object ended in 212.86753582954407s.
Iteration: 335	Loss: 0.0124	Acc: 0.9957	Validation Acc: 0.9955	Validation Loss: 0.0131	Cumulative # of training samples: 3.18e+09	. Saving model... Model successfully saved in d5_d_t_5_rep_epoch335. Total time for epoch: 631.5419685840607s.
Changing learning rate from 1e-05 to 1e-05
Sampling ended in 37.228161096572876s. Conversion to Data object ended in 211.7636215686798s.
Iteration: 336	Loss: 0.0124	Acc: 0.9957	Validation Acc: 0.9953	Validation Loss: 0.0132	Cumulative # of training samples: 3.18e+09	. Saving model... Model successfully saved in d5_d_t_5_rep_epoch336. Total time for epoch: 629.4608907699585s.
Changing learning rate from 1e-05 to 1e-05
Sampling ended in 37.26252627372742s. Conversion to Data object ended in 211.96459197998047s.
Iteration: 337	Loss: 0.0124	Acc: 0.9957	Validation Acc: 0.9955	Validation Loss: 0.0132	Cumulative # of training samples: 3.18e+09	. Saving model... Model successfully saved in d5_d_t_5_rep_epoch337. Total time for epoch: 629.130533695221s.
Changing learning rate from 1e-05 to 1e-05
Sampling ended in 37.257508277893066s. Conversion to Data object ended in 213.14841032028198s.
Iteration: 338	Loss: 0.0124	Acc: 0.9957	Validation Acc: 0.9954	Validation Loss: 0.0132	Cumulative # of training samples: 3.19e+09	. Saving model... Model successfully saved in d5_d_t_5_rep_epoch338. Total time for epoch: 632.204656124115s.
Changing learning rate from 1e-05 to 1e-05
Sampling ended in 37.08779811859131s. Conversion to Data object ended in 211.4744474887848s.
Iteration: 339	Loss: 0.0124	Acc: 0.9957	Validation Acc: 0.9953	Validation Loss: 0.0133	Cumulative # of training samples: 3.20e+09	. Saving model... Model successfully saved in d5_d_t_5_rep_epoch339. Total time for epoch: 626.075660943985s.
Changing learning rate from 1e-05 to 1e-05
Sampling ended in 37.20974946022034s. Conversion to Data object ended in 210.91706371307373s.
Iteration: 340	Loss: 0.0124	Acc: 0.9957	Validation Acc: 0.9953	Validation Loss: 0.0133	Cumulative # of training samples: 3.20e+09	. Saving model... Model successfully saved in d5_d_t_5_rep_epoch340. Total time for epoch: 629.5077674388885s.
Changing learning rate from 1e-05 to 1e-05
Sampling ended in 37.10529088973999s. Conversion to Data object ended in 211.09100198745728s.
Iteration: 341	Loss: 0.0123	Acc: 0.9957	Validation Acc: 0.9954	Validation Loss: 0.0133	Cumulative # of training samples: 3.20e+09	. Saving model... Model successfully saved in d5_d_t_5_rep_epoch341. Total time for epoch: 631.5723807811737s.
Changing learning rate from 1e-05 to 1e-05
Sampling ended in 37.15933060646057s. Conversion to Data object ended in 212.05481910705566s.
Iteration: 342	Loss: 0.0123	Acc: 0.9957	Validation Acc: 0.9953	Validation Loss: 0.0133	Cumulative # of training samples: 3.21e+09	. Saving model... Model successfully saved in d5_d_t_5_rep_epoch342. Total time for epoch: 628.7858760356903s.
Changing learning rate from 1e-05 to 1e-05
Sampling ended in 37.10093307495117s. Conversion to Data object ended in 211.29537630081177s.
Iteration: 343	Loss: 0.0123	Acc: 0.9957	Validation Acc: 0.9953	Validation Loss: 0.0133	Cumulative # of training samples: 3.22e+09	. Saving model... Model successfully saved in d5_d_t_5_rep_epoch343. Total time for epoch: 627.5031552314758s.
Changing learning rate from 1e-05 to 1e-05
Sampling ended in 37.01697754859924s. Conversion to Data object ended in 210.55968379974365s.
Iteration: 344	Loss: 0.0124	Acc: 0.9957	Validation Acc: 0.9953	Validation Loss: 0.0132	Cumulative # of training samples: 3.22e+09	. Saving model... Model successfully saved in d5_d_t_5_rep_epoch344. Total time for epoch: 626.8917922973633s.
Changing learning rate from 1e-05 to 1e-05
Sampling ended in 37.088069438934326s. Conversion to Data object ended in 211.24765062332153s.
Iteration: 345	Loss: 0.0124	Acc: 0.9957	Validation Acc: 0.9953	Validation Loss: 0.0132	Cumulative # of training samples: 3.22e+09	. Saving model... Model successfully saved in d5_d_t_5_rep_epoch345. Total time for epoch: 627.3144869804382s.
Changing learning rate from 1e-05 to 1e-05
Sampling ended in 37.25544333457947s. Conversion to Data object ended in 212.15173316001892s.
Iteration: 346	Loss: 0.0124	Acc: 0.9957	Validation Acc: 0.9954	Validation Loss: 0.0131	Cumulative # of training samples: 3.23e+09	. Saving model... Model successfully saved in d5_d_t_5_rep_epoch346. Total time for epoch: 627.0533535480499s.
Changing learning rate from 1e-05 to 1e-05
Sampling ended in 37.1046359539032s. Conversion to Data object ended in 211.6984314918518s.
Iteration: 347	Loss: 0.0124	Acc: 0.9957	Validation Acc: 0.9954	Validation Loss: 0.0131	Cumulative # of training samples: 3.24e+09	. Saving model... Model successfully saved in d5_d_t_5_rep_epoch347. Total time for epoch: 627.3842449188232s.
Changing learning rate from 1e-05 to 1e-05
Sampling ended in 36.95367622375488s. Conversion to Data object ended in 211.7117772102356s.
Iteration: 348	Loss: 0.0124	Acc: 0.9956	Validation Acc: 0.9955	Validation Loss: 0.0130	Cumulative # of training samples: 3.24e+09	. Saving model... Model successfully saved in d5_d_t_5_rep_epoch348. Total time for epoch: 630.7282207012177s.
Changing learning rate from 1e-05 to 1e-05
Sampling ended in 37.05710816383362s. Conversion to Data object ended in 211.4213638305664s.
Iteration: 349	Loss: 0.0123	Acc: 0.9957	Validation Acc: 0.9953	Validation Loss: 0.0131	Cumulative # of training samples: 3.24e+09	. Saving model... Model successfully saved in d5_d_t_5_rep_epoch349. Total time for epoch: 631.0778071880341s.
Changing learning rate from 1e-05 to 1e-05
Sampling ended in 37.011518716812134s. Conversion to Data object ended in 211.79093837738037s.
Iteration: 350	Loss: 0.0124	Acc: 0.9957	Validation Acc: 0.9952	Validation Loss: 0.0131	Cumulative # of training samples: 3.25e+09	. Saving model... Model successfully saved in d5_d_t_5_rep_epoch350. Total time for epoch: 628.3515403270721s.
Changing learning rate from 1e-05 to 1e-05
Sampling ended in 37.121265172958374s. Conversion to Data object ended in 212.0696258544922s.
Iteration: 351	Loss: 0.0124	Acc: 0.9957	Validation Acc: 0.9953	Validation Loss: 0.0130	Cumulative # of training samples: 3.26e+09	. Saving model... Model successfully saved in d5_d_t_5_rep_epoch351. Total time for epoch: 630.3234899044037s.
Changing learning rate from 1e-05 to 1e-05
Sampling ended in 37.04708766937256s. Conversion to Data object ended in 211.64032411575317s.
Iteration: 352	Loss: 0.0124	Acc: 0.9957	Validation Acc: 0.9954	Validation Loss: 0.0131	Cumulative # of training samples: 3.26e+09	. Saving model... Model successfully saved in d5_d_t_5_rep_epoch352. Total time for epoch: 628.2381081581116s.
Changing learning rate from 1e-05 to 1e-05
Sampling ended in 37.0203754901886s. Conversion to Data object ended in 211.76575636863708s.
Iteration: 353	Loss: 0.0124	Acc: 0.9957	Validation Acc: 0.9954	Validation Loss: 0.0130	Cumulative # of training samples: 3.26e+09	. Saving model... Model successfully saved in d5_d_t_5_rep_epoch353. Total time for epoch: 627.2189998626709s.
Changing learning rate from 1e-05 to 1e-05
Sampling ended in 37.013182640075684s. Conversion to Data object ended in 212.02417182922363s.
Iteration: 354	Loss: 0.0124	Acc: 0.9957	Validation Acc: 0.9956	Validation Loss: 0.0129	Cumulative # of training samples: 3.27e+09	. Saving model... Model successfully saved in d5_d_t_5_rep_epoch354. Total time for epoch: 628.1068212985992s.
Changing learning rate from 1e-05 to 1e-05
Sampling ended in 37.07704401016235s. Conversion to Data object ended in 211.08490896224976s.
Iteration: 355	Loss: 0.0123	Acc: 0.9957	Validation Acc: 0.9954	Validation Loss: 0.0131	Cumulative # of training samples: 3.28e+09	. Saving model... Model successfully saved in d5_d_t_5_rep_epoch355. Total time for epoch: 627.9511678218842s.
Changing learning rate from 1e-05 to 1e-05
Sampling ended in 36.95249319076538s. Conversion to Data object ended in 211.47972059249878s.
Iteration: 356	Loss: 0.0122	Acc: 0.9957	Validation Acc: 0.9956	Validation Loss: 0.0131	Cumulative # of training samples: 3.28e+09	. Saving model... Model successfully saved in d5_d_t_5_rep_epoch356. Total time for epoch: 630.2638075351715s.
Changing learning rate from 1e-05 to 1e-05
Sampling ended in 36.884594202041626s. Conversion to Data object ended in 211.4406614303589s.
Iteration: 357	Loss: 0.0123	Acc: 0.9957	Validation Acc: 0.9956	Validation Loss: 0.0130	Cumulative # of training samples: 3.28e+09	. Saving model... Model successfully saved in d5_d_t_5_rep_epoch357. Total time for epoch: 627.6039986610413s.
Changing learning rate from 1e-05 to 1e-05
Sampling ended in 37.027937173843384s. Conversion to Data object ended in 211.82314276695251s.
Iteration: 358	Loss: 0.0123	Acc: 0.9957	Validation Acc: 0.9956	Validation Loss: 0.0129	Cumulative # of training samples: 3.29e+09	. Saving model... Model successfully saved in d5_d_t_5_rep_epoch358. Total time for epoch: 627.4079570770264s.
Changing learning rate from 1e-05 to 1e-05
Sampling ended in 37.07115602493286s. Conversion to Data object ended in 211.56740832328796s.
Iteration: 359	Loss: 0.0124	Acc: 0.9956	Validation Acc: 0.9954	Validation Loss: 0.0129	Cumulative # of training samples: 3.30e+09	. Saving model... Model successfully saved in d5_d_t_5_rep_epoch359. Total time for epoch: 630.753084897995s.
Changing learning rate from 1e-05 to 1e-05
Sampling ended in 36.93829321861267s. Conversion to Data object ended in 211.9586706161499s.
Iteration: 360	Loss: 0.0124	Acc: 0.9956	Validation Acc: 0.9955	Validation Loss: 0.0129	Cumulative # of training samples: 3.30e+09	. Saving model... Model successfully saved in d5_d_t_5_rep_epoch360. Total time for epoch: 622.7480154037476s.
Changing learning rate from 1e-05 to 1e-05
Sampling ended in 36.83172130584717s. Conversion to Data object ended in 211.60536980628967s.
Iteration: 361	Loss: 0.0124	Acc: 0.9957	Validation Acc: 0.9956	Validation Loss: 0.0129	Cumulative # of training samples: 3.30e+09	. Saving model... Model successfully saved in d5_d_t_5_rep_epoch361. Total time for epoch: 619.1005961894989s.
Changing learning rate from 1e-05 to 1e-05
Sampling ended in 36.92196345329285s. Conversion to Data object ended in 211.69280815124512s.
Iteration: 362	Loss: 0.0124	Acc: 0.9957	Validation Acc: 0.9956	Validation Loss: 0.0128	Cumulative # of training samples: 3.31e+09	. Saving model... Model successfully saved in d5_d_t_5_rep_epoch362. Total time for epoch: 619.1298055648804s.
Changing learning rate from 1e-05 to 1e-05
Sampling ended in 37.033385276794434s. Conversion to Data object ended in 210.73133397102356s.
Iteration: 363	Loss: 0.0123	Acc: 0.9957	Validation Acc: 0.9956	Validation Loss: 0.0128	Cumulative # of training samples: 3.32e+09	. Saving model... Model successfully saved in d5_d_t_5_rep_epoch363. Total time for epoch: 618.3973941802979s.
Changing learning rate from 1e-05 to 1e-05
Sampling ended in 36.608564138412476s. Conversion to Data object ended in 210.32589960098267s.
Iteration: 364	Loss: 0.0124	Acc: 0.9957	Validation Acc: 0.9955	Validation Loss: 0.0129	Cumulative # of training samples: 3.32e+09	. Saving model... Model successfully saved in d5_d_t_5_rep_epoch364. Total time for epoch: 617.1643874645233s.
Changing learning rate from 1e-05 to 1e-05
Sampling ended in 36.7696750164032s. Conversion to Data object ended in 211.67808032035828s.
Iteration: 365	Loss: 0.0124	Acc: 0.9957	Validation Acc: 0.9956	Validation Loss: 0.0129	Cumulative # of training samples: 3.32e+09	. Saving model... Model successfully saved in d5_d_t_5_rep_epoch365. Total time for epoch: 619.3982837200165s.
Changing learning rate from 1e-05 to 1e-05
Sampling ended in 36.80222725868225s. Conversion to Data object ended in 210.5606985092163s.
Iteration: 366	Loss: 0.0123	Acc: 0.9957	Validation Acc: 0.9956	Validation Loss: 0.0128	Cumulative # of training samples: 3.33e+09	. Saving model... Model successfully saved in d5_d_t_5_rep_epoch366. Total time for epoch: 618.2199857234955s.
Changing learning rate from 1e-05 to 1e-05
Sampling ended in 36.72559475898743s. Conversion to Data object ended in 210.59018325805664s.
Iteration: 367	Loss: 0.0124	Acc: 0.9957	Validation Acc: 0.9957	Validation Loss: 0.0128	Cumulative # of training samples: 3.34e+09	. Saving model... Model successfully saved in d5_d_t_5_rep_epoch367. Total time for epoch: 618.0490574836731s.
Changing learning rate from 1e-05 to 1e-05
Sampling ended in 36.78917598724365s. Conversion to Data object ended in 210.41174721717834s.
Iteration: 368	Loss: 0.0123	Acc: 0.9957	Validation Acc: 0.9957	Validation Loss: 0.0128	Cumulative # of training samples: 3.34e+09	. Saving model... Model successfully saved in d5_d_t_5_rep_epoch368. Total time for epoch: 618.3756239414215s.
Changing learning rate from 1e-05 to 1e-05
Sampling ended in 36.6368191242218s. Conversion to Data object ended in 210.23142504692078s.
Iteration: 369	Loss: 0.0123	Acc: 0.9957	Validation Acc: 0.9956	Validation Loss: 0.0128	Cumulative # of training samples: 3.34e+09	. Saving model... Model successfully saved in d5_d_t_5_rep_epoch369. Total time for epoch: 617.5853054523468s.
Changing learning rate from 1e-05 to 1e-05
Sampling ended in 36.74657607078552s. Conversion to Data object ended in 210.9141149520874s.
Iteration: 370	Loss: 0.0123	Acc: 0.9957	Validation Acc: 0.9956	Validation Loss: 0.0128	Cumulative # of training samples: 3.35e+09	. Saving model... Model successfully saved in d5_d_t_5_rep_epoch370. Total time for epoch: 617.3997068405151s.
Changing learning rate from 1e-05 to 1e-05
Sampling ended in 36.79333186149597s. Conversion to Data object ended in 210.6195695400238s.
Iteration: 371	Loss: 0.0124	Acc: 0.9957	Validation Acc: 0.9956	Validation Loss: 0.0129	Cumulative # of training samples: 3.36e+09	. Saving model... Model successfully saved in d5_d_t_5_rep_epoch371. Total time for epoch: 617.6388485431671s.
Changing learning rate from 1e-05 to 1e-05
Sampling ended in 36.65618872642517s. Conversion to Data object ended in 209.71404123306274s.
Iteration: 372	Loss: 0.0124	Acc: 0.9957	Validation Acc: 0.9955	Validation Loss: 0.0128	Cumulative # of training samples: 3.36e+09	. Saving model... Model successfully saved in d5_d_t_5_rep_epoch372. Total time for epoch: 616.4742991924286s.
Changing learning rate from 1e-05 to 1e-05
Sampling ended in 36.68302941322327s. Conversion to Data object ended in 210.5615050792694s.
Iteration: 373	Loss: 0.0123	Acc: 0.9957	Validation Acc: 0.9956	Validation Loss: 0.0127	Cumulative # of training samples: 3.36e+09	. Saving model... Model successfully saved in d5_d_t_5_rep_epoch373. Total time for epoch: 617.507443189621s.
Changing learning rate from 1e-05 to 1e-05
Sampling ended in 36.817574977874756s. Conversion to Data object ended in 210.63489198684692s.
Iteration: 374	Loss: 0.0123	Acc: 0.9957	Validation Acc: 0.9956	Validation Loss: 0.0129	Cumulative # of training samples: 3.37e+09	. Saving model... Model successfully saved in d5_d_t_5_rep_epoch374. Total time for epoch: 617.3586342334747s.
Changing learning rate from 1e-05 to 1e-05
Sampling ended in 36.665385007858276s. Conversion to Data object ended in 209.72163128852844s.
Iteration: 375	Loss: 0.0122	Acc: 0.9957	Validation Acc: 0.9957	Validation Loss: 0.0128	Cumulative # of training samples: 3.38e+09	. Saving model... Model successfully saved in d5_d_t_5_rep_epoch375. Total time for epoch: 616.4788963794708s.
Changing learning rate from 1e-05 to 1e-05
Sampling ended in 36.77600336074829s. Conversion to Data object ended in 210.69941353797913s.
Iteration: 376	Loss: 0.0122	Acc: 0.9957	Validation Acc: 0.9957	Validation Loss: 0.0128	Cumulative # of training samples: 3.38e+09	. Saving model... Model successfully saved in d5_d_t_5_rep_epoch376. Total time for epoch: 617.9889070987701s.
Changing learning rate from 1e-05 to 1e-05
Sampling ended in 36.644243001937866s. Conversion to Data object ended in 211.10038113594055s.
Iteration: 377	Loss: 0.0122	Acc: 0.9957	Validation Acc: 0.9956	Validation Loss: 0.0129	Cumulative # of training samples: 3.38e+09	. Saving model... Model successfully saved in d5_d_t_5_rep_epoch377. Total time for epoch: 617.9028060436249s.
Changing learning rate from 1e-05 to 1e-05
Sampling ended in 36.7387433052063s. Conversion to Data object ended in 209.80232000350952s.
Iteration: 378	Loss: 0.0122	Acc: 0.9957	Validation Acc: 0.9957	Validation Loss: 0.0128	Cumulative # of training samples: 3.39e+09	. Saving model... Model successfully saved in d5_d_t_5_rep_epoch378. Total time for epoch: 616.2097499370575s.
Changing learning rate from 1e-05 to 1e-05
Sampling ended in 36.63087582588196s. Conversion to Data object ended in 210.4589602947235s.
Iteration: 379	Loss: 0.0122	Acc: 0.9957	Validation Acc: 0.9957	Validation Loss: 0.0128	Cumulative # of training samples: 3.40e+09	. Saving model... Model successfully saved in d5_d_t_5_rep_epoch379. Total time for epoch: 615.4011452198029s.
Changing learning rate from 1e-05 to 1e-05
Sampling ended in 36.68046307563782s. Conversion to Data object ended in 210.80033493041992s.
Iteration: 380	Loss: 0.0123	Acc: 0.9957	Validation Acc: 0.9958	Validation Loss: 0.0127	Cumulative # of training samples: 3.40e+09	. Saving model... Model successfully saved in d5_d_t_5_rep_epoch380. Total time for epoch: 615.6221611499786s.
Changing learning rate from 1e-05 to 1e-05
Sampling ended in 36.600720167160034s. Conversion to Data object ended in 210.00512957572937s.
Iteration: 381	Loss: 0.0123	Acc: 0.9957	Validation Acc: 0.9958	Validation Loss: 0.0128	Cumulative # of training samples: 3.40e+09	. Saving model... Model successfully saved in d5_d_t_5_rep_epoch381. Total time for epoch: 615.6010208129883s.
Changing learning rate from 1e-05 to 1e-05
Sampling ended in 36.603384017944336s. Conversion to Data object ended in 209.68096470832825s.
Iteration: 382	Loss: 0.0124	Acc: 0.9957	Validation Acc: 0.9956	Validation Loss: 0.0128	Cumulative # of training samples: 3.41e+09	. Saving model... Model successfully saved in d5_d_t_5_rep_epoch382. Total time for epoch: 614.7504034042358s.
Changing learning rate from 1e-05 to 1e-05
Sampling ended in 36.73763370513916s. Conversion to Data object ended in 210.190819978714s.
Iteration: 383	Loss: 0.0124	Acc: 0.9957	Validation Acc: 0.9956	Validation Loss: 0.0128	Cumulative # of training samples: 3.42e+09	. Saving model... Model successfully saved in d5_d_t_5_rep_epoch383. Total time for epoch: 614.9676942825317s.
Changing learning rate from 1e-05 to 1e-05
Sampling ended in 36.65896654129028s. Conversion to Data object ended in 209.87248468399048s.
Iteration: 384	Loss: 0.0124	Acc: 0.9957	Validation Acc: 0.9955	Validation Loss: 0.0129	Cumulative # of training samples: 3.42e+09	. Saving model... Model successfully saved in d5_d_t_5_rep_epoch384. Total time for epoch: 615.7615139484406s.
Changing learning rate from 1e-05 to 1e-05
Sampling ended in 36.6250855922699s. Conversion to Data object ended in 210.39361667633057s.
Iteration: 385	Loss: 0.0124	Acc: 0.9957	Validation Acc: 0.9958	Validation Loss: 0.0127	Cumulative # of training samples: 3.42e+09	. Saving model... Model successfully saved in d5_d_t_5_rep_epoch385. Total time for epoch: 615.6721937656403s.
Changing learning rate from 1e-05 to 1e-05
Sampling ended in 36.60038995742798s. Conversion to Data object ended in 209.00856184959412s.
Iteration: 386	Loss: 0.0124	Acc: 0.9957	Validation Acc: 0.9956	Validation Loss: 0.0127	Cumulative # of training samples: 3.43e+09	. Saving model... Model successfully saved in d5_d_t_5_rep_epoch386. Total time for epoch: 614.6092298030853s.
Changing learning rate from 1e-05 to 1e-05
Sampling ended in 36.62026071548462s. Conversion to Data object ended in 210.03413724899292s.
Iteration: 387	Loss: 0.0124	Acc: 0.9957	Validation Acc: 0.9957	Validation Loss: 0.0126	Cumulative # of training samples: 3.44e+09	. Saving model... Model successfully saved in d5_d_t_5_rep_epoch387. Total time for epoch: 616.5325174331665s.
Changing learning rate from 1e-05 to 1e-05
Sampling ended in 36.79680323600769s. Conversion to Data object ended in 209.89365458488464s.
Iteration: 388	Loss: 0.0124	Acc: 0.9957	Validation Acc: 0.9958	Validation Loss: 0.0127	Cumulative # of training samples: 3.44e+09	. Saving model... Model successfully saved in d5_d_t_5_rep_epoch388. Total time for epoch: 615.0880525112152s.
Changing learning rate from 1e-05 to 1e-05
Sampling ended in 36.553101539611816s. Conversion to Data object ended in 209.69786739349365s.
Iteration: 389	Loss: 0.0123	Acc: 0.9957	Validation Acc: 0.9957	Validation Loss: 0.0126	Cumulative # of training samples: 3.44e+09	. Saving model... Model successfully saved in d5_d_t_5_rep_epoch389. Total time for epoch: 614.8925995826721s.
Changing learning rate from 1e-05 to 1e-05
Sampling ended in 36.644834995269775s. Conversion to Data object ended in 211.03827571868896s.
Iteration: 390	Loss: 0.0123	Acc: 0.9957	Validation Acc: 0.9958	Validation Loss: 0.0126	Cumulative # of training samples: 3.45e+09	. Saving model... Model successfully saved in d5_d_t_5_rep_epoch390. Total time for epoch: 616.4994003772736s.
Changing learning rate from 1e-05 to 1e-05
Sampling ended in 36.73406171798706s. Conversion to Data object ended in 210.51309633255005s.
Iteration: 391	Loss: 0.0123	Acc: 0.9957	Validation Acc: 0.9959	Validation Loss: 0.0127	Cumulative # of training samples: 3.46e+09	. Saving model... Model successfully saved in d5_d_t_5_rep_epoch391. Total time for epoch: 615.7950501441956s.
Changing learning rate from 1e-05 to 1e-05
Sampling ended in 36.731839418411255s. Conversion to Data object ended in 209.66411972045898s.
Iteration: 392	Loss: 0.0123	Acc: 0.9957	Validation Acc: 0.9958	Validation Loss: 0.0128	Cumulative # of training samples: 3.46e+09	. Saving model... Model successfully saved in d5_d_t_5_rep_epoch392. Total time for epoch: 614.9062120914459s.
Changing learning rate from 1e-05 to 1e-05
Sampling ended in 36.59209060668945s. Conversion to Data object ended in 210.3271722793579s.
Iteration: 393	Loss: 0.0122	Acc: 0.9957	Validation Acc: 0.9957	Validation Loss: 0.0129	Cumulative # of training samples: 3.46e+09	. Saving model... Model successfully saved in d5_d_t_5_rep_epoch393. Total time for epoch: 615.6576216220856s.
Changing learning rate from 1e-05 to 1e-05
Sampling ended in 36.62341785430908s. Conversion to Data object ended in 210.51131224632263s.
Iteration: 394	Loss: 0.0122	Acc: 0.9957	Validation Acc: 0.9958	Validation Loss: 0.0128	Cumulative # of training samples: 3.47e+09	. Saving model... Model successfully saved in d5_d_t_5_rep_epoch394. Total time for epoch: 616.0708894729614s.
Changing learning rate from 1e-05 to 1e-05
Sampling ended in 36.718104124069214s. Conversion to Data object ended in 209.74703168869019s.
Iteration: 395	Loss: 0.0123	Acc: 0.9957	Validation Acc: 0.9957	Validation Loss: 0.0127	Cumulative # of training samples: 3.48e+09	. Saving model... Model successfully saved in d5_d_t_5_rep_epoch395. Total time for epoch: 614.4725518226624s.
Changing learning rate from 1e-05 to 1e-05
Sampling ended in 36.689178466796875s. Conversion to Data object ended in 210.7539598941803s.
Iteration: 396	Loss: 0.0122	Acc: 0.9957	Validation Acc: 0.9957	Validation Loss: 0.0128	Cumulative # of training samples: 3.48e+09	. Saving model... Model successfully saved in d5_d_t_5_rep_epoch396. Total time for epoch: 615.1708581447601s.
Changing learning rate from 1e-05 to 1e-05
Sampling ended in 36.66911315917969s. Conversion to Data object ended in 210.9899365901947s.
Iteration: 397	Loss: 0.0122	Acc: 0.9957	Validation Acc: 0.9958	Validation Loss: 0.0128	Cumulative # of training samples: 3.48e+09	. Saving model... Model successfully saved in d5_d_t_5_rep_epoch397. Total time for epoch: 615.682623386383s.
Changing learning rate from 1e-05 to 1e-05
Sampling ended in 36.704705238342285s. Conversion to Data object ended in 210.26402711868286s.
Iteration: 398	Loss: 0.0121	Acc: 0.9957	Validation Acc: 0.9957	Validation Loss: 0.0127	Cumulative # of training samples: 3.49e+09	. Saving model... Model successfully saved in d5_d_t_5_rep_epoch398. Total time for epoch: 614.9852554798126s.
Changing learning rate from 1e-05 to 1e-05
Sampling ended in 36.55945873260498s. Conversion to Data object ended in 210.0568127632141s.
Iteration: 399	Loss: 0.0121	Acc: 0.9958	Validation Acc: 0.9957	Validation Loss: 0.0127	Cumulative # of training samples: 3.50e+09	. Saving model... Model successfully saved in d5_d_t_5_rep_epoch399. Total time for epoch: 615.8116662502289s.
Changing learning rate from 1e-05 to 1e-05
Sampling ended in 36.600122690200806s. Conversion to Data object ended in 210.1748857498169s.
Iteration: 400	Loss: 0.0122	Acc: 0.9957	Validation Acc: 0.9957	Validation Loss: 0.0128	Cumulative # of training samples: 3.50e+09	. Saving model... Model successfully saved in d5_d_t_5_rep_epoch400. Total time for epoch: 615.1307511329651s.
Completed all training iterations!
Saving final model, history and data to file.

==== BENCHMARKING ====
Training setup: 0.028239067643880844
Sampling and Graphing: 28208.876567496918
Fitting: 35584.3049412258
	Sum: 63793.20974779036


=== Training completely ended. ===
