
==== DECODER PARAMETERS ====
Moving model to cuda... Done.
{'model': {'class': <class 'src.gnn_models.GNN_7'>, 'num_node_features': 5, 'num_classes': 1, 'loss': BCEWithLogitsLoss(), 'initial_learning_rate': 0.0001, 'manual_seed': 12345}, 'graph': {'m_nearest_nodes': 6, 'num_node_features': 5, 'power': 2.0}, 'cuda': True, 'silent': False, 'save_path': '/hpc/home/giuseppe.trimigno/GNN_decoder/results/d3', 'save_prefix': 'd3_d_t_7_rep', 'resumed_training_file_name': None}
Code size: 3

Repetitions: 7

Training error rate: [0.001, 0.002, 0.003, 0.004, 0.005]


==== TRAINING ====
Will save final results to file after training.
Generating data with 48 CPU cores, then moving it to device cuda.
Starting training with 100 iteration(s).
Buffer has 5000000 samples, replacing 1250000 samples with each iteration.
Total number of unique samples in this run: 1.30e+08
Sampling with factor=0 ended in 79.74669170379639s. Conversion to Data object ended in 579.4866082668304s.
******************************
len(training_data)=5000000 ; len(validation_data)=50000
******************************
Sampling with factor=0 ended in 19.203243732452393s. Conversion to Data object ended in 146.45385456085205s.
Iteration: 001	Loss: 0.2008	Acc: 0.9216	Validation Acc: 0.9354	Validation Loss: 0.1620	Cumulative # of training samples: 5.00e+06	. Saving model... Model successfully saved in d3_d_t_7_rep_epoch1
Sampling with factor=0 ended in 19.521610498428345s. Conversion to Data object ended in 144.96998476982117s.
Iteration: 002	Loss: 0.1436	Acc: 0.9423	Validation Acc: 0.9480	Validation Loss: 0.1287	Cumulative # of training samples: 1.00e+07	. Saving model... Model successfully saved in d3_d_t_7_rep_epoch2
Sampling with factor=0 ended in 19.45385193824768s. Conversion to Data object ended in 142.69160199165344s.
Iteration: 003	Loss: 0.1190	Acc: 0.9527	Validation Acc: 0.9579	Validation Loss: 0.1085	Cumulative # of training samples: 1.50e+07	. Saving model... Model successfully saved in d3_d_t_7_rep_epoch3
Sampling with factor=0 ended in 19.484723329544067s. Conversion to Data object ended in 141.11120533943176s.
Iteration: 004	Loss: 0.1064	Acc: 0.9586	Validation Acc: 0.9616	Validation Loss: 0.0989	Cumulative # of training samples: 2.00e+07	. Saving model... Model successfully saved in d3_d_t_7_rep_epoch4
Sampling with factor=0 ended in 19.396798610687256s. Conversion to Data object ended in 140.7926378250122s.
Iteration: 005	Loss: 0.0991	Acc: 0.9619	Validation Acc: 0.9629	Validation Loss: 0.0940	Cumulative # of training samples: 2.50e+07	. Saving model... Model successfully saved in d3_d_t_7_rep_epoch5
Sampling with factor=0 ended in 19.672295570373535s. Conversion to Data object ended in 141.0406301021576s.
Iteration: 006	Loss: 0.0941	Acc: 0.9643	Validation Acc: 0.9655	Validation Loss: 0.0900	Cumulative # of training samples: 3.00e+07	. Saving model... Model successfully saved in d3_d_t_7_rep_epoch6
Sampling with factor=0 ended in 19.69497275352478s. Conversion to Data object ended in 140.4116916656494s.
Iteration: 007	Loss: 0.0903	Acc: 0.9661	Validation Acc: 0.9671	Validation Loss: 0.0863	Cumulative # of training samples: 3.50e+07	. Saving model... Model successfully saved in d3_d_t_7_rep_epoch7
Sampling with factor=0 ended in 19.713947296142578s. Conversion to Data object ended in 140.3648076057434s.
Iteration: 008	Loss: 0.0871	Acc: 0.9676	Validation Acc: 0.9671	Validation Loss: 0.0860	Cumulative # of training samples: 4.00e+07	. Saving model... Model successfully saved in d3_d_t_7_rep_epoch8
Sampling with factor=0 ended in 19.49932050704956s. Conversion to Data object ended in 139.20886850357056s.
Iteration: 009	Loss: 0.0852	Acc: 0.9685	Validation Acc: 0.9688	Validation Loss: 0.0840	Cumulative # of training samples: 4.50e+07	. Saving model... Model successfully saved in d3_d_t_7_rep_epoch9
Sampling with factor=0 ended in 19.700490713119507s. Conversion to Data object ended in 141.29407382011414s.
Iteration: 010	Loss: 0.0828	Acc: 0.9696	Validation Acc: 0.9687	Validation Loss: 0.0829	Cumulative # of training samples: 5.00e+07	. Saving model... Model successfully saved in d3_d_t_7_rep_epoch10
Sampling with factor=0 ended in 19.613321781158447s. Conversion to Data object ended in 141.14025855064392s.
Iteration: 011	Loss: 0.0807	Acc: 0.9706	Validation Acc: 0.9717	Validation Loss: 0.0795	Cumulative # of training samples: 5.50e+07	. Saving model... Model successfully saved in d3_d_t_7_rep_epoch11
Sampling with factor=0 ended in 19.528225660324097s. Conversion to Data object ended in 141.11329245567322s.
Iteration: 012	Loss: 0.0792	Acc: 0.9713	Validation Acc: 0.9716	Validation Loss: 0.0776	Cumulative # of training samples: 6.00e+07	. Saving model... Model successfully saved in d3_d_t_7_rep_epoch12
Sampling with factor=0 ended in 19.458807945251465s. Conversion to Data object ended in 141.21529722213745s.
Iteration: 013	Loss: 0.0776	Acc: 0.9721	Validation Acc: 0.9722	Validation Loss: 0.0765	Cumulative # of training samples: 6.50e+07	. Saving model... Model successfully saved in d3_d_t_7_rep_epoch13
Sampling with factor=0 ended in 19.573689699172974s. Conversion to Data object ended in 141.03681325912476s.
Iteration: 014	Loss: 0.0760	Acc: 0.9727	Validation Acc: 0.9731	Validation Loss: 0.0745	Cumulative # of training samples: 7.00e+07	. Saving model... Model successfully saved in d3_d_t_7_rep_epoch14
Sampling with factor=0 ended in 19.57672429084778s. Conversion to Data object ended in 140.90070295333862s.
Iteration: 015	Loss: 0.0747	Acc: 0.9734	Validation Acc: 0.9737	Validation Loss: 0.0732	Cumulative # of training samples: 7.50e+07	. Saving model... Model successfully saved in d3_d_t_7_rep_epoch15
Sampling with factor=0 ended in 19.516080141067505s. Conversion to Data object ended in 140.86807465553284s.
Iteration: 016	Loss: 0.0733	Acc: 0.9740	Validation Acc: 0.9747	Validation Loss: 0.0722	Cumulative # of training samples: 8.00e+07	. Saving model... Model successfully saved in d3_d_t_7_rep_epoch16
Sampling with factor=0 ended in 19.444854736328125s. Conversion to Data object ended in 140.63423800468445s.
Iteration: 017	Loss: 0.0725	Acc: 0.9744	Validation Acc: 0.9745	Validation Loss: 0.0724	Cumulative # of training samples: 8.50e+07	. Saving model... Model successfully saved in d3_d_t_7_rep_epoch17
Sampling with factor=0 ended in 19.56302046775818s. Conversion to Data object ended in 140.35286283493042s.
Iteration: 018	Loss: 0.0716	Acc: 0.9747	Validation Acc: 0.9739	Validation Loss: 0.0728	Cumulative # of training samples: 9.00e+07	. Saving model... Model successfully saved in d3_d_t_7_rep_epoch18
Sampling with factor=0 ended in 19.57716727256775s. Conversion to Data object ended in 141.06792974472046s.
Iteration: 019	Loss: 0.0708	Acc: 0.9750	Validation Acc: 0.9756	Validation Loss: 0.0700	Cumulative # of training samples: 9.50e+07	. Saving model... Model successfully saved in d3_d_t_7_rep_epoch19
Sampling with factor=0 ended in 19.58045768737793s. Conversion to Data object ended in 141.41688704490662s.
Iteration: 020	Loss: 0.0698	Acc: 0.9755	Validation Acc: 0.9759	Validation Loss: 0.0692	Cumulative # of training samples: 1.00e+08	. Saving model... Model successfully saved in d3_d_t_7_rep_epoch20
Sampling with factor=0 ended in 19.49532461166382s. Conversion to Data object ended in 140.68753480911255s.
Iteration: 021	Loss: 0.0691	Acc: 0.9758	Validation Acc: 0.9758	Validation Loss: 0.0689	Cumulative # of training samples: 1.05e+08	. Saving model... Model successfully saved in d3_d_t_7_rep_epoch21
Sampling with factor=0 ended in 19.5397047996521s. Conversion to Data object ended in 140.5890383720398s.
Iteration: 022	Loss: 0.0684	Acc: 0.9760	Validation Acc: 0.9758	Validation Loss: 0.0694	Cumulative # of training samples: 1.10e+08	. Saving model... Model successfully saved in d3_d_t_7_rep_epoch22
Sampling with factor=0 ended in 19.555349111557007s. Conversion to Data object ended in 141.10968136787415s.
Iteration: 023	Loss: 0.0676	Acc: 0.9764	Validation Acc: 0.9765	Validation Loss: 0.0675	Cumulative # of training samples: 1.15e+08	. Saving model... Model successfully saved in d3_d_t_7_rep_epoch23
Sampling with factor=0 ended in 19.5299391746521s. Conversion to Data object ended in 141.50793862342834s.
Iteration: 024	Loss: 0.0671	Acc: 0.9767	Validation Acc: 0.9768	Validation Loss: 0.0673	Cumulative # of training samples: 1.20e+08	. Saving model... Model successfully saved in d3_d_t_7_rep_epoch24
Sampling with factor=0 ended in 19.496225833892822s. Conversion to Data object ended in 139.919442653656s.
Iteration: 025	Loss: 0.0666	Acc: 0.9769	Validation Acc: 0.9772	Validation Loss: 0.0663	Cumulative # of training samples: 1.25e+08	. Saving model... Model successfully saved in d3_d_t_7_rep_epoch25
Sampling with factor=0 ended in 19.48447299003601s. Conversion to Data object ended in 141.7274625301361s.
Iteration: 026	Loss: 0.0660	Acc: 0.9772	Validation Acc: 0.9766	Validation Loss: 0.0678	Cumulative # of training samples: 1.30e+08	. Saving model... Model successfully saved in d3_d_t_7_rep_epoch26
Sampling with factor=0 ended in 19.554625272750854s. Conversion to Data object ended in 140.71368932724s.
Iteration: 027	Loss: 0.0656	Acc: 0.9774	Validation Acc: 0.9778	Validation Loss: 0.0650	Cumulative # of training samples: 1.35e+08	. Saving model... Model successfully saved in d3_d_t_7_rep_epoch27
Sampling with factor=0 ended in 19.66485619544983s. Conversion to Data object ended in 140.33016991615295s.
Iteration: 028	Loss: 0.0651	Acc: 0.9775	Validation Acc: 0.9779	Validation Loss: 0.0646	Cumulative # of training samples: 1.40e+08	. Saving model... Model successfully saved in d3_d_t_7_rep_epoch28
Sampling with factor=0 ended in 19.394822597503662s. Conversion to Data object ended in 140.053612947464s.
Iteration: 029	Loss: 0.0647	Acc: 0.9777	Validation Acc: 0.9780	Validation Loss: 0.0642	Cumulative # of training samples: 1.45e+08	. Saving model... Model successfully saved in d3_d_t_7_rep_epoch29
Sampling with factor=0 ended in 19.553406953811646s. Conversion to Data object ended in 141.12957286834717s.
Iteration: 030	Loss: 0.0643	Acc: 0.9778	Validation Acc: 0.9778	Validation Loss: 0.0642	Cumulative # of training samples: 1.50e+08	. Saving model... Model successfully saved in d3_d_t_7_rep_epoch30
Sampling with factor=0 ended in 19.46459650993347s. Conversion to Data object ended in 141.49204778671265s.
Iteration: 031	Loss: 0.0639	Acc: 0.9780	Validation Acc: 0.9780	Validation Loss: 0.0641	Cumulative # of training samples: 1.55e+08	. Saving model... Model successfully saved in d3_d_t_7_rep_epoch31
Sampling with factor=0 ended in 19.58279848098755s. Conversion to Data object ended in 140.06300473213196s.
Iteration: 032	Loss: 0.0635	Acc: 0.9781	Validation Acc: 0.9779	Validation Loss: 0.0651	Cumulative # of training samples: 1.60e+08	. Saving model... Model successfully saved in d3_d_t_7_rep_epoch32
Sampling with factor=0 ended in 19.439055681228638s. Conversion to Data object ended in 141.7383644580841s.
Iteration: 033	Loss: 0.0631	Acc: 0.9783	Validation Acc: 0.9780	Validation Loss: 0.0634	Cumulative # of training samples: 1.65e+08	. Saving model... Model successfully saved in d3_d_t_7_rep_epoch33
Sampling with factor=0 ended in 19.49894881248474s. Conversion to Data object ended in 142.07329773902893s.
Iteration: 034	Loss: 0.0627	Acc: 0.9785	Validation Acc: 0.9783	Validation Loss: 0.0632	Cumulative # of training samples: 1.70e+08	. Saving model... Model successfully saved in d3_d_t_7_rep_epoch34
Sampling with factor=0 ended in 19.46706461906433s. Conversion to Data object ended in 142.0797266960144s.
Iteration: 035	Loss: 0.0624	Acc: 0.9786	Validation Acc: 0.9784	Validation Loss: 0.0634	Cumulative # of training samples: 1.75e+08	. Saving model... Model successfully saved in d3_d_t_7_rep_epoch35
Sampling with factor=0 ended in 19.572044849395752s. Conversion to Data object ended in 141.39057898521423s.
Iteration: 036	Loss: 0.0621	Acc: 0.9786	Validation Acc: 0.9787	Validation Loss: 0.0629	Cumulative # of training samples: 1.80e+08	. Saving model... Model successfully saved in d3_d_t_7_rep_epoch36
Sampling with factor=0 ended in 19.537100315093994s. Conversion to Data object ended in 141.01729106903076s.
Iteration: 037	Loss: 0.0618	Acc: 0.9788	Validation Acc: 0.9788	Validation Loss: 0.0622	Cumulative # of training samples: 1.85e+08	. Saving model... Model successfully saved in d3_d_t_7_rep_epoch37
Sampling with factor=0 ended in 19.517175436019897s. Conversion to Data object ended in 142.50384068489075s.
Iteration: 038	Loss: 0.0616	Acc: 0.9789	Validation Acc: 0.9789	Validation Loss: 0.0619	Cumulative # of training samples: 1.90e+08	. Saving model... Model successfully saved in d3_d_t_7_rep_epoch38
Sampling with factor=0 ended in 19.43668246269226s. Conversion to Data object ended in 141.4559190273285s.
Iteration: 039	Loss: 0.0614	Acc: 0.9790	Validation Acc: 0.9790	Validation Loss: 0.0618	Cumulative # of training samples: 1.95e+08	. Saving model... Model successfully saved in d3_d_t_7_rep_epoch39
Sampling with factor=0 ended in 19.542274951934814s. Conversion to Data object ended in 141.65672707557678s.
Iteration: 040	Loss: 0.0611	Acc: 0.9791	Validation Acc: 0.9792	Validation Loss: 0.0618	Cumulative # of training samples: 2.00e+08	. Saving model... Model successfully saved in d3_d_t_7_rep_epoch40
Sampling with factor=0 ended in 19.429207801818848s. Conversion to Data object ended in 140.8559694290161s.
Iteration: 041	Loss: 0.0607	Acc: 0.9792	Validation Acc: 0.9786	Validation Loss: 0.0614	Cumulative # of training samples: 2.05e+08	. Saving model... Model successfully saved in d3_d_t_7_rep_epoch41
Sampling with factor=0 ended in 19.508837938308716s. Conversion to Data object ended in 141.72993993759155s.
Iteration: 042	Loss: 0.0605	Acc: 0.9793	Validation Acc: 0.9790	Validation Loss: 0.0618	Cumulative # of training samples: 2.10e+08	. Saving model... Model successfully saved in d3_d_t_7_rep_epoch42
Sampling with factor=0 ended in 19.451133728027344s. Conversion to Data object ended in 141.29595017433167s.
Iteration: 043	Loss: 0.0604	Acc: 0.9794	Validation Acc: 0.9795	Validation Loss: 0.0602	Cumulative # of training samples: 2.15e+08	. Saving model... Model successfully saved in d3_d_t_7_rep_epoch43
Sampling with factor=0 ended in 19.57612442970276s. Conversion to Data object ended in 140.83671522140503s.
Iteration: 044	Loss: 0.0601	Acc: 0.9795	Validation Acc: 0.9789	Validation Loss: 0.0615	Cumulative # of training samples: 2.20e+08	. Saving model... Model successfully saved in d3_d_t_7_rep_epoch44
Sampling with factor=0 ended in 19.525259017944336s. Conversion to Data object ended in 140.76768684387207s.
Iteration: 045	Loss: 0.0599	Acc: 0.9796	Validation Acc: 0.9793	Validation Loss: 0.0605	Cumulative # of training samples: 2.25e+08	. Saving model... Model successfully saved in d3_d_t_7_rep_epoch45
Sampling with factor=0 ended in 19.583818912506104s. Conversion to Data object ended in 140.017320394516s.
Iteration: 046	Loss: 0.0597	Acc: 0.9797	Validation Acc: 0.9783	Validation Loss: 0.0618	Cumulative # of training samples: 2.30e+08	. Saving model... Model successfully saved in d3_d_t_7_rep_epoch46
Sampling with factor=0 ended in 19.55767321586609s. Conversion to Data object ended in 141.0046226978302s.
Iteration: 047	Loss: 0.0596	Acc: 0.9797	Validation Acc: 0.9793	Validation Loss: 0.0609	Cumulative # of training samples: 2.35e+08	. Saving model... Model successfully saved in d3_d_t_7_rep_epoch47
Sampling with factor=0 ended in 19.74927306175232s. Conversion to Data object ended in 139.98803114891052s.
Iteration: 048	Loss: 0.0596	Acc: 0.9798	Validation Acc: 0.9791	Validation Loss: 0.0609	Cumulative # of training samples: 2.40e+08	. Saving model... Model successfully saved in d3_d_t_7_rep_epoch48
Sampling with factor=0 ended in 19.535900592803955s. Conversion to Data object ended in 141.4105749130249s.
Iteration: 049	Loss: 0.0594	Acc: 0.9798	Validation Acc: 0.9799	Validation Loss: 0.0594	Cumulative # of training samples: 2.45e+08	. Saving model... Model successfully saved in d3_d_t_7_rep_epoch49
Sampling with factor=0 ended in 19.69441056251526s. Conversion to Data object ended in 141.35295605659485s.
Iteration: 050	Loss: 0.0593	Acc: 0.9798	Validation Acc: 0.9799	Validation Loss: 0.0597	Cumulative # of training samples: 2.50e+08	. Saving model... Model successfully saved in d3_d_t_7_rep_epoch50
Sampling with factor=0 ended in 19.63475251197815s. Conversion to Data object ended in 141.3366618156433s.
Iteration: 051	Loss: 0.0591	Acc: 0.9799	Validation Acc: 0.9801	Validation Loss: 0.0597	Cumulative # of training samples: 2.55e+08	. Saving model... Model successfully saved in d3_d_t_7_rep_epoch51
Sampling with factor=0 ended in 19.539029121398926s. Conversion to Data object ended in 141.10976338386536s.
Iteration: 052	Loss: 0.0591	Acc: 0.9800	Validation Acc: 0.9794	Validation Loss: 0.0600	Cumulative # of training samples: 2.60e+08	. Saving model... Model successfully saved in d3_d_t_7_rep_epoch52
Sampling with factor=0 ended in 19.54186201095581s. Conversion to Data object ended in 140.63929867744446s.
Iteration: 053	Loss: 0.0591	Acc: 0.9800	Validation Acc: 0.9797	Validation Loss: 0.0595	Cumulative # of training samples: 2.65e+08	. Saving model... Model successfully saved in d3_d_t_7_rep_epoch53
Sampling with factor=0 ended in 19.532781839370728s. Conversion to Data object ended in 140.84657216072083s.
Iteration: 054	Loss: 0.0590	Acc: 0.9800	Validation Acc: 0.9798	Validation Loss: 0.0594	Cumulative # of training samples: 2.70e+08	. Saving model... Model successfully saved in d3_d_t_7_rep_epoch54
Sampling with factor=0 ended in 19.464433431625366s. Conversion to Data object ended in 141.03228187561035s.
Iteration: 055	Loss: 0.0588	Acc: 0.9801	Validation Acc: 0.9801	Validation Loss: 0.0594	Cumulative # of training samples: 2.75e+08	. Saving model... Model successfully saved in d3_d_t_7_rep_epoch55
Sampling with factor=0 ended in 19.577913999557495s. Conversion to Data object ended in 141.35610914230347s.
Iteration: 056	Loss: 0.0587	Acc: 0.9801	Validation Acc: 0.9805	Validation Loss: 0.0586	Cumulative # of training samples: 2.80e+08	. Saving model... Model successfully saved in d3_d_t_7_rep_epoch56
Sampling with factor=0 ended in 19.49208402633667s. Conversion to Data object ended in 141.5807662010193s.
Iteration: 057	Loss: 0.0585	Acc: 0.9801	Validation Acc: 0.9805	Validation Loss: 0.0592	Cumulative # of training samples: 2.85e+08	. Saving model... Model successfully saved in d3_d_t_7_rep_epoch57
Sampling with factor=0 ended in 19.63749647140503s. Conversion to Data object ended in 141.3589072227478s.
Iteration: 058	Loss: 0.0586	Acc: 0.9801	Validation Acc: 0.9802	Validation Loss: 0.0593	Cumulative # of training samples: 2.90e+08	. Saving model... Model successfully saved in d3_d_t_7_rep_epoch58
Sampling with factor=0 ended in 19.64231300354004s. Conversion to Data object ended in 139.95646977424622s.
Iteration: 059	Loss: 0.0585	Acc: 0.9803	Validation Acc: 0.9801	Validation Loss: 0.0596	Cumulative # of training samples: 2.95e+08	. Saving model... Model successfully saved in d3_d_t_7_rep_epoch59
Sampling with factor=0 ended in 19.562437534332275s. Conversion to Data object ended in 140.6130931377411s.
Iteration: 060	Loss: 0.0584	Acc: 0.9803	Validation Acc: 0.9801	Validation Loss: 0.0586	Cumulative # of training samples: 3.00e+08	. Saving model... Model successfully saved in d3_d_t_7_rep_epoch60
Sampling with factor=0 ended in 19.43681812286377s. Conversion to Data object ended in 140.62283730506897s.
Iteration: 061	Loss: 0.0582	Acc: 0.9804	Validation Acc: 0.9805	Validation Loss: 0.0576	Cumulative # of training samples: 3.05e+08	. Saving model... Model successfully saved in d3_d_t_7_rep_epoch61
Sampling with factor=0 ended in 19.49942111968994s. Conversion to Data object ended in 140.04123973846436s.
Iteration: 062	Loss: 0.0583	Acc: 0.9804	Validation Acc: 0.9802	Validation Loss: 0.0586	Cumulative # of training samples: 3.10e+08	. Saving model... Model successfully saved in d3_d_t_7_rep_epoch62
Sampling with factor=0 ended in 19.39088535308838s. Conversion to Data object ended in 141.15295004844666s.
Iteration: 063	Loss: 0.0582	Acc: 0.9804	Validation Acc: 0.9804	Validation Loss: 0.0583	Cumulative # of training samples: 3.15e+08	. Saving model... Model successfully saved in d3_d_t_7_rep_epoch63
Sampling with factor=0 ended in 19.491772413253784s. Conversion to Data object ended in 140.0204212665558s.
Iteration: 064	Loss: 0.0578	Acc: 0.9805	Validation Acc: 0.9799	Validation Loss: 0.0584	Cumulative # of training samples: 3.20e+08	. Saving model... Model successfully saved in d3_d_t_7_rep_epoch64
Sampling with factor=0 ended in 19.45893669128418s. Conversion to Data object ended in 140.426118850708s.
Iteration: 065	Loss: 0.0578	Acc: 0.9805	Validation Acc: 0.9806	Validation Loss: 0.0578	Cumulative # of training samples: 3.25e+08	. Saving model... Model successfully saved in d3_d_t_7_rep_epoch65
Sampling with factor=0 ended in 19.66765594482422s. Conversion to Data object ended in 140.13999271392822s.
Iteration: 066	Loss: 0.0575	Acc: 0.9806	Validation Acc: 0.9802	Validation Loss: 0.0580	Cumulative # of training samples: 3.30e+08	. Saving model... Model successfully saved in d3_d_t_7_rep_epoch66
Sampling with factor=0 ended in 19.602829456329346s. Conversion to Data object ended in 140.0366714000702s.
Iteration: 067	Loss: 0.0575	Acc: 0.9806	Validation Acc: 0.9803	Validation Loss: 0.0578	Cumulative # of training samples: 3.35e+08	. Saving model... Model successfully saved in d3_d_t_7_rep_epoch67
Sampling with factor=0 ended in 19.792793035507202s. Conversion to Data object ended in 140.7853546142578s.
Iteration: 068	Loss: 0.0575	Acc: 0.9806	Validation Acc: 0.9804	Validation Loss: 0.0581	Cumulative # of training samples: 3.40e+08	. Saving model... Model successfully saved in d3_d_t_7_rep_epoch68
Sampling with factor=0 ended in 19.61007046699524s. Conversion to Data object ended in 140.85375213623047s.
Iteration: 069	Loss: 0.0573	Acc: 0.9807	Validation Acc: 0.9804	Validation Loss: 0.0577	Cumulative # of training samples: 3.45e+08	. Saving model... Model successfully saved in d3_d_t_7_rep_epoch69
Sampling with factor=0 ended in 19.81449317932129s. Conversion to Data object ended in 141.38816809654236s.
Iteration: 070	Loss: 0.0574	Acc: 0.9807	Validation Acc: 0.9806	Validation Loss: 0.0581	Cumulative # of training samples: 3.50e+08	. Saving model... Model successfully saved in d3_d_t_7_rep_epoch70
Sampling with factor=0 ended in 19.715397357940674s. Conversion to Data object ended in 140.97788953781128s.
Iteration: 071	Loss: 0.0572	Acc: 0.9807	Validation Acc: 0.9808	Validation Loss: 0.0575	Cumulative # of training samples: 3.55e+08	. Saving model... Model successfully saved in d3_d_t_7_rep_epoch71
Sampling with factor=0 ended in 19.615004301071167s. Conversion to Data object ended in 140.58623576164246s.
Iteration: 072	Loss: 0.0571	Acc: 0.9808	Validation Acc: 0.9806	Validation Loss: 0.0576	Cumulative # of training samples: 3.60e+08	. Saving model... Model successfully saved in d3_d_t_7_rep_epoch72
Sampling with factor=0 ended in 19.521785497665405s. Conversion to Data object ended in 140.37581610679626s.
Iteration: 073	Loss: 0.0572	Acc: 0.9807	Validation Acc: 0.9808	Validation Loss: 0.0576	Cumulative # of training samples: 3.65e+08	. Saving model... Model successfully saved in d3_d_t_7_rep_epoch73
Sampling with factor=0 ended in 19.66452193260193s. Conversion to Data object ended in 141.2151482105255s.
Iteration: 074	Loss: 0.0571	Acc: 0.9809	Validation Acc: 0.9802	Validation Loss: 0.0578	Cumulative # of training samples: 3.70e+08	. Saving model... Model successfully saved in d3_d_t_7_rep_epoch74
Sampling with factor=0 ended in 19.747023820877075s. Conversion to Data object ended in 140.43794131278992s.
Iteration: 075	Loss: 0.0569	Acc: 0.9809	Validation Acc: 0.9804	Validation Loss: 0.0579	Cumulative # of training samples: 3.75e+08	. Saving model... Model successfully saved in d3_d_t_7_rep_epoch75
Sampling with factor=0 ended in 19.72588038444519s. Conversion to Data object ended in 141.2887463569641s.
Iteration: 076	Loss: 0.0569	Acc: 0.9809	Validation Acc: 0.9808	Validation Loss: 0.0576	Cumulative # of training samples: 3.80e+08	. Saving model... Model successfully saved in d3_d_t_7_rep_epoch76
Sampling with factor=0 ended in 19.687143325805664s. Conversion to Data object ended in 140.67640018463135s.
Iteration: 077	Loss: 0.0567	Acc: 0.9809	Validation Acc: 0.9808	Validation Loss: 0.0574	Cumulative # of training samples: 3.85e+08	. Saving model... Model successfully saved in d3_d_t_7_rep_epoch77
Sampling with factor=0 ended in 19.737468719482422s. Conversion to Data object ended in 140.88736867904663s.
Iteration: 078	Loss: 0.0568	Acc: 0.9809	Validation Acc: 0.9806	Validation Loss: 0.0572	Cumulative # of training samples: 3.90e+08	. Saving model... Model successfully saved in d3_d_t_7_rep_epoch78
Sampling with factor=0 ended in 19.761373281478882s. Conversion to Data object ended in 141.64417028427124s.
Iteration: 079	Loss: 0.0568	Acc: 0.9809	Validation Acc: 0.9806	Validation Loss: 0.0575	Cumulative # of training samples: 3.95e+08	. Saving model... Model successfully saved in d3_d_t_7_rep_epoch79
Sampling with factor=0 ended in 19.781742334365845s. Conversion to Data object ended in 141.61484479904175s.
Iteration: 080	Loss: 0.0568	Acc: 0.9809	Validation Acc: 0.9808	Validation Loss: 0.0573	Cumulative # of training samples: 4.00e+08	. Saving model... Model successfully saved in d3_d_t_7_rep_epoch80
Sampling with factor=0 ended in 19.73154640197754s. Conversion to Data object ended in 140.73255729675293s.
Iteration: 081	Loss: 0.0567	Acc: 0.9810	Validation Acc: 0.9809	Validation Loss: 0.0572	Cumulative # of training samples: 4.05e+08	. Saving model... Model successfully saved in d3_d_t_7_rep_epoch81
Sampling with factor=0 ended in 19.77963948249817s. Conversion to Data object ended in 141.49329161643982s.
Iteration: 082	Loss: 0.0565	Acc: 0.9810	Validation Acc: 0.9806	Validation Loss: 0.0576	Cumulative # of training samples: 4.10e+08	. Saving model... Model successfully saved in d3_d_t_7_rep_epoch82
Sampling with factor=0 ended in 19.660314083099365s. Conversion to Data object ended in 141.4606409072876s.
Iteration: 083	Loss: 0.0564	Acc: 0.9810	Validation Acc: 0.9809	Validation Loss: 0.0575	Cumulative # of training samples: 4.15e+08	. Saving model... Model successfully saved in d3_d_t_7_rep_epoch83
Sampling with factor=0 ended in 19.621673107147217s. Conversion to Data object ended in 141.00903367996216s.
Iteration: 084	Loss: 0.0563	Acc: 0.9811	Validation Acc: 0.9807	Validation Loss: 0.0570	Cumulative # of training samples: 4.20e+08	. Saving model... Model successfully saved in d3_d_t_7_rep_epoch84
Sampling with factor=0 ended in 19.56414246559143s. Conversion to Data object ended in 140.24893712997437s.
Iteration: 085	Loss: 0.0564	Acc: 0.9811	Validation Acc: 0.9811	Validation Loss: 0.0565	Cumulative # of training samples: 4.25e+08	. Saving model... Model successfully saved in d3_d_t_7_rep_epoch85
Sampling with factor=0 ended in 19.50700855255127s. Conversion to Data object ended in 141.99641966819763s.
Iteration: 086	Loss: 0.0565	Acc: 0.9810	Validation Acc: 0.9809	Validation Loss: 0.0571	Cumulative # of training samples: 4.30e+08	. Saving model... Model successfully saved in d3_d_t_7_rep_epoch86
Sampling with factor=0 ended in 19.558101415634155s. Conversion to Data object ended in 140.6456687450409s.
Iteration: 087	Loss: 0.0565	Acc: 0.9810	Validation Acc: 0.9812	Validation Loss: 0.0565	Cumulative # of training samples: 4.35e+08	. Saving model... Model successfully saved in d3_d_t_7_rep_epoch87
Sampling with factor=0 ended in 19.617616415023804s. Conversion to Data object ended in 141.0149643421173s.
Iteration: 088	Loss: 0.0566	Acc: 0.9810	Validation Acc: 0.9810	Validation Loss: 0.0575	Cumulative # of training samples: 4.40e+08	. Saving model... Model successfully saved in d3_d_t_7_rep_epoch88
Sampling with factor=0 ended in 19.451040506362915s. Conversion to Data object ended in 141.15521144866943s.
Iteration: 089	Loss: 0.0565	Acc: 0.9811	Validation Acc: 0.9810	Validation Loss: 0.0566	Cumulative # of training samples: 4.45e+08	. Saving model... Model successfully saved in d3_d_t_7_rep_epoch89
Sampling with factor=0 ended in 19.510462522506714s. Conversion to Data object ended in 141.51949000358582s.
Iteration: 090	Loss: 0.0563	Acc: 0.9812	Validation Acc: 0.9814	Validation Loss: 0.0557	Cumulative # of training samples: 4.50e+08	. Saving model... Model successfully saved in d3_d_t_7_rep_epoch90
Sampling with factor=0 ended in 19.50661587715149s. Conversion to Data object ended in 139.98454070091248s.
Iteration: 091	Loss: 0.0562	Acc: 0.9812	Validation Acc: 0.9811	Validation Loss: 0.0566	Cumulative # of training samples: 4.55e+08	. Saving model... Model successfully saved in d3_d_t_7_rep_epoch91
Sampling with factor=0 ended in 19.551052808761597s. Conversion to Data object ended in 141.47445249557495s.
Iteration: 092	Loss: 0.0561	Acc: 0.9812	Validation Acc: 0.9810	Validation Loss: 0.0562	Cumulative # of training samples: 4.60e+08	. Saving model... Model successfully saved in d3_d_t_7_rep_epoch92
Sampling with factor=0 ended in 19.658340454101562s. Conversion to Data object ended in 139.9654049873352s.
Iteration: 093	Loss: 0.0561	Acc: 0.9812	Validation Acc: 0.9810	Validation Loss: 0.0561	Cumulative # of training samples: 4.65e+08	. Saving model... Model successfully saved in d3_d_t_7_rep_epoch93
Sampling with factor=0 ended in 19.594388484954834s. Conversion to Data object ended in 141.15155863761902s.
Iteration: 094	Loss: 0.0561	Acc: 0.9812	Validation Acc: 0.9814	Validation Loss: 0.0564	Cumulative # of training samples: 4.70e+08	. Saving model... Model successfully saved in d3_d_t_7_rep_epoch94
Sampling with factor=0 ended in 19.602756023406982s. Conversion to Data object ended in 140.93077301979065s.
Iteration: 095	Loss: 0.0562	Acc: 0.9811	Validation Acc: 0.9808	Validation Loss: 0.0576	Cumulative # of training samples: 4.75e+08	. Saving model... Model successfully saved in d3_d_t_7_rep_epoch95
Sampling with factor=0 ended in 19.635592460632324s. Conversion to Data object ended in 141.29114437103271s.
Iteration: 096	Loss: 0.0561	Acc: 0.9811	Validation Acc: 0.9811	Validation Loss: 0.0564	Cumulative # of training samples: 4.80e+08	. Saving model... Model successfully saved in d3_d_t_7_rep_epoch96
Sampling with factor=0 ended in 19.540111780166626s. Conversion to Data object ended in 140.48187351226807s.
Iteration: 097	Loss: 0.0562	Acc: 0.9812	Validation Acc: 0.9814	Validation Loss: 0.0561	Cumulative # of training samples: 4.85e+08	. Saving model... Model successfully saved in d3_d_t_7_rep_epoch97
Sampling with factor=0 ended in 19.610763788223267s. Conversion to Data object ended in 141.21352648735046s.
Iteration: 098	Loss: 0.0562	Acc: 0.9812	Validation Acc: 0.9808	Validation Loss: 0.0561	Cumulative # of training samples: 4.90e+08	. Saving model... Model successfully saved in d3_d_t_7_rep_epoch98
Sampling with factor=0 ended in 19.72836923599243s. Conversion to Data object ended in 141.62184834480286s.
Iteration: 099	Loss: 0.0560	Acc: 0.9813	Validation Acc: 0.9810	Validation Loss: 0.0563	Cumulative # of training samples: 4.95e+08	. Saving model... Model successfully saved in d3_d_t_7_rep_epoch99
Sampling with factor=0 ended in 19.637011766433716s. Conversion to Data object ended in 141.52411723136902s.
Iteration: 100	Loss: 0.0559	Acc: 0.9813	Validation Acc: 0.9813	Validation Loss: 0.0563	Cumulative # of training samples: 5.00e+08	. Saving model... Model successfully saved in d3_d_t_7_rep_epoch100
Completed all training iterations!
Saving final model and history to file.

==== BENCHMARKING ====
Training setup: 0.0011154660023748875
Sampling and Graphing: 25376.495152668096
Fitting: 33371.46125184512
	Sum: 58747.957519979216

==== TESTING ====
******************************
len(test_data)=292 (refers to a single error rate)
******************************
non-trivial syndromes: 292, trivial syndromes: 708
correct, non-trivial predictions: 291
Test accuracy: 0.999, Error rate: 0.001
******************************
len(test_data)=537 (refers to a single error rate)
******************************
non-trivial syndromes: 537, trivial syndromes: 463
correct, non-trivial predictions: 530
Test accuracy: 0.993, Error rate: 0.002
******************************
len(test_data)=671 (refers to a single error rate)
******************************
non-trivial syndromes: 671, trivial syndromes: 329
correct, non-trivial predictions: 658
Test accuracy: 0.987, Error rate: 0.003
******************************
len(test_data)=793 (refers to a single error rate)
******************************
non-trivial syndromes: 793, trivial syndromes: 207
correct, non-trivial predictions: 775
Test accuracy: 0.982, Error rate: 0.004
******************************
len(test_data)=855 (refers to a single error rate)
******************************
non-trivial syndromes: 855, trivial syndromes: 145
correct, non-trivial predictions: 819
Test accuracy: 0.964, Error rate: 0.005
