
==== DECODER PARAMETERS ====
Moving model to cuda... Done.
{'model': {'class': <class 'src.gnn_models.GNN_7'>, 'num_node_features': 5, 'num_classes': 1, 'loss': BCEWithLogitsLoss(), 'initial_learning_rate': 0.0001, 'manual_seed': 12345}, 'graph': {'m_nearest_nodes': 6, 'num_node_features': 5, 'power': 2.0}, 'cuda': True, 'silent': False, 'save_path': '/hpc/home/giuseppe.trimigno/GNN_decoder/results/d3', 'save_prefix': 'd3_d_t_5_rep', 'resumed_training_file_name': None}
Code size: 3

Repetitions: 5

Training error rate: [0.001, 0.002, 0.003, 0.004, 0.005]


==== TRAINING ====
Will save final results to file after training.
Generating data with 48 CPU cores, then moving it to device cuda.
Starting training with 100 iteration(s).
Buffer has 5000000 samples, replacing 1250000 samples with each iteration.
Total number of unique samples in this run: 1.30e+08
Sampling with factor=0 ended in 64.00355744361877s. Conversion to Data object ended in 572.7536544799805s.
******************************
len(training_data)=5000000 ; len(validation_data)=50000
******************************
Sampling with factor=0 ended in 15.259375095367432s. Conversion to Data object ended in 145.04842734336853s.
Iteration: 001	Loss: 0.1634	Acc: 0.9380	Validation Acc: 0.9478	Validation Loss: 0.1338	Cumulative # of training samples: 5.00e+06	. Saving model... Model successfully saved in d3_d_t_5_rep_epoch1
Sampling with factor=0 ended in 15.408447504043579s. Conversion to Data object ended in 143.3180286884308s.
Iteration: 002	Loss: 0.1232	Acc: 0.9512	Validation Acc: 0.9533	Validation Loss: 0.1174	Cumulative # of training samples: 1.00e+07	. Saving model... Model successfully saved in d3_d_t_5_rep_epoch2
Sampling with factor=0 ended in 15.585488319396973s. Conversion to Data object ended in 142.27601957321167s.
Iteration: 003	Loss: 0.1107	Acc: 0.9560	Validation Acc: 0.9580	Validation Loss: 0.1074	Cumulative # of training samples: 1.50e+07	. Saving model... Model successfully saved in d3_d_t_5_rep_epoch3
Sampling with factor=0 ended in 15.476062297821045s. Conversion to Data object ended in 140.13914728164673s.
Iteration: 004	Loss: 0.1012	Acc: 0.9602	Validation Acc: 0.9601	Validation Loss: 0.1030	Cumulative # of training samples: 2.00e+07	. Saving model... Model successfully saved in d3_d_t_5_rep_epoch4
Sampling with factor=0 ended in 15.548283338546753s. Conversion to Data object ended in 140.68388175964355s.
Iteration: 005	Loss: 0.0941	Acc: 0.9634	Validation Acc: 0.9638	Validation Loss: 0.0943	Cumulative # of training samples: 2.50e+07	. Saving model... Model successfully saved in d3_d_t_5_rep_epoch5
Sampling with factor=0 ended in 15.463889122009277s. Conversion to Data object ended in 139.65369653701782s.
Iteration: 006	Loss: 0.0887	Acc: 0.9662	Validation Acc: 0.9668	Validation Loss: 0.0897	Cumulative # of training samples: 3.00e+07	. Saving model... Model successfully saved in d3_d_t_5_rep_epoch6
Sampling with factor=0 ended in 15.502376079559326s. Conversion to Data object ended in 139.6615915298462s.
Iteration: 007	Loss: 0.0833	Acc: 0.9688	Validation Acc: 0.9695	Validation Loss: 0.0843	Cumulative # of training samples: 3.50e+07	. Saving model... Model successfully saved in d3_d_t_5_rep_epoch7
Sampling with factor=0 ended in 15.527384281158447s. Conversion to Data object ended in 139.70716190338135s.
Iteration: 008	Loss: 0.0794	Acc: 0.9707	Validation Acc: 0.9721	Validation Loss: 0.0793	Cumulative # of training samples: 4.00e+07	. Saving model... Model successfully saved in d3_d_t_5_rep_epoch8
Sampling with factor=0 ended in 15.421726703643799s. Conversion to Data object ended in 139.7131631374359s.
Iteration: 009	Loss: 0.0760	Acc: 0.9723	Validation Acc: 0.9712	Validation Loss: 0.0800	Cumulative # of training samples: 4.50e+07	. Saving model... Model successfully saved in d3_d_t_5_rep_epoch9
Sampling with factor=0 ended in 15.478610038757324s. Conversion to Data object ended in 140.2982943058014s.
Iteration: 010	Loss: 0.0736	Acc: 0.9735	Validation Acc: 0.9732	Validation Loss: 0.0756	Cumulative # of training samples: 5.00e+07	. Saving model... Model successfully saved in d3_d_t_5_rep_epoch10
Sampling with factor=0 ended in 15.51287841796875s. Conversion to Data object ended in 139.82838582992554s.
Iteration: 011	Loss: 0.0718	Acc: 0.9743	Validation Acc: 0.9738	Validation Loss: 0.0732	Cumulative # of training samples: 5.50e+07	. Saving model... Model successfully saved in d3_d_t_5_rep_epoch11
Sampling with factor=0 ended in 15.465677261352539s. Conversion to Data object ended in 139.12269639968872s.
Iteration: 012	Loss: 0.0705	Acc: 0.9750	Validation Acc: 0.9742	Validation Loss: 0.0726	Cumulative # of training samples: 6.00e+07	. Saving model... Model successfully saved in d3_d_t_5_rep_epoch12
Sampling with factor=0 ended in 15.454828977584839s. Conversion to Data object ended in 140.36733722686768s.
Iteration: 013	Loss: 0.0689	Acc: 0.9756	Validation Acc: 0.9747	Validation Loss: 0.0713	Cumulative # of training samples: 6.50e+07	. Saving model... Model successfully saved in d3_d_t_5_rep_epoch13
Sampling with factor=0 ended in 15.485645532608032s. Conversion to Data object ended in 140.4614336490631s.
Iteration: 014	Loss: 0.0677	Acc: 0.9762	Validation Acc: 0.9761	Validation Loss: 0.0696	Cumulative # of training samples: 7.00e+07	. Saving model... Model successfully saved in d3_d_t_5_rep_epoch14
Sampling with factor=0 ended in 15.516743659973145s. Conversion to Data object ended in 139.33146595954895s.
Iteration: 015	Loss: 0.0664	Acc: 0.9767	Validation Acc: 0.9768	Validation Loss: 0.0680	Cumulative # of training samples: 7.50e+07	. Saving model... Model successfully saved in d3_d_t_5_rep_epoch15
Sampling with factor=0 ended in 15.502708911895752s. Conversion to Data object ended in 140.2308807373047s.
Iteration: 016	Loss: 0.0657	Acc: 0.9771	Validation Acc: 0.9757	Validation Loss: 0.0685	Cumulative # of training samples: 8.00e+07	. Saving model... Model successfully saved in d3_d_t_5_rep_epoch16
Sampling with factor=0 ended in 15.429556846618652s. Conversion to Data object ended in 140.3489854335785s.
Iteration: 017	Loss: 0.0651	Acc: 0.9774	Validation Acc: 0.9765	Validation Loss: 0.0671	Cumulative # of training samples: 8.50e+07	. Saving model... Model successfully saved in d3_d_t_5_rep_epoch17
Sampling with factor=0 ended in 15.564999103546143s. Conversion to Data object ended in 140.79860830307007s.
Iteration: 018	Loss: 0.0642	Acc: 0.9778	Validation Acc: 0.9766	Validation Loss: 0.0674	Cumulative # of training samples: 9.00e+07	. Saving model... Model successfully saved in d3_d_t_5_rep_epoch18
Sampling with factor=0 ended in 15.576435565948486s. Conversion to Data object ended in 140.60085439682007s.
Iteration: 019	Loss: 0.0637	Acc: 0.9780	Validation Acc: 0.9783	Validation Loss: 0.0646	Cumulative # of training samples: 9.50e+07	. Saving model... Model successfully saved in d3_d_t_5_rep_epoch19
Sampling with factor=0 ended in 15.5591402053833s. Conversion to Data object ended in 140.52780055999756s.
Iteration: 020	Loss: 0.0629	Acc: 0.9784	Validation Acc: 0.9782	Validation Loss: 0.0645	Cumulative # of training samples: 1.00e+08	. Saving model... Model successfully saved in d3_d_t_5_rep_epoch20
Sampling with factor=0 ended in 15.565840482711792s. Conversion to Data object ended in 140.10343980789185s.
Iteration: 021	Loss: 0.0623	Acc: 0.9787	Validation Acc: 0.9780	Validation Loss: 0.0641	Cumulative # of training samples: 1.05e+08	. Saving model... Model successfully saved in d3_d_t_5_rep_epoch21
Sampling with factor=0 ended in 15.553792238235474s. Conversion to Data object ended in 139.27859926223755s.
Iteration: 022	Loss: 0.0620	Acc: 0.9789	Validation Acc: 0.9787	Validation Loss: 0.0634	Cumulative # of training samples: 1.10e+08	. Saving model... Model successfully saved in d3_d_t_5_rep_epoch22
Sampling with factor=0 ended in 15.434719324111938s. Conversion to Data object ended in 139.87758326530457s.
Iteration: 023	Loss: 0.0615	Acc: 0.9791	Validation Acc: 0.9785	Validation Loss: 0.0632	Cumulative # of training samples: 1.15e+08	. Saving model... Model successfully saved in d3_d_t_5_rep_epoch23
Sampling with factor=0 ended in 15.494677782058716s. Conversion to Data object ended in 139.58508372306824s.
Iteration: 024	Loss: 0.0612	Acc: 0.9792	Validation Acc: 0.9791	Validation Loss: 0.0617	Cumulative # of training samples: 1.20e+08	. Saving model... Model successfully saved in d3_d_t_5_rep_epoch24
Sampling with factor=0 ended in 15.502897024154663s. Conversion to Data object ended in 139.82781791687012s.
Iteration: 025	Loss: 0.0607	Acc: 0.9794	Validation Acc: 0.9792	Validation Loss: 0.0619	Cumulative # of training samples: 1.25e+08	. Saving model... Model successfully saved in d3_d_t_5_rep_epoch25
Sampling with factor=0 ended in 15.579405069351196s. Conversion to Data object ended in 140.12762188911438s.
Iteration: 026	Loss: 0.0602	Acc: 0.9796	Validation Acc: 0.9793	Validation Loss: 0.0622	Cumulative # of training samples: 1.30e+08	. Saving model... Model successfully saved in d3_d_t_5_rep_epoch26
Sampling with factor=0 ended in 15.622044324874878s. Conversion to Data object ended in 139.69621109962463s.
Iteration: 027	Loss: 0.0597	Acc: 0.9798	Validation Acc: 0.9796	Validation Loss: 0.0610	Cumulative # of training samples: 1.35e+08	. Saving model... Model successfully saved in d3_d_t_5_rep_epoch27
Sampling with factor=0 ended in 15.581988334655762s. Conversion to Data object ended in 139.55156421661377s.
Iteration: 028	Loss: 0.0591	Acc: 0.9800	Validation Acc: 0.9798	Validation Loss: 0.0610	Cumulative # of training samples: 1.40e+08	. Saving model... Model successfully saved in d3_d_t_5_rep_epoch28
Sampling with factor=0 ended in 15.472627401351929s. Conversion to Data object ended in 139.32917594909668s.
Iteration: 029	Loss: 0.0586	Acc: 0.9803	Validation Acc: 0.9795	Validation Loss: 0.0608	Cumulative # of training samples: 1.45e+08	. Saving model... Model successfully saved in d3_d_t_5_rep_epoch29
Sampling with factor=0 ended in 15.501838445663452s. Conversion to Data object ended in 139.71612572669983s.
Iteration: 030	Loss: 0.0583	Acc: 0.9804	Validation Acc: 0.9796	Validation Loss: 0.0608	Cumulative # of training samples: 1.50e+08	. Saving model... Model successfully saved in d3_d_t_5_rep_epoch30
Sampling with factor=0 ended in 15.7687246799469s. Conversion to Data object ended in 139.58236122131348s.
Iteration: 031	Loss: 0.0580	Acc: 0.9806	Validation Acc: 0.9796	Validation Loss: 0.0609	Cumulative # of training samples: 1.55e+08	. Saving model... Model successfully saved in d3_d_t_5_rep_epoch31
Sampling with factor=0 ended in 15.537548065185547s. Conversion to Data object ended in 138.96236371994019s.
Iteration: 032	Loss: 0.0581	Acc: 0.9806	Validation Acc: 0.9797	Validation Loss: 0.0600	Cumulative # of training samples: 1.60e+08	. Saving model... Model successfully saved in d3_d_t_5_rep_epoch32
Sampling with factor=0 ended in 15.606112480163574s. Conversion to Data object ended in 139.37361907958984s.
Iteration: 033	Loss: 0.0576	Acc: 0.9807	Validation Acc: 0.9806	Validation Loss: 0.0594	Cumulative # of training samples: 1.65e+08	. Saving model... Model successfully saved in d3_d_t_5_rep_epoch33
Sampling with factor=0 ended in 15.707576990127563s. Conversion to Data object ended in 139.31488156318665s.
Iteration: 034	Loss: 0.0575	Acc: 0.9808	Validation Acc: 0.9805	Validation Loss: 0.0592	Cumulative # of training samples: 1.70e+08	. Saving model... Model successfully saved in d3_d_t_5_rep_epoch34
Sampling with factor=0 ended in 15.767419338226318s. Conversion to Data object ended in 139.77909183502197s.
Iteration: 035	Loss: 0.0571	Acc: 0.9810	Validation Acc: 0.9799	Validation Loss: 0.0594	Cumulative # of training samples: 1.75e+08	. Saving model... Model successfully saved in d3_d_t_5_rep_epoch35
Sampling with factor=0 ended in 15.60653281211853s. Conversion to Data object ended in 139.94797134399414s.
Iteration: 036	Loss: 0.0567	Acc: 0.9812	Validation Acc: 0.9804	Validation Loss: 0.0587	Cumulative # of training samples: 1.80e+08	. Saving model... Model successfully saved in d3_d_t_5_rep_epoch36
Sampling with factor=0 ended in 15.502098321914673s. Conversion to Data object ended in 139.28961610794067s.
Iteration: 037	Loss: 0.0563	Acc: 0.9813	Validation Acc: 0.9801	Validation Loss: 0.0584	Cumulative # of training samples: 1.85e+08	. Saving model... Model successfully saved in d3_d_t_5_rep_epoch37
Sampling with factor=0 ended in 15.544939279556274s. Conversion to Data object ended in 139.7031557559967s.
Iteration: 038	Loss: 0.0560	Acc: 0.9815	Validation Acc: 0.9805	Validation Loss: 0.0583	Cumulative # of training samples: 1.90e+08	. Saving model... Model successfully saved in d3_d_t_5_rep_epoch38
Sampling with factor=0 ended in 15.615917682647705s. Conversion to Data object ended in 139.60680413246155s.
Iteration: 039	Loss: 0.0558	Acc: 0.9815	Validation Acc: 0.9804	Validation Loss: 0.0588	Cumulative # of training samples: 1.95e+08	. Saving model... Model successfully saved in d3_d_t_5_rep_epoch39
Sampling with factor=0 ended in 15.510292530059814s. Conversion to Data object ended in 139.51527881622314s.
Iteration: 040	Loss: 0.0557	Acc: 0.9815	Validation Acc: 0.9809	Validation Loss: 0.0579	Cumulative # of training samples: 2.00e+08	. Saving model... Model successfully saved in d3_d_t_5_rep_epoch40
Sampling with factor=0 ended in 15.475334882736206s. Conversion to Data object ended in 140.01068878173828s.
Iteration: 041	Loss: 0.0555	Acc: 0.9816	Validation Acc: 0.9805	Validation Loss: 0.0582	Cumulative # of training samples: 2.05e+08	. Saving model... Model successfully saved in d3_d_t_5_rep_epoch41
Sampling with factor=0 ended in 15.501296758651733s. Conversion to Data object ended in 139.99215364456177s.
Iteration: 042	Loss: 0.0553	Acc: 0.9817	Validation Acc: 0.9809	Validation Loss: 0.0578	Cumulative # of training samples: 2.10e+08	. Saving model... Model successfully saved in d3_d_t_5_rep_epoch42
Sampling with factor=0 ended in 15.479247093200684s. Conversion to Data object ended in 139.54973483085632s.
Iteration: 043	Loss: 0.0550	Acc: 0.9818	Validation Acc: 0.9812	Validation Loss: 0.0576	Cumulative # of training samples: 2.15e+08	. Saving model... Model successfully saved in d3_d_t_5_rep_epoch43
Sampling with factor=0 ended in 15.510432720184326s. Conversion to Data object ended in 140.078195810318s.
Iteration: 044	Loss: 0.0550	Acc: 0.9818	Validation Acc: 0.9812	Validation Loss: 0.0573	Cumulative # of training samples: 2.20e+08	. Saving model... Model successfully saved in d3_d_t_5_rep_epoch44
Sampling with factor=0 ended in 15.406166791915894s. Conversion to Data object ended in 140.39982962608337s.
Iteration: 045	Loss: 0.0548	Acc: 0.9819	Validation Acc: 0.9808	Validation Loss: 0.0583	Cumulative # of training samples: 2.25e+08	. Saving model... Model successfully saved in d3_d_t_5_rep_epoch45
Sampling with factor=0 ended in 15.47422981262207s. Conversion to Data object ended in 139.8850703239441s.
Iteration: 046	Loss: 0.0546	Acc: 0.9819	Validation Acc: 0.9813	Validation Loss: 0.0570	Cumulative # of training samples: 2.30e+08	. Saving model... Model successfully saved in d3_d_t_5_rep_epoch46
Sampling with factor=0 ended in 15.46519422531128s. Conversion to Data object ended in 139.8543770313263s.
Iteration: 047	Loss: 0.0545	Acc: 0.9820	Validation Acc: 0.9814	Validation Loss: 0.0566	Cumulative # of training samples: 2.35e+08	. Saving model... Model successfully saved in d3_d_t_5_rep_epoch47
Sampling with factor=0 ended in 15.509705066680908s. Conversion to Data object ended in 140.01633548736572s.
Iteration: 048	Loss: 0.0542	Acc: 0.9821	Validation Acc: 0.9808	Validation Loss: 0.0575	Cumulative # of training samples: 2.40e+08	. Saving model... Model successfully saved in d3_d_t_5_rep_epoch48
Sampling with factor=0 ended in 15.54760217666626s. Conversion to Data object ended in 139.5997097492218s.
Iteration: 049	Loss: 0.0540	Acc: 0.9822	Validation Acc: 0.9815	Validation Loss: 0.0567	Cumulative # of training samples: 2.45e+08	. Saving model... Model successfully saved in d3_d_t_5_rep_epoch49
Sampling with factor=0 ended in 15.610390663146973s. Conversion to Data object ended in 139.658127784729s.
Iteration: 050	Loss: 0.0539	Acc: 0.9822	Validation Acc: 0.9810	Validation Loss: 0.0575	Cumulative # of training samples: 2.50e+08	. Saving model... Model successfully saved in d3_d_t_5_rep_epoch50
Sampling with factor=0 ended in 15.635634899139404s. Conversion to Data object ended in 139.5998866558075s.
Iteration: 051	Loss: 0.0539	Acc: 0.9823	Validation Acc: 0.9815	Validation Loss: 0.0567	Cumulative # of training samples: 2.55e+08	. Saving model... Model successfully saved in d3_d_t_5_rep_epoch51
Sampling with factor=0 ended in 15.635120630264282s. Conversion to Data object ended in 139.16753792762756s.
Iteration: 052	Loss: 0.0536	Acc: 0.9824	Validation Acc: 0.9813	Validation Loss: 0.0569	Cumulative # of training samples: 2.60e+08	. Saving model... Model successfully saved in d3_d_t_5_rep_epoch52
Sampling with factor=0 ended in 15.575651168823242s. Conversion to Data object ended in 139.9102873802185s.
Iteration: 053	Loss: 0.0536	Acc: 0.9823	Validation Acc: 0.9814	Validation Loss: 0.0572	Cumulative # of training samples: 2.65e+08	. Saving model... Model successfully saved in d3_d_t_5_rep_epoch53
Sampling with factor=0 ended in 15.68658709526062s. Conversion to Data object ended in 139.757958650589s.
Iteration: 054	Loss: 0.0534	Acc: 0.9824	Validation Acc: 0.9814	Validation Loss: 0.0562	Cumulative # of training samples: 2.70e+08	. Saving model... Model successfully saved in d3_d_t_5_rep_epoch54
Sampling with factor=0 ended in 15.621057271957397s. Conversion to Data object ended in 139.4467077255249s.
Iteration: 055	Loss: 0.0534	Acc: 0.9825	Validation Acc: 0.9818	Validation Loss: 0.0562	Cumulative # of training samples: 2.75e+08	. Saving model... Model successfully saved in d3_d_t_5_rep_epoch55
Sampling with factor=0 ended in 15.59249997138977s. Conversion to Data object ended in 139.2991979122162s.
Iteration: 056	Loss: 0.0533	Acc: 0.9825	Validation Acc: 0.9816	Validation Loss: 0.0570	Cumulative # of training samples: 2.80e+08	. Saving model... Model successfully saved in d3_d_t_5_rep_epoch56
Sampling with factor=0 ended in 15.451975107192993s. Conversion to Data object ended in 140.15000677108765s.
Iteration: 057	Loss: 0.0532	Acc: 0.9826	Validation Acc: 0.9813	Validation Loss: 0.0562	Cumulative # of training samples: 2.85e+08	. Saving model... Model successfully saved in d3_d_t_5_rep_epoch57
Sampling with factor=0 ended in 15.538739681243896s. Conversion to Data object ended in 139.10651183128357s.
Iteration: 058	Loss: 0.0530	Acc: 0.9827	Validation Acc: 0.9818	Validation Loss: 0.0559	Cumulative # of training samples: 2.90e+08	. Saving model... Model successfully saved in d3_d_t_5_rep_epoch58
Sampling with factor=0 ended in 15.53203558921814s. Conversion to Data object ended in 140.05372142791748s.
Iteration: 059	Loss: 0.0528	Acc: 0.9828	Validation Acc: 0.9822	Validation Loss: 0.0553	Cumulative # of training samples: 2.95e+08	. Saving model... Model successfully saved in d3_d_t_5_rep_epoch59
Sampling with factor=0 ended in 15.541717290878296s. Conversion to Data object ended in 141.31076908111572s.
Iteration: 060	Loss: 0.0528	Acc: 0.9828	Validation Acc: 0.9817	Validation Loss: 0.0563	Cumulative # of training samples: 3.00e+08	. Saving model... Model successfully saved in d3_d_t_5_rep_epoch60
Sampling with factor=0 ended in 15.437057495117188s. Conversion to Data object ended in 139.15210366249084s.
Iteration: 061	Loss: 0.0527	Acc: 0.9828	Validation Acc: 0.9819	Validation Loss: 0.0557	Cumulative # of training samples: 3.05e+08	. Saving model... Model successfully saved in d3_d_t_5_rep_epoch61
Sampling with factor=0 ended in 15.526154518127441s. Conversion to Data object ended in 140.26811933517456s.
Iteration: 062	Loss: 0.0526	Acc: 0.9828	Validation Acc: 0.9820	Validation Loss: 0.0555	Cumulative # of training samples: 3.10e+08	. Saving model... Model successfully saved in d3_d_t_5_rep_epoch62
Sampling with factor=0 ended in 15.549123048782349s. Conversion to Data object ended in 140.51367783546448s.
Iteration: 063	Loss: 0.0525	Acc: 0.9829	Validation Acc: 0.9819	Validation Loss: 0.0554	Cumulative # of training samples: 3.15e+08	. Saving model... Model successfully saved in d3_d_t_5_rep_epoch63
Sampling with factor=0 ended in 15.443043947219849s. Conversion to Data object ended in 140.53283143043518s.
Iteration: 064	Loss: 0.0525	Acc: 0.9829	Validation Acc: 0.9819	Validation Loss: 0.0553	Cumulative # of training samples: 3.20e+08	. Saving model... Model successfully saved in d3_d_t_5_rep_epoch64
Sampling with factor=0 ended in 15.520410299301147s. Conversion to Data object ended in 139.74094128608704s.
Iteration: 065	Loss: 0.0525	Acc: 0.9828	Validation Acc: 0.9823	Validation Loss: 0.0546	Cumulative # of training samples: 3.25e+08	. Saving model... Model successfully saved in d3_d_t_5_rep_epoch65
Sampling with factor=0 ended in 15.567602157592773s. Conversion to Data object ended in 140.045401096344s.
Iteration: 066	Loss: 0.0526	Acc: 0.9828	Validation Acc: 0.9818	Validation Loss: 0.0550	Cumulative # of training samples: 3.30e+08	. Saving model... Model successfully saved in d3_d_t_5_rep_epoch66
Sampling with factor=0 ended in 15.544269561767578s. Conversion to Data object ended in 140.21280145645142s.
Iteration: 067	Loss: 0.0525	Acc: 0.9828	Validation Acc: 0.9823	Validation Loss: 0.0550	Cumulative # of training samples: 3.35e+08	. Saving model... Model successfully saved in d3_d_t_5_rep_epoch67
Sampling with factor=0 ended in 15.470920085906982s. Conversion to Data object ended in 139.544930934906s.
Iteration: 068	Loss: 0.0525	Acc: 0.9829	Validation Acc: 0.9817	Validation Loss: 0.0557	Cumulative # of training samples: 3.40e+08	. Saving model... Model successfully saved in d3_d_t_5_rep_epoch68
Sampling with factor=0 ended in 15.422149658203125s. Conversion to Data object ended in 139.3077163696289s.
Iteration: 069	Loss: 0.0524	Acc: 0.9829	Validation Acc: 0.9822	Validation Loss: 0.0549	Cumulative # of training samples: 3.45e+08	. Saving model... Model successfully saved in d3_d_t_5_rep_epoch69
Sampling with factor=0 ended in 15.406307458877563s. Conversion to Data object ended in 140.4887146949768s.
Iteration: 070	Loss: 0.0522	Acc: 0.9830	Validation Acc: 0.9820	Validation Loss: 0.0551	Cumulative # of training samples: 3.50e+08	. Saving model... Model successfully saved in d3_d_t_5_rep_epoch70
Sampling with factor=0 ended in 15.469111204147339s. Conversion to Data object ended in 139.52953553199768s.
Iteration: 071	Loss: 0.0521	Acc: 0.9830	Validation Acc: 0.9819	Validation Loss: 0.0556	Cumulative # of training samples: 3.55e+08	. Saving model... Model successfully saved in d3_d_t_5_rep_epoch71
Sampling with factor=0 ended in 15.471728324890137s. Conversion to Data object ended in 139.78142380714417s.
Iteration: 072	Loss: 0.0523	Acc: 0.9830	Validation Acc: 0.9819	Validation Loss: 0.0552	Cumulative # of training samples: 3.60e+08	. Saving model... Model successfully saved in d3_d_t_5_rep_epoch72
Sampling with factor=0 ended in 15.479074001312256s. Conversion to Data object ended in 138.97518110275269s.
Iteration: 073	Loss: 0.0520	Acc: 0.9831	Validation Acc: 0.9822	Validation Loss: 0.0550	Cumulative # of training samples: 3.65e+08	. Saving model... Model successfully saved in d3_d_t_5_rep_epoch73
Sampling with factor=0 ended in 15.599252462387085s. Conversion to Data object ended in 139.55423974990845s.
Iteration: 074	Loss: 0.0519	Acc: 0.9830	Validation Acc: 0.9821	Validation Loss: 0.0548	Cumulative # of training samples: 3.70e+08	. Saving model... Model successfully saved in d3_d_t_5_rep_epoch74
Sampling with factor=0 ended in 15.623085021972656s. Conversion to Data object ended in 139.75666761398315s.
Iteration: 075	Loss: 0.0518	Acc: 0.9831	Validation Acc: 0.9822	Validation Loss: 0.0554	Cumulative # of training samples: 3.75e+08	. Saving model... Model successfully saved in d3_d_t_5_rep_epoch75
Sampling with factor=0 ended in 15.643527030944824s. Conversion to Data object ended in 139.40363073349s.
Iteration: 076	Loss: 0.0515	Acc: 0.9832	Validation Acc: 0.9821	Validation Loss: 0.0552	Cumulative # of training samples: 3.80e+08	. Saving model... Model successfully saved in d3_d_t_5_rep_epoch76
Sampling with factor=0 ended in 15.643862247467041s. Conversion to Data object ended in 139.01708722114563s.
Iteration: 077	Loss: 0.0514	Acc: 0.9833	Validation Acc: 0.9822	Validation Loss: 0.0550	Cumulative # of training samples: 3.85e+08	. Saving model... Model successfully saved in d3_d_t_5_rep_epoch77
Sampling with factor=0 ended in 15.490089654922485s. Conversion to Data object ended in 139.43890833854675s.
Iteration: 078	Loss: 0.0513	Acc: 0.9833	Validation Acc: 0.9820	Validation Loss: 0.0552	Cumulative # of training samples: 3.90e+08	. Saving model... Model successfully saved in d3_d_t_5_rep_epoch78
Sampling with factor=0 ended in 15.507835149765015s. Conversion to Data object ended in 139.76146340370178s.
Iteration: 079	Loss: 0.0514	Acc: 0.9833	Validation Acc: 0.9823	Validation Loss: 0.0546	Cumulative # of training samples: 3.95e+08	. Saving model... Model successfully saved in d3_d_t_5_rep_epoch79
Sampling with factor=0 ended in 15.404600381851196s. Conversion to Data object ended in 139.84395742416382s.
Iteration: 080	Loss: 0.0514	Acc: 0.9832	Validation Acc: 0.9820	Validation Loss: 0.0549	Cumulative # of training samples: 4.00e+08	. Saving model... Model successfully saved in d3_d_t_5_rep_epoch80
Sampling with factor=0 ended in 15.424862146377563s. Conversion to Data object ended in 139.83236002922058s.
Iteration: 081	Loss: 0.0514	Acc: 0.9833	Validation Acc: 0.9827	Validation Loss: 0.0550	Cumulative # of training samples: 4.05e+08	. Saving model... Model successfully saved in d3_d_t_5_rep_epoch81
Sampling with factor=0 ended in 15.499602317810059s. Conversion to Data object ended in 140.2961642742157s.
Iteration: 082	Loss: 0.0514	Acc: 0.9833	Validation Acc: 0.9826	Validation Loss: 0.0551	Cumulative # of training samples: 4.10e+08	. Saving model... Model successfully saved in d3_d_t_5_rep_epoch82
Sampling with factor=0 ended in 15.512632131576538s. Conversion to Data object ended in 140.3773353099823s.
Iteration: 083	Loss: 0.0521	Acc: 0.9831	Validation Acc: 0.9826	Validation Loss: 0.0546	Cumulative # of training samples: 4.15e+08	. Saving model... Model successfully saved in d3_d_t_5_rep_epoch83
Sampling with factor=0 ended in 15.567923069000244s. Conversion to Data object ended in 139.4919934272766s.
Iteration: 084	Loss: 0.0516	Acc: 0.9832	Validation Acc: 0.9824	Validation Loss: 0.0543	Cumulative # of training samples: 4.20e+08	. Saving model... Model successfully saved in d3_d_t_5_rep_epoch84
Sampling with factor=0 ended in 15.612965822219849s. Conversion to Data object ended in 139.63712000846863s.
Iteration: 085	Loss: 0.0518	Acc: 0.9832	Validation Acc: 0.9823	Validation Loss: 0.0544	Cumulative # of training samples: 4.25e+08	. Saving model... Model successfully saved in d3_d_t_5_rep_epoch85
Sampling with factor=0 ended in 15.502894163131714s. Conversion to Data object ended in 140.19804573059082s.
Iteration: 086	Loss: 0.0515	Acc: 0.9833	Validation Acc: 0.9824	Validation Loss: 0.0544	Cumulative # of training samples: 4.30e+08	. Saving model... Model successfully saved in d3_d_t_5_rep_epoch86
Sampling with factor=0 ended in 15.505670547485352s. Conversion to Data object ended in 139.61877751350403s.
Iteration: 087	Loss: 0.0513	Acc: 0.9834	Validation Acc: 0.9821	Validation Loss: 0.0544	Cumulative # of training samples: 4.35e+08	. Saving model... Model successfully saved in d3_d_t_5_rep_epoch87
Sampling with factor=0 ended in 15.515255689620972s. Conversion to Data object ended in 140.20212054252625s.
Iteration: 088	Loss: 0.0514	Acc: 0.9833	Validation Acc: 0.9829	Validation Loss: 0.0542	Cumulative # of training samples: 4.40e+08	. Saving model... Model successfully saved in d3_d_t_5_rep_epoch88
Sampling with factor=0 ended in 15.450433015823364s. Conversion to Data object ended in 140.6146912574768s.
Iteration: 089	Loss: 0.0512	Acc: 0.9834	Validation Acc: 0.9821	Validation Loss: 0.0548	Cumulative # of training samples: 4.45e+08	. Saving model... Model successfully saved in d3_d_t_5_rep_epoch89
Sampling with factor=0 ended in 15.57609224319458s. Conversion to Data object ended in 140.80254983901978s.
Iteration: 090	Loss: 0.0513	Acc: 0.9834	Validation Acc: 0.9820	Validation Loss: 0.0546	Cumulative # of training samples: 4.50e+08	. Saving model... Model successfully saved in d3_d_t_5_rep_epoch90
Sampling with factor=0 ended in 15.538084745407104s. Conversion to Data object ended in 140.5220923423767s.
Iteration: 091	Loss: 0.0514	Acc: 0.9833	Validation Acc: 0.9825	Validation Loss: 0.0541	Cumulative # of training samples: 4.55e+08	. Saving model... Model successfully saved in d3_d_t_5_rep_epoch91
Sampling with factor=0 ended in 15.547626495361328s. Conversion to Data object ended in 140.46170115470886s.
Iteration: 092	Loss: 0.0519	Acc: 0.9832	Validation Acc: 0.9826	Validation Loss: 0.0542	Cumulative # of training samples: 4.60e+08	. Saving model... Model successfully saved in d3_d_t_5_rep_epoch92
Sampling with factor=0 ended in 15.494546175003052s. Conversion to Data object ended in 139.60580611228943s.
Iteration: 093	Loss: 0.0512	Acc: 0.9834	Validation Acc: 0.9824	Validation Loss: 0.0541	Cumulative # of training samples: 4.65e+08	. Saving model... Model successfully saved in d3_d_t_5_rep_epoch93
Sampling with factor=0 ended in 15.464229822158813s. Conversion to Data object ended in 139.9294731616974s.
Iteration: 094	Loss: 0.0512	Acc: 0.9834	Validation Acc: 0.9828	Validation Loss: 0.0539	Cumulative # of training samples: 4.70e+08	. Saving model... Model successfully saved in d3_d_t_5_rep_epoch94
Sampling with factor=0 ended in 15.488590955734253s. Conversion to Data object ended in 139.99233150482178s.
Iteration: 095	Loss: 0.0509	Acc: 0.9834	Validation Acc: 0.9824	Validation Loss: 0.0545	Cumulative # of training samples: 4.75e+08	. Saving model... Model successfully saved in d3_d_t_5_rep_epoch95
Sampling with factor=0 ended in 15.494959115982056s. Conversion to Data object ended in 139.80176210403442s.
Iteration: 096	Loss: 0.0508	Acc: 0.9835	Validation Acc: 0.9827	Validation Loss: 0.0538	Cumulative # of training samples: 4.80e+08	. Saving model... Model successfully saved in d3_d_t_5_rep_epoch96
Sampling with factor=0 ended in 15.39642333984375s. Conversion to Data object ended in 139.60669589042664s.
Iteration: 097	Loss: 0.0507	Acc: 0.9836	Validation Acc: 0.9823	Validation Loss: 0.0540	Cumulative # of training samples: 4.85e+08	. Saving model... Model successfully saved in d3_d_t_5_rep_epoch97
Sampling with factor=0 ended in 15.476896047592163s. Conversion to Data object ended in 140.2217206954956s.
Iteration: 098	Loss: 0.0507	Acc: 0.9836	Validation Acc: 0.9823	Validation Loss: 0.0543	Cumulative # of training samples: 4.90e+08	. Saving model... Model successfully saved in d3_d_t_5_rep_epoch98
Sampling with factor=0 ended in 15.466878652572632s. Conversion to Data object ended in 140.24160718917847s.
Iteration: 099	Loss: 0.0506	Acc: 0.9836	Validation Acc: 0.9822	Validation Loss: 0.0541	Cumulative # of training samples: 4.95e+08	. Saving model... Model successfully saved in d3_d_t_5_rep_epoch99
Sampling with factor=0 ended in 15.591291666030884s. Conversion to Data object ended in 139.510151386261s.
Iteration: 100	Loss: 0.0506	Acc: 0.9836	Validation Acc: 0.9827	Validation Loss: 0.0543	Cumulative # of training samples: 5.00e+08	. Saving model... Model successfully saved in d3_d_t_5_rep_epoch100
Completed all training iterations!
Saving final model and history to file.

==== BENCHMARKING ====
Training setup: 0.0010987147688865662
Sampling and Graphing: 24582.55476405006
Fitting: 32916.843723023776
	Sum: 57499.399585788604

==== TESTING ====
******************************
len(test_data)=233 (refers to a single error rate)
******************************
non-trivial syndromes: 233, trivial syndromes: 767
correct, non-trivial predictions: 231
Test accuracy: 0.998, Error rate: 0.001
******************************
len(test_data)=440 (refers to a single error rate)
******************************
non-trivial syndromes: 440, trivial syndromes: 560
correct, non-trivial predictions: 436
Test accuracy: 0.996, Error rate: 0.002
******************************
len(test_data)=563 (refers to a single error rate)
******************************
non-trivial syndromes: 563, trivial syndromes: 437
correct, non-trivial predictions: 555
Test accuracy: 0.992, Error rate: 0.003
******************************
len(test_data)=672 (refers to a single error rate)
******************************
non-trivial syndromes: 672, trivial syndromes: 328
correct, non-trivial predictions: 652
Test accuracy: 0.98, Error rate: 0.004
******************************
len(test_data)=759 (refers to a single error rate)
******************************
non-trivial syndromes: 759, trivial syndromes: 241
correct, non-trivial predictions: 736
Test accuracy: 0.977, Error rate: 0.005
